  Using 'git status' to determine working set for adaptive non-unity build (G:\UnrealGames\Ophiuchus).
  Parsing headers for OphiuchusEditor
    Running UnrealHeaderTool "G:\UnrealGames\Ophiuchus\Ophiuchus.uproject" "G:\UnrealGames\Ophiuchus\Intermediate\Build\Win64\OphiuchusEditor\Development\OphiuchusEditor.uhtmanifest" -LogCmds="loginit warning, logexit warning, logdatabase error" -Unattended -WarningsAsErrors -abslog="C:\Users\Samuel Bunker\AppData\Local\UnrealBuildTool\Log_UHT.txt" -installed
  LogInit: Display: Loading text-based GConfig....
  Reflection code generated for OphiuchusEditor in 3.7290947 seconds
  Building OphiuchusEditor...
  Using Visual Studio 2019 14.29.30136 toolchain (C:\Program Files (x86)\Microsoft Visual Studio\2019\Community\VC\Tools\MSVC\14.29.30133) and Windows 10.0.19041.0 SDK (C:\Program Files (x86)\Windows Kits\10).
  Building 12 actions with 8 processes...
    [1/12] Ophiuchus.init.gen.cpp
    [2/12] EnemySpawn.cpp
    [3/12] Enemy.cpp
    [4/12] Enemy.gen.cpp
    [5/12] EnemySpawn.gen.cpp
    [6/12] OphiuchusGameStateBase.cpp
    [7/12] OphiuchusGameModeBase.gen.cpp
    [8/12] OphiuchusGameModeBase.cpp
    [9/12] OphiuchusGameStateBase.gen.cpp
    [10/12] UE4Editor-Ophiuchus-0022.lib
       Creating library G:\UnrealGames\Ophiuchus\Intermediate\Build\Win64\UE4Editor\Development\Ophiuchus\UE4Editor-Ophiuchus-0022.lib and object G:\UnrealGames\Ophiuchus\Intermediate\Build\Win64\UE4Editor\Development\Ophiuchus\UE4Editor-Ophiuchus-0022.exp
    [11/12] UE4Editor-Ophiuchus-0022.dll
       Creating library G:\UnrealGames\Ophiuchus\Intermediate\Build\Win64\UE4Editor\Development\Ophiuchus\UE4Editor-Ophiuchus-0022.suppressed.lib and object G:\UnrealGames\Ophiuchus\Intermediate\Build\Win64\UE4Editor\Development\Ophiuchus\UE4Editor-Ophiuchus-0022.suppressed.exp
    [12/12] OphiuchusEditor.target
  Total time in Parallel executor: 6.63 seconds
  Total execution time: 11.15 seconds
