Log file open, 02/26/22 23:12:00
LogWindows: Failed to load 'aqProf.dll' (GetLastError=126)
LogWindows: File 'aqProf.dll' does not exist
LogWindows: Failed to load 'VtuneApi.dll' (GetLastError=126)
LogWindows: File 'VtuneApi.dll' does not exist
LogWindows: Failed to load 'VtuneApi32e.dll' (GetLastError=126)
LogWindows: File 'VtuneApi32e.dll' does not exist
LogConsoleResponse: Display: Failed to find resolution value strings in scalability ini. Falling back to default.
LogConsoleResponse: Display: Failed to find resolution value strings in scalability ini. Falling back to default.
LogInit: Display: Running engine for game: Ophiuchus
LogPlatformFile: Not using cached read wrapper
LogTaskGraph: Started task graph with 5 named threads and 23 total threads with 3 sets of task threads.
LogStats: Stats thread started at 1.459580
LogICUInternationalization: ICU TimeZone Detection - Raw Offset: -5:00, Platform Override: ''
LogInit: Display: Loading text-based GConfig....
LogPluginManager: Mounting plugin MeshPainting
LogPluginManager: Mounting plugin XGEController
LogPluginManager: Mounting plugin Paper2D
LogPluginManager: Mounting plugin AISupport
LogPluginManager: Mounting plugin EnvironmentQueryEditor
LogPluginManager: Mounting plugin LiveLink
LogPluginManager: Mounting plugin CameraShakePreviewer
LogPluginManager: Mounting plugin LightPropagationVolume
LogPluginManager: Mounting plugin GameplayCameras
LogPluginManager: Mounting plugin OodleData
LogPluginManager: Mounting plugin OodleNetwork
LogPluginManager: Mounting plugin AnimationSharing
LogPluginManager: Mounting plugin CLionSourceCodeAccess
LogPluginManager: Mounting plugin CodeLiteSourceCodeAccess
LogPluginManager: Mounting plugin GitSourceControl
LogPluginManager: Mounting plugin KDevelopSourceCodeAccess
LogPluginManager: Mounting plugin NullSourceCodeAccess
LogPluginManager: Mounting plugin PerforceSourceControl
LogPluginManager: Mounting plugin PixWinPlugin
LogPluginManager: Mounting plugin PluginUtils
LogPluginManager: Mounting plugin PlasticSourceControl
LogPluginManager: Mounting plugin PropertyAccessNode
LogPluginManager: Mounting plugin RiderSourceCodeAccess
LogPluginManager: Mounting plugin SubversionSourceControl
LogPluginManager: Mounting plugin TextureFormatOodle
LogPluginManager: Mounting plugin AssetManagerEditor
LogPluginManager: Mounting plugin VisualStudioCodeSourceCodeAccess
LogPluginManager: Mounting plugin UObjectPlugin
LogPluginManager: Mounting plugin VisualStudioSourceCodeAccess
LogPluginManager: Mounting plugin XCodeSourceCodeAccess
LogPluginManager: Mounting plugin CurveEditorTools
LogPluginManager: Mounting plugin CryptoKeys
LogPluginManager: Mounting plugin DataValidation
LogPluginManager: Mounting plugin FacialAnimation
LogPluginManager: Mounting plugin GeometryMode
LogPluginManager: Mounting plugin GameplayTagsEditor
LogPluginManager: Mounting plugin MacGraphicsSwitching
LogPluginManager: Mounting plugin MaterialAnalyzer
LogPluginManager: Mounting plugin MobileLauncherProfileWizard
LogPluginManager: Mounting plugin PluginBrowser
LogPluginManager: Mounting plugin SpeedTreeImporter
LogPluginManager: Mounting plugin DatasmithContent
LogPluginManager: Mounting plugin VariantManagerContent
LogPluginManager: Mounting plugin Niagara
LogPluginManager: Mounting plugin AlembicImporter
LogPluginManager: Mounting plugin AutomationUtils
LogPluginManager: Mounting plugin BackChannel
LogPluginManager: Mounting plugin ChaosCloth
LogPluginManager: Mounting plugin ChaosClothEditor
LogPluginManager: Mounting plugin ChaosNiagara
LogPluginManager: Mounting plugin ChaosEditor
LogPluginManager: Mounting plugin ChaosSolverPlugin
LogPluginManager: Mounting plugin CharacterAI
LogPluginManager: Mounting plugin GeometryCache
LogPluginManager: Mounting plugin GeometryCollectionPlugin
LogPluginManager: Mounting plugin GeometryProcessing
LogPluginManager: Mounting plugin MotoSynth
LogPluginManager: Mounting plugin OpenImageDenoise
LogPluginManager: Mounting plugin PlanarCut
LogPluginManager: Mounting plugin PlatformCrypto
LogPluginManager: Mounting plugin ProxyLODPlugin
LogPluginManager: Mounting plugin PythonScriptPlugin
LogPluginManager: Mounting plugin SkeletalReduction
LogPluginManager: Mounting plugin LuminPlatformFeatures
LogPluginManager: Mounting plugin MagicLeap
LogPluginManager: Mounting plugin MagicLeapLightEstimation
LogPluginManager: Mounting plugin MagicLeapMedia
LogPluginManager: Mounting plugin MagicLeapPassableWorld
LogPluginManager: Mounting plugin MLSDK
LogPluginManager: Mounting plugin AndroidMedia
LogPluginManager: Mounting plugin AvfMedia
LogPluginManager: Mounting plugin ImgMedia
LogPluginManager: Mounting plugin MediaCompositing
LogPluginManager: Mounting plugin MediaPlayerEditor
LogPluginManager: Mounting plugin WebMMedia
LogPluginManager: Mounting plugin WmfMedia
LogPluginManager: Mounting plugin TcpMessaging
LogPluginManager: Mounting plugin UdpMessaging
LogPluginManager: Mounting plugin ActorSequence
LogPluginManager: Mounting plugin LevelSequenceEditor
LogPluginManager: Mounting plugin MatineeToLevelSequence
LogPluginManager: Mounting plugin TemplateSequence
LogPluginManager: Mounting plugin OnlineSubsystem
LogPluginManager: Mounting plugin OnlineSubsystemNull
LogPluginManager: Mounting plugin OnlineSubsystemUtils
LogPluginManager: Mounting plugin LauncherChunkInstaller
LogPluginManager: Mounting plugin ActorLayerUtilities
LogPluginManager: Mounting plugin AndroidDeviceProfileSelector
LogPluginManager: Mounting plugin AndroidMoviePlayer
LogPluginManager: Mounting plugin AndroidPermission
LogPluginManager: Mounting plugin AppleImageUtils
LogPluginManager: Mounting plugin AppleMoviePlayer
LogPluginManager: Mounting plugin ArchVisCharacter
LogPluginManager: Mounting plugin AssetTags
LogPluginManager: Mounting plugin AudioCapture
LogPluginManager: Mounting plugin AudioSynesthesia
LogPluginManager: Mounting plugin CableComponent
LogPluginManager: Mounting plugin ChunkDownloader
LogPluginManager: Mounting plugin CustomMeshComponent
LogPluginManager: Mounting plugin EditableMesh
LogPluginManager: Mounting plugin ExampleDeviceProfileSelector
LogPluginManager: Mounting plugin GoogleCloudMessaging
LogPluginManager: Mounting plugin GooglePAD
LogPluginManager: Mounting plugin IOSDeviceProfileSelector
LogPluginManager: Mounting plugin LocationServicesBPLibrary
LogPluginManager: Mounting plugin LinuxDeviceProfileSelector
LogPluginManager: Mounting plugin MobilePatchingUtils
LogPluginManager: Mounting plugin OpenXREyeTracker
LogPluginManager: Mounting plugin OpenXR
LogPluginManager: Mounting plugin OpenXRHandTracking
LogPluginManager: Mounting plugin PhysXVehicles
LogPluginManager: Mounting plugin PostSplashScreen
LogPluginManager: Mounting plugin ProceduralMeshComponent
LogPluginManager: Mounting plugin PropertyAccessEditor
LogPluginManager: Mounting plugin RuntimePhysXCooking
LogPluginManager: Mounting plugin SignificanceManager
LogPluginManager: Mounting plugin SoundFields
LogPluginManager: Mounting plugin Synthesis
LogPluginManager: Mounting plugin WebMMoviePlayer
LogPluginManager: Mounting plugin WindowsMoviePlayer
LogPluginManager: Mounting plugin ScreenshotTools
LogPluginManager: Mounting plugin Takes
LogPluginManager: Mounting plugin ContentBrowserAssetDataSource
LogPluginManager: Mounting plugin ContentBrowserFileDataSource
LogPluginManager: Mounting plugin ContentBrowserClassDataSource
LogPluginManager: Mounting plugin OnlineSubsystemGooglePlay
LogPluginManager: Mounting plugin OnlineSubsystemIOS
LogPluginManager: Mounting plugin OculusVR
LogPluginManager: Mounting plugin SteamVR
PixWinPlugin: PIX capture plugin failed to initialize! Check that the process is launched from PIX.
LogInit: Using libcurl 7.55.1-DEV
LogInit:  - built for x86_64-pc-win32
LogInit:  - supports SSL with OpenSSL/1.1.1
LogInit:  - supports HTTP deflate (compression) using libz 1.2.8
LogInit:  - other features:
LogInit:      CURL_VERSION_SSL
LogInit:      CURL_VERSION_LIBZ
LogInit:      CURL_VERSION_IPV6
LogInit:      CURL_VERSION_ASYNCHDNS
LogInit:      CURL_VERSION_LARGEFILE
LogInit:      CURL_VERSION_IDN
LogInit:  CurlRequestOptions (configurable via config and command line):
LogInit:  - bVerifyPeer = true  - Libcurl will verify peer certificate
LogInit:  - bUseHttpProxy = false  - Libcurl will NOT use HTTP proxy
LogInit:  - bDontReuseConnections = false  - Libcurl will reuse connections
LogInit:  - MaxHostConnections = 16  - Libcurl will limit the number of connections to a host
LogInit:  - LocalHostAddr = Default
LogInit:  - BufferSize = 65536
LogOnline: OSS: Creating online subsystem instance for: NULL
LogInit: WinSock: version 1.1 (2.2), MaxSocks=32767, MaxUdp=65467
LogOnline: OSS: TryLoadSubsystemAndSetDefault: Loaded subsystem for module [NULL]
LogOculusPluginWrapper: OculusPlugin initialized successfully
LogHMD: Failed initializing OVRPlugin 1.59.0
LogInit: Build: ++UE4+Release-4.27-CL-17735300
LogInit: Engine Version: 4.27.1-17735300+++UE4+Release-4.27
LogInit: Compatible Engine Version: 4.27.0-17155196+++UE4+Release-4.27
LogInit: Net CL: 17155196
LogInit: OS: Windows 10 (Release 2009) (), CPU: Intel(R) Core(TM) i7-7700HQ CPU @ 2.80GHz, GPU: NVIDIA GeForce GTX 1060
LogInit: Compiled (64-bit): Oct  6 2021 14:42:51
LogInit: Compiled with Visual C++: 19.24.28315.00
LogInit: Build Configuration: Development
LogInit: Branch Name: ++UE4+Release-4.27
LogInit: Command Line:  -skipcompile
LogInit: Base Directory: D:/IDE/UE_4.27/Engine/Binaries/Win64/
LogInit: Allocator: TBB
LogInit: Installed Engine Build: 1
LogDevObjectVersion: Number of dev versions registered: 29
LogDevObjectVersion:   Dev-Blueprints (B0D832E4-1F89-4F0D-ACCF-7EB736FD4AA2): 10
LogDevObjectVersion:   Dev-Build (E1C64328-A22C-4D53-A36C-8E866417BD8C): 0
LogDevObjectVersion:   Dev-Core (375EC13C-06E4-48FB-B500-84F0262A717E): 4
LogDevObjectVersion:   Dev-Editor (E4B068ED-F494-42E9-A231-DA0B2E46BB41): 40
LogDevObjectVersion:   Dev-Framework (CFFC743F-43B0-4480-9391-14DF171D2073): 37
LogDevObjectVersion:   Dev-Mobile (B02B49B5-BB20-44E9-A304-32B752E40360): 3
LogDevObjectVersion:   Dev-Networking (A4E4105C-59A1-49B5-A7C5-40C4547EDFEE): 0
LogDevObjectVersion:   Dev-Online (39C831C9-5AE6-47DC-9A44-9C173E1C8E7C): 0
LogDevObjectVersion:   Dev-Physics (78F01B33-EBEA-4F98-B9B4-84EACCB95AA2): 14
LogDevObjectVersion:   Dev-Platform (6631380F-2D4D-43E0-8009-CF276956A95A): 0
LogDevObjectVersion:   Dev-Rendering (12F88B9F-8875-4AFC-A67C-D90C383ABD29): 45
LogDevObjectVersion:   Dev-Sequencer (7B5AE74C-D270-4C10-A958-57980B212A5A): 13
LogDevObjectVersion:   Dev-VR (D7296918-1DD6-4BDD-9DE2-64A83CC13884): 3
LogDevObjectVersion:   Dev-LoadTimes (C2A15278-BFE7-4AFE-6C17-90FF531DF755): 1
LogDevObjectVersion:   Private-Geometry (6EACA3D4-40EC-4CC1-B786-8BED09428FC5): 3
LogDevObjectVersion:   Dev-AnimPhys (29E575DD-E0A3-4627-9D10-D276232CDCEA): 17
LogDevObjectVersion:   Dev-Anim (AF43A65D-7FD3-4947-9873-3E8ED9C1BB05): 15
LogDevObjectVersion:   Dev-ReflectionCapture (6B266CEC-1EC7-4B8F-A30B-E4D90942FC07): 1
LogDevObjectVersion:   Dev-Automation (0DF73D61-A23F-47EA-B727-89E90C41499A): 1
LogDevObjectVersion:   FortniteMain (601D1886-AC64-4F84-AA16-D3DE0DEAC7D6): 47
LogDevObjectVersion:   FortniteRelease (E7086368-6B23-4C58-8439-1B7016265E91): 1
LogDevObjectVersion:   Dev-Enterprise (9DFFBCD6-494F-0158-E221-12823C92A888): 10
LogDevObjectVersion:   Dev-Niagara (F2AED0AC-9AFE-416F-8664-AA7FFA26D6FC): 1
LogDevObjectVersion:   Dev-Destruction (174F1F0B-B4C6-45A5-B13F-2EE8D0FB917D): 10
LogDevObjectVersion:   Dev-Physics-Ext (35F94A83-E258-406C-A318-09F59610247C): 41
LogDevObjectVersion:   Dev-PhysicsMaterial-Chaos (B68FC16E-8B1B-42E2-B453-215C058844FE): 1
LogDevObjectVersion:   Dev-CineCamera (B2E18506-4273-CFC2-A54E-F4BB758BBA07): 1
LogDevObjectVersion:   Dev-VirtualProduction (64F58936-FD1B-42BA-BA96-7289D5D0FA4E): 1
LogDevObjectVersion:   Dev-MediaFramework (6F0ED827-A609-4895-9C91-998D90180EA4): 2
LogInit: Presizing for max 25165824 objects, including 0 objects not considered by GC, pre-allocating 0 bytes for permanent pool.
LogConfig: Applying CVar settings from Section [/Script/Engine.StreamingSettings] File [D:/Schoolwork/Capstone/2-Dimensional/Saved/Config/Windows/Engine.ini]
LogConfig: Setting CVar [[s.MinBulkDataSizeForAsyncLoading:131072]]
LogConfig: Setting CVar [[s.AsyncLoadingThreadEnabled:0]]
LogConfig: Setting CVar [[s.EventDrivenLoaderEnabled:1]]
LogConfig: Setting CVar [[s.WarnIfTimeLimitExceeded:0]]
LogConfig: Setting CVar [[s.TimeLimitExceededMultiplier:1.5]]
LogConfig: Setting CVar [[s.TimeLimitExceededMinTime:0.005]]
LogConfig: Setting CVar [[s.UseBackgroundLevelStreaming:1]]
LogConfig: Setting CVar [[s.PriorityAsyncLoadingExtraTime:15.0]]
LogConfig: Setting CVar [[s.LevelStreamingActorsUpdateTimeLimit:5.0]]
LogConfig: Setting CVar [[s.PriorityLevelStreamingActorsUpdateExtraTime:5.0]]
LogConfig: Setting CVar [[s.LevelStreamingComponentsRegistrationGranularity:10]]
LogConfig: Setting CVar [[s.UnregisterComponentsTimeLimit:1.0]]
LogConfig: Setting CVar [[s.LevelStreamingComponentsUnregistrationGranularity:5]]
LogConfig: Setting CVar [[s.FlushStreamingOnExit:1]]
LogInit: Object subsystem initialized
LogConfig: Setting CVar [[con.DebugEarlyDefault:1]]
LogConfig: Setting CVar [[r.setres:1280x720]]
[2022.02.27-04.12.04:547][  0]LogConfig: Setting CVar [[r.VSync:0]]
[2022.02.27-04.12.04:547][  0]LogConfig: Setting CVar [[r.RHICmdBypass:0]]
[2022.02.27-04.12.04:547][  0]LogConfig: Applying CVar settings from Section [/Script/Engine.RendererSettings] File [D:/Schoolwork/Capstone/2-Dimensional/Saved/Config/Windows/Engine.ini]
[2022.02.27-04.12.04:547][  0]LogConfig: Setting CVar [[r.GPUCrashDebugging:0]]
[2022.02.27-04.12.04:547][  0]LogConfig: Applying CVar settings from Section [/Script/Engine.RendererOverrideSettings] File [D:/Schoolwork/Capstone/2-Dimensional/Saved/Config/Windows/Engine.ini]
[2022.02.27-04.12.04:547][  0]LogConfig: Applying CVar settings from Section [/Script/Engine.StreamingSettings] File [D:/Schoolwork/Capstone/2-Dimensional/Saved/Config/Windows/Engine.ini]
[2022.02.27-04.12.04:547][  0]LogConfig: Setting CVar [[s.MinBulkDataSizeForAsyncLoading:131072]]
[2022.02.27-04.12.04:548][  0]LogConfig: Setting CVar [[s.AsyncLoadingThreadEnabled:0]]
[2022.02.27-04.12.04:548][  0]LogConfig: Setting CVar [[s.EventDrivenLoaderEnabled:1]]
[2022.02.27-04.12.04:548][  0]LogConfig: Setting CVar [[s.WarnIfTimeLimitExceeded:0]]
[2022.02.27-04.12.04:548][  0]LogConfig: Setting CVar [[s.TimeLimitExceededMultiplier:1.5]]
[2022.02.27-04.12.04:548][  0]LogConfig: Setting CVar [[s.TimeLimitExceededMinTime:0.005]]
[2022.02.27-04.12.04:548][  0]LogConfig: Setting CVar [[s.UseBackgroundLevelStreaming:1]]
[2022.02.27-04.12.04:548][  0]LogConfig: Setting CVar [[s.PriorityAsyncLoadingExtraTime:15.0]]
[2022.02.27-04.12.04:548][  0]LogConfig: Setting CVar [[s.LevelStreamingActorsUpdateTimeLimit:5.0]]
[2022.02.27-04.12.04:548][  0]LogConfig: Setting CVar [[s.PriorityLevelStreamingActorsUpdateExtraTime:5.0]]
[2022.02.27-04.12.04:548][  0]LogConfig: Setting CVar [[s.LevelStreamingComponentsRegistrationGranularity:10]]
[2022.02.27-04.12.04:548][  0]LogConfig: Setting CVar [[s.UnregisterComponentsTimeLimit:1.0]]
[2022.02.27-04.12.04:548][  0]LogConfig: Setting CVar [[s.LevelStreamingComponentsUnregistrationGranularity:5]]
[2022.02.27-04.12.04:548][  0]LogConfig: Setting CVar [[s.FlushStreamingOnExit:1]]
[2022.02.27-04.12.04:549][  0]LogConfig: Applying CVar settings from Section [/Script/Engine.GarbageCollectionSettings] File [D:/Schoolwork/Capstone/2-Dimensional/Saved/Config/Windows/Engine.ini]
[2022.02.27-04.12.04:549][  0]LogConfig: Setting CVar [[gc.MaxObjectsNotConsideredByGC:1]]
[2022.02.27-04.12.04:549][  0]LogConfig: Setting CVar [[gc.SizeOfPermanentObjectPool:0]]
[2022.02.27-04.12.04:549][  0]LogConfig: Setting CVar [[gc.FlushStreamingOnGC:0]]
[2022.02.27-04.12.04:549][  0]LogConfig: Setting CVar [[gc.NumRetriesBeforeForcingGC:10]]
[2022.02.27-04.12.04:549][  0]LogConfig: Setting CVar [[gc.AllowParallelGC:1]]
[2022.02.27-04.12.04:549][  0]LogConfig: Setting CVar [[gc.TimeBetweenPurgingPendingKillObjects:61.1]]
[2022.02.27-04.12.04:549][  0]LogConfig: Setting CVar [[gc.MaxObjectsInEditor:25165824]]
[2022.02.27-04.12.04:549][  0]LogConfig: Setting CVar [[gc.IncrementalBeginDestroyEnabled:1]]
[2022.02.27-04.12.04:549][  0]LogConfig: Setting CVar [[gc.CreateGCClusters:1]]
[2022.02.27-04.12.04:549][  0]LogConfig: Setting CVar [[gc.MinGCClusterSize:5]]
[2022.02.27-04.12.04:549][  0]LogConfig: Setting CVar [[gc.ActorClusteringEnabled:0]]
[2022.02.27-04.12.04:549][  0]LogConfig: Setting CVar [[gc.BlueprintClusteringEnabled:0]]
[2022.02.27-04.12.04:549][  0]LogConfig: Setting CVar [[gc.UseDisregardForGCOnDedicatedServers:0]]
[2022.02.27-04.12.04:549][  0]LogConfig: Setting CVar [[gc.MultithreadedDestructionEnabled:1]]
[2022.02.27-04.12.04:550][  0]LogConfig: Applying CVar settings from Section [/Script/Engine.NetworkSettings] File [D:/Schoolwork/Capstone/2-Dimensional/Saved/Config/Windows/Engine.ini]
[2022.02.27-04.12.04:550][  0]LogConfig: Applying CVar settings from Section [/Script/UnrealEd.CookerSettings] File [D:/Schoolwork/Capstone/2-Dimensional/Saved/Config/Windows/Engine.ini]
[2022.02.27-04.12.04:564][  0]LogConfig: Applying CVar settings from Section [ViewDistanceQuality@3] File [D:/Schoolwork/Capstone/2-Dimensional/Saved/Config/Windows/Scalability.ini]
[2022.02.27-04.12.04:564][  0]LogConfig: Setting CVar [[r.SkeletalMeshLODBias:0]]
[2022.02.27-04.12.04:564][  0]LogConfig: Setting CVar [[r.ViewDistanceScale:1.0]]
[2022.02.27-04.12.04:564][  0]LogConfig: Applying CVar settings from Section [AntiAliasingQuality@3] File [D:/Schoolwork/Capstone/2-Dimensional/Saved/Config/Windows/Scalability.ini]
[2022.02.27-04.12.04:564][  0]LogConfig: Setting CVar [[r.PostProcessAAQuality:4]]
[2022.02.27-04.12.04:564][  0]LogConfig: Applying CVar settings from Section [ShadowQuality@3] File [D:/Schoolwork/Capstone/2-Dimensional/Saved/Config/Windows/Scalability.ini]
[2022.02.27-04.12.04:565][  0]LogConfig: Setting CVar [[r.LightFunctionQuality:1]]
[2022.02.27-04.12.04:565][  0]LogConfig: Setting CVar [[r.ShadowQuality:5]]
[2022.02.27-04.12.04:565][  0]LogConfig: Setting CVar [[r.Shadow.CSM.MaxCascades:10]]
[2022.02.27-04.12.04:565][  0]LogConfig: Setting CVar [[r.Shadow.MaxResolution:2048]]
[2022.02.27-04.12.04:565][  0]LogConfig: Setting CVar [[r.Shadow.MaxCSMResolution:2048]]
[2022.02.27-04.12.04:565][  0]LogConfig: Setting CVar [[r.Shadow.RadiusThreshold:0.01]]
[2022.02.27-04.12.04:565][  0]LogConfig: Setting CVar [[r.Shadow.DistanceScale:1.0]]
[2022.02.27-04.12.04:565][  0]LogConfig: Setting CVar [[r.Shadow.CSM.TransitionScale:1.0]]
[2022.02.27-04.12.04:565][  0]LogConfig: Setting CVar [[r.Shadow.PreShadowResolutionFactor:1.0]]
[2022.02.27-04.12.04:565][  0]LogConfig: Setting CVar [[r.DistanceFieldShadowing:1]]
[2022.02.27-04.12.04:565][  0]LogConfig: Setting CVar [[r.DistanceFieldAO:1]]
[2022.02.27-04.12.04:565][  0]LogConfig: Setting CVar [[r.AOQuality:2]]
[2022.02.27-04.12.04:565][  0]LogConfig: Setting CVar [[r.VolumetricFog:1]]
[2022.02.27-04.12.04:565][  0]LogConfig: Setting CVar [[r.VolumetricFog.GridPixelSize:8]]
[2022.02.27-04.12.04:566][  0]LogConfig: Setting CVar [[r.VolumetricFog.GridSizeZ:128]]
[2022.02.27-04.12.04:566][  0]LogConfig: Setting CVar [[r.VolumetricFog.HistoryMissSupersampleCount:4]]
[2022.02.27-04.12.04:566][  0]LogConfig: Setting CVar [[r.LightMaxDrawDistanceScale:1]]
[2022.02.27-04.12.04:566][  0]LogConfig: Setting CVar [[r.CapsuleShadows:1]]
[2022.02.27-04.12.04:566][  0]LogConfig: Applying CVar settings from Section [PostProcessQuality@3] File [D:/Schoolwork/Capstone/2-Dimensional/Saved/Config/Windows/Scalability.ini]
[2022.02.27-04.12.04:566][  0]LogConfig: Setting CVar [[r.MotionBlurQuality:4]]
[2022.02.27-04.12.04:566][  0]LogConfig: Setting CVar [[r.AmbientOcclusionMipLevelFactor:0.4]]
[2022.02.27-04.12.04:566][  0]LogConfig: Setting CVar [[r.AmbientOcclusionMaxQuality:100]]
[2022.02.27-04.12.04:566][  0]LogConfig: Setting CVar [[r.AmbientOcclusionLevels:-1]]
[2022.02.27-04.12.04:566][  0]LogConfig: Setting CVar [[r.AmbientOcclusionRadiusScale:1.0]]
[2022.02.27-04.12.04:566][  0]LogConfig: Setting CVar [[r.DepthOfFieldQuality:2]]
[2022.02.27-04.12.04:566][  0]LogConfig: Setting CVar [[r.RenderTargetPoolMin:400]]
[2022.02.27-04.12.04:566][  0]LogConfig: Setting CVar [[r.LensFlareQuality:2]]
[2022.02.27-04.12.04:566][  0]LogConfig: Setting CVar [[r.SceneColorFringeQuality:1]]
[2022.02.27-04.12.04:567][  0]LogConfig: Setting CVar [[r.EyeAdaptationQuality:2]]
[2022.02.27-04.12.04:567][  0]LogConfig: Setting CVar [[r.BloomQuality:5]]
[2022.02.27-04.12.04:567][  0]LogConfig: Setting CVar [[r.FastBlurThreshold:100]]
[2022.02.27-04.12.04:567][  0]LogConfig: Setting CVar [[r.Upscale.Quality:3]]
[2022.02.27-04.12.04:567][  0]LogConfig: Setting CVar [[r.Tonemapper.GrainQuantization:1]]
[2022.02.27-04.12.04:567][  0]LogConfig: Setting CVar [[r.LightShaftQuality:1]]
[2022.02.27-04.12.04:567][  0]LogConfig: Setting CVar [[r.Filter.SizeScale:1]]
[2022.02.27-04.12.04:567][  0]LogConfig: Setting CVar [[r.Tonemapper.Quality:5]]
[2022.02.27-04.12.04:567][  0]LogConfig: Setting CVar [[r.DOF.Gather.AccumulatorQuality:1        ; higher gathering accumulator quality]]
[2022.02.27-04.12.04:567][  0]LogConfig: Setting CVar [[r.DOF.Gather.PostfilterMethod:1          ; Median3x3 postfilering method]]
[2022.02.27-04.12.04:567][  0]LogConfig: Setting CVar [[r.DOF.Gather.EnableBokehSettings:0       ; no bokeh simulation when gathering]]
[2022.02.27-04.12.04:568][  0]LogConfig: Setting CVar [[r.DOF.Gather.RingCount:4                 ; medium number of samples when gathering]]
[2022.02.27-04.12.04:568][  0]LogConfig: Setting CVar [[r.DOF.Scatter.ForegroundCompositing:1    ; additive foreground scattering]]
[2022.02.27-04.12.04:568][  0]LogConfig: Setting CVar [[r.DOF.Scatter.BackgroundCompositing:2    ; additive background scattering]]
[2022.02.27-04.12.04:568][  0]LogConfig: Setting CVar [[r.DOF.Scatter.EnableBokehSettings:1      ; bokeh simulation when scattering]]
[2022.02.27-04.12.04:568][  0]LogConfig: Setting CVar [[r.DOF.Scatter.MaxSpriteRatio:0.1         ; only a maximum of 10% of scattered bokeh]]
[2022.02.27-04.12.04:568][  0]LogConfig: Setting CVar [[r.DOF.Recombine.Quality:1                ; cheap slight out of focus]]
[2022.02.27-04.12.04:568][  0]LogConfig: Setting CVar [[r.DOF.Recombine.EnableBokehSettings:0    ; no bokeh simulation on slight out of focus]]
[2022.02.27-04.12.04:568][  0]LogConfig: Setting CVar [[r.DOF.TemporalAAQuality:1                ; more stable temporal accumulation]]
[2022.02.27-04.12.04:568][  0]LogConfig: Setting CVar [[r.DOF.Kernel.MaxForegroundRadius:0.025]]
[2022.02.27-04.12.04:568][  0]LogConfig: Setting CVar [[r.DOF.Kernel.MaxBackgroundRadius:0.025]]
[2022.02.27-04.12.04:568][  0]LogConfig: Applying CVar settings from Section [TextureQuality@3] File [D:/Schoolwork/Capstone/2-Dimensional/Saved/Config/Windows/Scalability.ini]
[2022.02.27-04.12.04:568][  0]LogConfig: Setting CVar [[r.Streaming.MipBias:0]]
[2022.02.27-04.12.04:568][  0]LogConfig: Setting CVar [[r.Streaming.AmortizeCPUToGPUCopy:0]]
[2022.02.27-04.12.04:569][  0]LogConfig: Setting CVar [[r.Streaming.MaxNumTexturesToStreamPerFrame:0]]
[2022.02.27-04.12.04:569][  0]LogConfig: Setting CVar [[r.Streaming.Boost:1]]
[2022.02.27-04.12.04:569][  0]LogConfig: Setting CVar [[r.MaxAnisotropy:8]]
[2022.02.27-04.12.04:569][  0]LogConfig: Setting CVar [[r.VT.MaxAnisotropy:8]]
[2022.02.27-04.12.04:569][  0]LogConfig: Setting CVar [[r.Streaming.LimitPoolSizeToVRAM:0]]
[2022.02.27-04.12.04:569][  0]LogConfig: Setting CVar [[r.Streaming.PoolSize:1000]]
[2022.02.27-04.12.04:569][  0]LogConfig: Setting CVar [[r.Streaming.MaxEffectiveScreenSize:0]]
[2022.02.27-04.12.04:569][  0]LogConfig: Applying CVar settings from Section [EffectsQuality@3] File [D:/Schoolwork/Capstone/2-Dimensional/Saved/Config/Windows/Scalability.ini]
[2022.02.27-04.12.04:569][  0]LogConfig: Setting CVar [[r.TranslucencyLightingVolumeDim:64]]
[2022.02.27-04.12.04:570][  0]LogConfig: Setting CVar [[r.RefractionQuality:2]]
[2022.02.27-04.12.04:570][  0]LogConfig: Setting CVar [[r.SSR.Quality:3]]
[2022.02.27-04.12.04:570][  0]LogConfig: Setting CVar [[r.SSR.HalfResSceneColor:0]]
[2022.02.27-04.12.04:570][  0]LogConfig: Setting CVar [[r.SceneColorFormat:4]]
[2022.02.27-04.12.04:570][  0]LogConfig: Setting CVar [[r.DetailMode:2]]
[2022.02.27-04.12.04:570][  0]LogConfig: Setting CVar [[r.TranslucencyVolumeBlur:1]]
[2022.02.27-04.12.04:570][  0]LogConfig: Setting CVar [[r.MaterialQualityLevel:1 ; High quality]]
[2022.02.27-04.12.04:570][  0]LogConfig: Setting CVar [[r.AnisotropicMaterials:1]]
[2022.02.27-04.12.04:570][  0]LogConfig: Setting CVar [[r.SSS.Scale:1]]
[2022.02.27-04.12.04:570][  0]LogConfig: Setting CVar [[r.SSS.SampleSet:2]]
[2022.02.27-04.12.04:570][  0]LogConfig: Setting CVar [[r.SSS.Quality:1]]
[2022.02.27-04.12.04:570][  0]LogConfig: Setting CVar [[r.SSS.HalfRes:0]]
[2022.02.27-04.12.04:571][  0]LogConfig: Setting CVar [[r.SSGI.Quality:3]]
[2022.02.27-04.12.04:571][  0]LogConfig: Setting CVar [[r.EmitterSpawnRateScale:1.0]]
[2022.02.27-04.12.04:571][  0]LogConfig: Setting CVar [[r.ParticleLightQuality:2]]
[2022.02.27-04.12.04:571][  0]LogConfig: Setting CVar [[r.SkyAtmosphere.AerialPerspectiveLUT.FastApplyOnOpaque:1 ; Always have FastSkyLUT 1 in this case to avoid wrong sky]]
[2022.02.27-04.12.04:571][  0]LogConfig: Setting CVar [[r.SkyAtmosphere.AerialPerspectiveLUT.SampleCountMaxPerSlice:4]]
[2022.02.27-04.12.04:571][  0]LogConfig: Setting CVar [[r.SkyAtmosphere.AerialPerspectiveLUT.DepthResolution:16.0]]
[2022.02.27-04.12.04:571][  0]LogConfig: Setting CVar [[r.SkyAtmosphere.FastSkyLUT:1]]
[2022.02.27-04.12.04:571][  0]LogConfig: Setting CVar [[r.SkyAtmosphere.FastSkyLUT.SampleCountMin:4.0]]
[2022.02.27-04.12.04:571][  0]LogConfig: Setting CVar [[r.SkyAtmosphere.FastSkyLUT.SampleCountMax:128.0]]
[2022.02.27-04.12.04:571][  0]LogConfig: Setting CVar [[r.SkyAtmosphere.SampleCountMin:4.0]]
[2022.02.27-04.12.04:571][  0]LogConfig: Setting CVar [[r.SkyAtmosphere.SampleCountMax:128.0]]
[2022.02.27-04.12.04:572][  0]LogConfig: Setting CVar [[r.SkyAtmosphere.TransmittanceLUT.UseSmallFormat:0]]
[2022.02.27-04.12.04:572][  0]LogConfig: Setting CVar [[r.SkyAtmosphere.TransmittanceLUT.SampleCount:10.0]]
[2022.02.27-04.12.04:572][  0]LogConfig: Setting CVar [[r.SkyAtmosphere.MultiScatteringLUT.SampleCount:15.0]]
[2022.02.27-04.12.04:572][  0]LogConfig: Setting CVar [[r.SkyLight.RealTimeReflectionCapture:1]]
[2022.02.27-04.12.04:572][  0]LogConfig: Applying CVar settings from Section [FoliageQuality@3] File [D:/Schoolwork/Capstone/2-Dimensional/Saved/Config/Windows/Scalability.ini]
[2022.02.27-04.12.04:572][  0]LogConfig: Setting CVar [[foliage.DensityScale:1.0]]
[2022.02.27-04.12.04:572][  0]LogConfig: Setting CVar [[grass.DensityScale:1.0]]
[2022.02.27-04.12.04:572][  0]LogConfig: Applying CVar settings from Section [ShadingQuality@3] File [D:/Schoolwork/Capstone/2-Dimensional/Saved/Config/Windows/Scalability.ini]
[2022.02.27-04.12.04:572][  0]LogConfig: Setting CVar [[r.HairStrands.SkyLighting.IntegrationType:2]]
[2022.02.27-04.12.04:572][  0]LogConfig: Setting CVar [[r.HairStrands.SkyAO.SampleCount:4]]
[2022.02.27-04.12.04:572][  0]LogConfig: Setting CVar [[r.HairStrands.Visibility.MSAA.SamplePerPixel:4]]
[2022.02.27-04.12.04:573][  0]LogInit: Selected Device Profile: [Windows]
[2022.02.27-04.12.04:573][  0]LogInit: Applying CVar settings loaded from the selected device profile: [Windows]
[2022.02.27-04.12.04:573][  0]LogHAL: Display: Platform has ~ 16 GB [17133694976 / 17179869184 / 16], which maps to Larger [LargestMinGB=32, LargerMinGB=12, DefaultMinGB=8, SmallerMinGB=6, SmallestMinGB=0)
[2022.02.27-04.12.04:573][  0]LogInit: Going up to parent DeviceProfile []
[2022.02.27-04.12.04:573][  0]LogConfig: Applying CVar settings from Section [ViewDistanceQuality@3] File [D:/Schoolwork/Capstone/2-Dimensional/Saved/Config/Windows/Scalability.ini]
[2022.02.27-04.12.04:573][  0]LogConfig: Setting CVar [[r.SkeletalMeshLODBias:0]]
[2022.02.27-04.12.04:573][  0]LogConfig: Setting CVar [[r.ViewDistanceScale:1.0]]
[2022.02.27-04.12.04:573][  0]LogConfig: Applying CVar settings from Section [AntiAliasingQuality@3] File [D:/Schoolwork/Capstone/2-Dimensional/Saved/Config/Windows/Scalability.ini]
[2022.02.27-04.12.04:573][  0]LogConfig: Setting CVar [[r.PostProcessAAQuality:4]]
[2022.02.27-04.12.04:573][  0]LogConfig: Applying CVar settings from Section [ShadowQuality@3] File [D:/Schoolwork/Capstone/2-Dimensional/Saved/Config/Windows/Scalability.ini]
[2022.02.27-04.12.04:573][  0]LogConfig: Setting CVar [[r.LightFunctionQuality:1]]
[2022.02.27-04.12.04:573][  0]LogConfig: Setting CVar [[r.ShadowQuality:5]]
[2022.02.27-04.12.04:574][  0]LogConfig: Setting CVar [[r.Shadow.CSM.MaxCascades:10]]
[2022.02.27-04.12.04:574][  0]LogConfig: Setting CVar [[r.Shadow.MaxResolution:2048]]
[2022.02.27-04.12.04:574][  0]LogConfig: Setting CVar [[r.Shadow.MaxCSMResolution:2048]]
[2022.02.27-04.12.04:574][  0]LogConfig: Setting CVar [[r.Shadow.RadiusThreshold:0.01]]
[2022.02.27-04.12.04:574][  0]LogConfig: Setting CVar [[r.Shadow.DistanceScale:1.0]]
[2022.02.27-04.12.04:574][  0]LogConfig: Setting CVar [[r.Shadow.CSM.TransitionScale:1.0]]
[2022.02.27-04.12.04:574][  0]LogConfig: Setting CVar [[r.Shadow.PreShadowResolutionFactor:1.0]]
[2022.02.27-04.12.04:574][  0]LogConfig: Setting CVar [[r.DistanceFieldShadowing:1]]
[2022.02.27-04.12.04:574][  0]LogConfig: Setting CVar [[r.DistanceFieldAO:1]]
[2022.02.27-04.12.04:574][  0]LogConfig: Setting CVar [[r.AOQuality:2]]
[2022.02.27-04.12.04:574][  0]LogConfig: Setting CVar [[r.VolumetricFog:1]]
[2022.02.27-04.12.04:574][  0]LogConfig: Setting CVar [[r.VolumetricFog.GridPixelSize:8]]
[2022.02.27-04.12.04:574][  0]LogConfig: Setting CVar [[r.VolumetricFog.GridSizeZ:128]]
[2022.02.27-04.12.04:574][  0]LogConfig: Setting CVar [[r.VolumetricFog.HistoryMissSupersampleCount:4]]
[2022.02.27-04.12.04:574][  0]LogConfig: Setting CVar [[r.LightMaxDrawDistanceScale:1]]
[2022.02.27-04.12.04:575][  0]LogConfig: Setting CVar [[r.CapsuleShadows:1]]
[2022.02.27-04.12.04:575][  0]LogConfig: Applying CVar settings from Section [PostProcessQuality@3] File [D:/Schoolwork/Capstone/2-Dimensional/Saved/Config/Windows/Scalability.ini]
[2022.02.27-04.12.04:575][  0]LogConfig: Setting CVar [[r.MotionBlurQuality:4]]
[2022.02.27-04.12.04:575][  0]LogConfig: Setting CVar [[r.AmbientOcclusionMipLevelFactor:0.4]]
[2022.02.27-04.12.04:575][  0]LogConfig: Setting CVar [[r.AmbientOcclusionMaxQuality:100]]
[2022.02.27-04.12.04:575][  0]LogConfig: Setting CVar [[r.AmbientOcclusionLevels:-1]]
[2022.02.27-04.12.04:575][  0]LogConfig: Setting CVar [[r.AmbientOcclusionRadiusScale:1.0]]
[2022.02.27-04.12.04:575][  0]LogConfig: Setting CVar [[r.DepthOfFieldQuality:2]]
[2022.02.27-04.12.04:575][  0]LogConfig: Setting CVar [[r.RenderTargetPoolMin:400]]
[2022.02.27-04.12.04:575][  0]LogConfig: Setting CVar [[r.LensFlareQuality:2]]
[2022.02.27-04.12.04:575][  0]LogConfig: Setting CVar [[r.SceneColorFringeQuality:1]]
[2022.02.27-04.12.04:575][  0]LogConfig: Setting CVar [[r.EyeAdaptationQuality:2]]
[2022.02.27-04.12.04:575][  0]LogConfig: Setting CVar [[r.BloomQuality:5]]
[2022.02.27-04.12.04:575][  0]LogConfig: Setting CVar [[r.FastBlurThreshold:100]]
[2022.02.27-04.12.04:576][  0]LogConfig: Setting CVar [[r.Upscale.Quality:3]]
[2022.02.27-04.12.04:576][  0]LogConfig: Setting CVar [[r.Tonemapper.GrainQuantization:1]]
[2022.02.27-04.12.04:576][  0]LogConfig: Setting CVar [[r.LightShaftQuality:1]]
[2022.02.27-04.12.04:576][  0]LogConfig: Setting CVar [[r.Filter.SizeScale:1]]
[2022.02.27-04.12.04:576][  0]LogConfig: Setting CVar [[r.Tonemapper.Quality:5]]
[2022.02.27-04.12.04:576][  0]LogConfig: Setting CVar [[r.DOF.Gather.AccumulatorQuality:1        ; higher gathering accumulator quality]]
[2022.02.27-04.12.04:576][  0]LogConfig: Setting CVar [[r.DOF.Gather.PostfilterMethod:1          ; Median3x3 postfilering method]]
[2022.02.27-04.12.04:576][  0]LogConfig: Setting CVar [[r.DOF.Gather.EnableBokehSettings:0       ; no bokeh simulation when gathering]]
[2022.02.27-04.12.04:576][  0]LogConfig: Setting CVar [[r.DOF.Gather.RingCount:4                 ; medium number of samples when gathering]]
[2022.02.27-04.12.04:576][  0]LogConfig: Setting CVar [[r.DOF.Scatter.ForegroundCompositing:1    ; additive foreground scattering]]
[2022.02.27-04.12.04:576][  0]LogConfig: Setting CVar [[r.DOF.Scatter.BackgroundCompositing:2    ; additive background scattering]]
[2022.02.27-04.12.04:576][  0]LogConfig: Setting CVar [[r.DOF.Scatter.EnableBokehSettings:1      ; bokeh simulation when scattering]]
[2022.02.27-04.12.04:576][  0]LogConfig: Setting CVar [[r.DOF.Scatter.MaxSpriteRatio:0.1         ; only a maximum of 10% of scattered bokeh]]
[2022.02.27-04.12.04:576][  0]LogConfig: Setting CVar [[r.DOF.Recombine.Quality:1                ; cheap slight out of focus]]
[2022.02.27-04.12.04:576][  0]LogConfig: Setting CVar [[r.DOF.Recombine.EnableBokehSettings:0    ; no bokeh simulation on slight out of focus]]
[2022.02.27-04.12.04:577][  0]LogConfig: Setting CVar [[r.DOF.TemporalAAQuality:1                ; more stable temporal accumulation]]
[2022.02.27-04.12.04:577][  0]LogConfig: Setting CVar [[r.DOF.Kernel.MaxForegroundRadius:0.025]]
[2022.02.27-04.12.04:577][  0]LogConfig: Setting CVar [[r.DOF.Kernel.MaxBackgroundRadius:0.025]]
[2022.02.27-04.12.04:577][  0]LogConfig: Applying CVar settings from Section [TextureQuality@3] File [D:/Schoolwork/Capstone/2-Dimensional/Saved/Config/Windows/Scalability.ini]
[2022.02.27-04.12.04:577][  0]LogConfig: Setting CVar [[r.Streaming.MipBias:0]]
[2022.02.27-04.12.04:577][  0]LogConfig: Setting CVar [[r.Streaming.AmortizeCPUToGPUCopy:0]]
[2022.02.27-04.12.04:577][  0]LogConfig: Setting CVar [[r.Streaming.MaxNumTexturesToStreamPerFrame:0]]
[2022.02.27-04.12.04:577][  0]LogConfig: Setting CVar [[r.Streaming.Boost:1]]
[2022.02.27-04.12.04:577][  0]LogConfig: Setting CVar [[r.MaxAnisotropy:8]]
[2022.02.27-04.12.04:577][  0]LogConfig: Setting CVar [[r.VT.MaxAnisotropy:8]]
[2022.02.27-04.12.04:577][  0]LogConfig: Setting CVar [[r.Streaming.LimitPoolSizeToVRAM:0]]
[2022.02.27-04.12.04:577][  0]LogConfig: Setting CVar [[r.Streaming.PoolSize:1000]]
[2022.02.27-04.12.04:577][  0]LogConfig: Setting CVar [[r.Streaming.MaxEffectiveScreenSize:0]]
[2022.02.27-04.12.04:577][  0]LogConfig: Applying CVar settings from Section [EffectsQuality@3] File [D:/Schoolwork/Capstone/2-Dimensional/Saved/Config/Windows/Scalability.ini]
[2022.02.27-04.12.04:578][  0]LogConfig: Setting CVar [[r.TranslucencyLightingVolumeDim:64]]
[2022.02.27-04.12.04:578][  0]LogConfig: Setting CVar [[r.RefractionQuality:2]]
[2022.02.27-04.12.04:578][  0]LogConfig: Setting CVar [[r.SSR.Quality:3]]
[2022.02.27-04.12.04:578][  0]LogConfig: Setting CVar [[r.SSR.HalfResSceneColor:0]]
[2022.02.27-04.12.04:578][  0]LogConfig: Setting CVar [[r.SceneColorFormat:4]]
[2022.02.27-04.12.04:578][  0]LogConfig: Setting CVar [[r.DetailMode:2]]
[2022.02.27-04.12.04:578][  0]LogConfig: Setting CVar [[r.TranslucencyVolumeBlur:1]]
[2022.02.27-04.12.04:578][  0]LogConfig: Setting CVar [[r.MaterialQualityLevel:1 ; High quality]]
[2022.02.27-04.12.04:578][  0]LogConfig: Setting CVar [[r.AnisotropicMaterials:1]]
[2022.02.27-04.12.04:578][  0]LogConfig: Setting CVar [[r.SSS.Scale:1]]
[2022.02.27-04.12.04:578][  0]LogConfig: Setting CVar [[r.SSS.SampleSet:2]]
[2022.02.27-04.12.04:578][  0]LogConfig: Setting CVar [[r.SSS.Quality:1]]
[2022.02.27-04.12.04:578][  0]LogConfig: Setting CVar [[r.SSS.HalfRes:0]]
[2022.02.27-04.12.04:579][  0]LogConfig: Setting CVar [[r.SSGI.Quality:3]]
[2022.02.27-04.12.04:579][  0]LogConfig: Setting CVar [[r.EmitterSpawnRateScale:1.0]]
[2022.02.27-04.12.04:579][  0]LogConfig: Setting CVar [[r.ParticleLightQuality:2]]
[2022.02.27-04.12.04:579][  0]LogConfig: Setting CVar [[r.SkyAtmosphere.AerialPerspectiveLUT.FastApplyOnOpaque:1 ; Always have FastSkyLUT 1 in this case to avoid wrong sky]]
[2022.02.27-04.12.04:579][  0]LogConfig: Setting CVar [[r.SkyAtmosphere.AerialPerspectiveLUT.SampleCountMaxPerSlice:4]]
[2022.02.27-04.12.04:579][  0]LogConfig: Setting CVar [[r.SkyAtmosphere.AerialPerspectiveLUT.DepthResolution:16.0]]
[2022.02.27-04.12.04:579][  0]LogConfig: Setting CVar [[r.SkyAtmosphere.FastSkyLUT:1]]
[2022.02.27-04.12.04:579][  0]LogConfig: Setting CVar [[r.SkyAtmosphere.FastSkyLUT.SampleCountMin:4.0]]
[2022.02.27-04.12.04:579][  0]LogConfig: Setting CVar [[r.SkyAtmosphere.FastSkyLUT.SampleCountMax:128.0]]
[2022.02.27-04.12.04:579][  0]LogConfig: Setting CVar [[r.SkyAtmosphere.SampleCountMin:4.0]]
[2022.02.27-04.12.04:579][  0]LogConfig: Setting CVar [[r.SkyAtmosphere.SampleCountMax:128.0]]
[2022.02.27-04.12.04:579][  0]LogConfig: Setting CVar [[r.SkyAtmosphere.TransmittanceLUT.UseSmallFormat:0]]
[2022.02.27-04.12.04:579][  0]LogConfig: Setting CVar [[r.SkyAtmosphere.TransmittanceLUT.SampleCount:10.0]]
[2022.02.27-04.12.04:579][  0]LogConfig: Setting CVar [[r.SkyAtmosphere.MultiScatteringLUT.SampleCount:15.0]]
[2022.02.27-04.12.04:579][  0]LogConfig: Setting CVar [[r.SkyLight.RealTimeReflectionCapture:1]]
[2022.02.27-04.12.04:579][  0]LogConfig: Applying CVar settings from Section [FoliageQuality@3] File [D:/Schoolwork/Capstone/2-Dimensional/Saved/Config/Windows/Scalability.ini]
[2022.02.27-04.12.04:579][  0]LogConfig: Setting CVar [[foliage.DensityScale:1.0]]
[2022.02.27-04.12.04:580][  0]LogConfig: Setting CVar [[grass.DensityScale:1.0]]
[2022.02.27-04.12.04:580][  0]LogConfig: Applying CVar settings from Section [ShadingQuality@3] File [D:/Schoolwork/Capstone/2-Dimensional/Saved/Config/Windows/Scalability.ini]
[2022.02.27-04.12.04:580][  0]LogConfig: Setting CVar [[r.HairStrands.SkyLighting.IntegrationType:2]]
[2022.02.27-04.12.04:580][  0]LogConfig: Setting CVar [[r.HairStrands.SkyAO.SampleCount:4]]
[2022.02.27-04.12.04:580][  0]LogConfig: Setting CVar [[r.HairStrands.Visibility.MSAA.SamplePerPixel:4]]
[2022.02.27-04.12.04:580][  0]LogConfig: Applying CVar settings from Section [Startup] File [../../../Engine/Config/ConsoleVariables.ini]
[2022.02.27-04.12.04:581][  0]LogConfig: Setting CVar [[net.UseAdaptiveNetUpdateFrequency:0]]
[2022.02.27-04.12.04:581][  0]LogConfig: Setting CVar [[p.chaos.AllowCreatePhysxBodies:1]]
[2022.02.27-04.12.04:581][  0]LogConfig: Setting CVar [[fx.SkipVectorVMBackendOptimizations:1]]
[2022.02.27-04.12.04:581][  0]LogConfig: Applying CVar settings from Section [ConsoleVariables] File [D:/Schoolwork/Capstone/2-Dimensional/Saved/Config/Windows/Engine.ini]
[2022.02.27-04.12.04:581][  0]LogConfig: Applying CVar settings from Section [ConsoleVariables] File [D:/Schoolwork/Capstone/2-Dimensional/Saved/Config/Windows/Editor.ini]
[2022.02.27-04.12.04:581][  0]LogInit: Computer: DESKTOP-V90OMKG
[2022.02.27-04.12.04:581][  0]LogInit: User: asus
[2022.02.27-04.12.04:581][  0]LogInit: CPU Page size=4096, Cores=4
[2022.02.27-04.12.04:581][  0]LogInit: High frequency timer resolution =10.000000 MHz
[2022.02.27-04.12.04:581][  0]LogMemory: Memory total: Physical=16.0GB (16GB approx)
[2022.02.27-04.12.04:581][  0]LogMemory: Platform Memory Stats for Windows
[2022.02.27-04.12.04:581][  0]LogMemory: Process Physical Memory: 143.70 MB used, 143.70 MB peak
[2022.02.27-04.12.04:582][  0]LogMemory: Process Virtual Memory: 114.64 MB used, 114.64 MB peak
[2022.02.27-04.12.04:582][  0]LogMemory: Physical Memory: 12180.54 MB used,  4159.43 MB free, 16339.96 MB total
[2022.02.27-04.12.04:582][  0]LogMemory: Virtual Memory: 134213896.00 MB used,  3831.92 MB free, 134217728.00 MB total
[2022.02.27-04.12.04:604][  0]LogWindows: WindowsPlatformFeatures enabled
[2022.02.27-04.12.05:487][  0]LogInit: Physics initialised using underlying interface: PhysX
[2022.02.27-04.12.05:504][  0]LogInit: Using OS detected language (en-US).
[2022.02.27-04.12.05:504][  0]LogInit: Using OS detected locale (en-US).
[2022.02.27-04.12.05:522][  0]LogTextLocalizationManager: No specific localization for 'en-US' exists, so the 'en' localization will be used.
[2022.02.27-04.12.06:158][  0]LogInit: Setting process to per monitor DPI aware
[2022.02.27-04.12.06:228][  0]LogWindowsTextInputMethodSystem: Display: IME system deactivated.
[2022.02.27-04.12.06:385][  0]LogSlate: New Slate User Created.  User Index 0, Is Virtual User: 0
[2022.02.27-04.12.06:386][  0]LogSlate: Slate User Registered.  User Index 0, Is Virtual User: 0
[2022.02.27-04.12.07:098][  0]LogD3D11RHI: Loaded GFSDK_Aftermath_Lib.x64.dll
[2022.02.27-04.12.07:120][  0]LogHMD: Failed to initialize OpenVR with code 110
[2022.02.27-04.12.07:120][  0]LogD3D11RHI: D3D11 min allowed feature level: 11_0
[2022.02.27-04.12.07:120][  0]LogD3D11RHI: D3D11 max allowed feature level: 11_0
[2022.02.27-04.12.07:120][  0]LogD3D11RHI: D3D11 adapters:
[2022.02.27-04.12.07:365][  0]LogD3D11RHI:    0. 'NVIDIA GeForce GTX 1060' (Feature Level 11_0)
[2022.02.27-04.12.07:366][  0]LogD3D11RHI:       6052/0/8169 MB DedicatedVideo/DedicatedSystem/SharedSystem, Outputs:1, VendorId:0x10de
[2022.02.27-04.12.07:385][  0]LogD3D11RHI:    1. 'Microsoft Basic Render Driver' (Feature Level 11_0)
[2022.02.27-04.12.07:385][  0]LogD3D11RHI:       0/0/8169 MB DedicatedVideo/DedicatedSystem/SharedSystem, Outputs:0, VendorId:0x1414
[2022.02.27-04.12.07:385][  0]LogD3D11RHI: Chosen D3D11 Adapter:
[2022.02.27-04.12.07:385][  0]LogD3D11RHI:     Description : NVIDIA GeForce GTX 1060
[2022.02.27-04.12.07:385][  0]LogD3D11RHI:     VendorId    : 10de
[2022.02.27-04.12.07:386][  0]LogD3D11RHI:     DeviceId    : 1c20
[2022.02.27-04.12.07:386][  0]LogD3D11RHI:     SubSysId    : 156e1043
[2022.02.27-04.12.07:386][  0]LogD3D11RHI:     Revision    : 00a1
[2022.02.27-04.12.07:386][  0]LogD3D11RHI:     DedicatedVideoMemory : 6345981952 bytes
[2022.02.27-04.12.07:386][  0]LogD3D11RHI:     DedicatedSystemMemory : 0 bytes
[2022.02.27-04.12.07:386][  0]LogD3D11RHI:     SharedSystemMemory : 8566847488 bytes
[2022.02.27-04.12.07:386][  0]LogD3D11RHI:     AdapterLuid : 0 52423
[2022.02.27-04.12.07:397][  0]LogD3D11RHI: Creating new Direct3DDevice
[2022.02.27-04.12.07:397][  0]LogD3D11RHI:     GPU DeviceId: 0x1c20 (for the marketing name, search the web for "GPU Device Id")
[2022.02.27-04.12.07:397][  0]LogWindows: EnumDisplayDevices:
[2022.02.27-04.12.07:397][  0]LogWindows:    0. 'NVIDIA GeForce GTX 1060' (P:1 D:1)
[2022.02.27-04.12.07:398][  0]LogWindows:    1. 'NVIDIA GeForce GTX 1060' (P:0 D:0)
[2022.02.27-04.12.07:398][  0]LogWindows:    2. 'NVIDIA GeForce GTX 1060' (P:0 D:0)
[2022.02.27-04.12.07:399][  0]LogWindows:    3. 'NVIDIA GeForce GTX 1060' (P:0 D:0)
[2022.02.27-04.12.07:399][  0]LogWindows: DebugString: FoundDriverCount:4 
[2022.02.27-04.12.07:399][  0]LogD3D11RHI:     Adapter Name: NVIDIA GeForce GTX 1060
[2022.02.27-04.12.07:399][  0]LogD3D11RHI:   Driver Version: 511.65 (internal:30.0.15.1165, unified:511.65)
[2022.02.27-04.12.07:399][  0]LogD3D11RHI:      Driver Date: 1-28-2022
[2022.02.27-04.12.07:399][  0]LogRHI: Texture pool is 4236 MB (70% of 6052 MB)
[2022.02.27-04.12.07:400][  0]LogD3D11RHI: Creating D3DDevice using adapter:
[2022.02.27-04.12.07:400][  0]LogD3D11RHI:     Description : NVIDIA GeForce GTX 1060
[2022.02.27-04.12.07:400][  0]LogD3D11RHI:     VendorId    : 10de
[2022.02.27-04.12.07:400][  0]LogD3D11RHI:     DeviceId    : 1c20
[2022.02.27-04.12.07:400][  0]LogD3D11RHI:     SubSysId    : 156e1043
[2022.02.27-04.12.07:400][  0]LogD3D11RHI:     Revision    : 00a1
[2022.02.27-04.12.07:400][  0]LogD3D11RHI:     DedicatedVideoMemory : 6345981952 bytes
[2022.02.27-04.12.07:400][  0]LogD3D11RHI:     DedicatedSystemMemory : 0 bytes
[2022.02.27-04.12.07:400][  0]LogD3D11RHI:     SharedSystemMemory : 8566847488 bytes
[2022.02.27-04.12.07:400][  0]LogD3D11RHI:     AdapterLuid : 0 52423
[2022.02.27-04.12.07:503][  0]LogD3D11RHI: RHI has support for 64 bit atomics
[2022.02.27-04.12.07:504][  0]LogD3D11RHI: Async texture creation enabled
[2022.02.27-04.12.07:504][  0]LogD3D11RHI: Array index from any shader is supported
[2022.02.27-04.12.07:535][  0]LogD3D11RHI: GPU Timing Frequency: 1000.000000 (Debug: 2 1)
[2022.02.27-04.12.07:706][  0]LogRHI: GeForceNow SDK initialized: 1
[2022.02.27-04.12.08:287][  0]LogTargetPlatformManager: Display: Loaded TargetPlatform 'AllDesktop'
[2022.02.27-04.12.08:333][  0]LogTargetPlatformManager: Display: Loaded TargetPlatform 'Android'
[2022.02.27-04.12.08:333][  0]LogTargetPlatformManager: Display: Loaded TargetPlatform 'Android_ASTC'
[2022.02.27-04.12.08:333][  0]LogTargetPlatformManager: Display: Loaded TargetPlatform 'Android_DXT'
[2022.02.27-04.12.08:334][  0]LogTargetPlatformManager: Display: Loaded TargetPlatform 'Android_ETC2'
[2022.02.27-04.12.08:334][  0]LogTargetPlatformManager: Display: Loaded TargetPlatform 'AndroidClient'
[2022.02.27-04.12.08:334][  0]LogTargetPlatformManager: Display: Loaded TargetPlatform 'Android_ASTCClient'
[2022.02.27-04.12.08:334][  0]LogTargetPlatformManager: Display: Loaded TargetPlatform 'Android_DXTClient'
[2022.02.27-04.12.08:334][  0]LogTargetPlatformManager: Display: Loaded TargetPlatform 'Android_ETC2Client'
[2022.02.27-04.12.08:334][  0]LogTargetPlatformManager: Display: Loaded TargetPlatform 'Android_Multi'
[2022.02.27-04.12.08:334][  0]LogTargetPlatformManager: Display: Loaded TargetPlatform 'Android_MultiClient'
[2022.02.27-04.12.08:481][  0]LogTargetPlatformManager: Display: Loaded TargetPlatform 'IOSClient'
[2022.02.27-04.12.08:481][  0]LogTargetPlatformManager: Display: Loaded TargetPlatform 'IOS'
[2022.02.27-04.12.08:542][  0]LogTargetPlatformManager: Display: Loaded TargetPlatform 'Linux'
[2022.02.27-04.12.08:560][  0]LogTargetPlatformManager: Display: Loaded TargetPlatform 'LinuxNoEditor'
[2022.02.27-04.12.08:600][  0]LogTargetPlatformManager: Display: Loaded TargetPlatform 'LinuxClient'
[2022.02.27-04.12.08:617][  0]LogTargetPlatformManager: Display: Loaded TargetPlatform 'LinuxServer'
[2022.02.27-04.12.08:647][  0]LogTargetPlatformManager: Display: Loaded TargetPlatform 'LinuxAArch64NoEditor'
[2022.02.27-04.12.08:720][  0]LogTargetPlatformManager: Display: Loaded TargetPlatform 'LinuxAArch64Client'
[2022.02.27-04.12.08:745][  0]LogTargetPlatformManager: Display: Loaded TargetPlatform 'LinuxAArch64Server'
[2022.02.27-04.12.08:814][  0]LogTargetPlatformManager: Display: Loaded TargetPlatform 'Lumin'
[2022.02.27-04.12.08:815][  0]LogTargetPlatformManager: Display: Loaded TargetPlatform 'LuminClient'
[2022.02.27-04.12.08:866][  0]LogTargetPlatformManager: Display: Loaded TargetPlatform 'MacNoEditor'
[2022.02.27-04.12.08:923][  0]LogTargetPlatformManager: Display: Loaded TargetPlatform 'Mac'
[2022.02.27-04.12.08:970][  0]LogTargetPlatformManager: Display: Loaded TargetPlatform 'MacClient'
[2022.02.27-04.12.08:992][  0]LogTargetPlatformManager: Display: Loaded TargetPlatform 'MacServer'
[2022.02.27-04.12.09:022][  0]LogTargetPlatformManager: Display: Loaded TargetPlatform 'TVOSClient'
[2022.02.27-04.12.09:022][  0]LogTargetPlatformManager: Display: Loaded TargetPlatform 'TVOS'
[2022.02.27-04.12.09:067][  0]LogTargetPlatformManager: Display: Loaded TargetPlatform 'WindowsNoEditor'
[2022.02.27-04.12.09:091][  0]LogTargetPlatformManager: Display: Loaded TargetPlatform 'Windows'
[2022.02.27-04.12.09:113][  0]LogTargetPlatformManager: Display: Loaded TargetPlatform 'WindowsClient'
[2022.02.27-04.12.09:129][  0]LogTargetPlatformManager: Display: Loaded TargetPlatform 'WindowsServer'
[2022.02.27-04.12.09:130][  0]LogTargetPlatformManager: Display: Building Assets For Windows
[2022.02.27-04.12.09:271][  0]LogAudioDebug: Display: Lib vorbis DLL was dynamically loaded.
[2022.02.27-04.12.09:575][  0]LogTextureFormatOodle: Display: Oodle Texture 2.9.0 init RDO Off
[2022.02.27-04.12.10:030][  0]LogRendererCore: Ray tracing is disabled. Reason: r.RayTracing=0.
[2022.02.27-04.12.10:031][  0]LogShaderCompilers: Guid format shader working directory is -4 characters bigger than the processId version (../../../../../Schoolwork/Capstone/2-Dimensional/Intermediate/Shaders/WorkingDirectory/27360/).
[2022.02.27-04.12.10:032][  0]LogShaderCompilers: Cleaned the shader compiler working directory 'C:/Users/asus/AppData/Local/Temp/UnrealShaderWorkingDir/398F1BCD4EEE600B88C6EA849AE31814/'.
[2022.02.27-04.12.10:032][  0]LogXGEController: Cannot use XGE Controller as Incredibuild is not installed on this machine.
[2022.02.27-04.12.10:033][  0]LogShaderCompilers: Cannot use XGE Shader Compiler as Incredibuild is not installed on this machine.
[2022.02.27-04.12.10:033][  0]LogShaderCompilers: Display: Using Local Shader Compiler.
[2022.02.27-04.12.11:527][  0]LogDerivedDataCache: Display: Max Cache Size: 512 MB
[2022.02.27-04.12.11:800][  0]LogDerivedDataCache: Loaded boot cache 0.27s 94MB C:/Users/asus/AppData/Local/UnrealEngine/4.27/DerivedDataCache/Boot.ddc.
[2022.02.27-04.12.11:800][  0]LogDerivedDataCache: Display: Loaded Boot cache: C:/Users/asus/AppData/Local/UnrealEngine/4.27/DerivedDataCache/Boot.ddc
[2022.02.27-04.12.11:801][  0]LogDerivedDataCache: FDerivedDataBackendGraph:  Pak pak cache file ../../../../../Schoolwork/Capstone/2-Dimensional/DerivedDataCache/DDC.ddp not found, will not use a pak cache.
[2022.02.27-04.12.11:801][  0]LogDerivedDataCache: Unable to find inner node Pak for hierarchical cache Hierarchy.
[2022.02.27-04.12.11:802][  0]LogDerivedDataCache: FDerivedDataBackendGraph:  CompressedPak pak cache file ../../../../../Schoolwork/Capstone/2-Dimensional/DerivedDataCache/Compressed.ddp not found, will not use a pak cache.
[2022.02.27-04.12.11:802][  0]LogDerivedDataCache: Unable to find inner node CompressedPak for hierarchical cache Hierarchy.
[2022.02.27-04.12.11:865][  0]LogDerivedDataCache: Display: Pak cache opened for reading ../../../Engine/DerivedDataCache/Compressed.ddp.
[2022.02.27-04.12.11:865][  0]LogDerivedDataCache: FDerivedDataBackendGraph:  EnterprisePak pak cache file ../../../Enterprise/DerivedDataCache/Compressed.ddp not found, will not use a pak cache.
[2022.02.27-04.12.11:866][  0]LogDerivedDataCache: Unable to find inner node EnterprisePak for hierarchical cache Hierarchy.
[2022.02.27-04.12.11:889][  0]LogDerivedDataCache: Speed tests for C:/Users/asus/AppData/Local/UnrealEngine/Common/DerivedDataCache took 0.02 seconds
[2022.02.27-04.12.11:889][  0]LogDerivedDataCache: Display: Performance to C:/Users/asus/AppData/Local/UnrealEngine/Common/DerivedDataCache: Latency=0.15ms. RandomReadSpeed=75.80MBs, RandomWriteSpeed=103.11MBs. Assigned SpeedClass 'Local'
[2022.02.27-04.12.11:893][  0]LogDerivedDataCache: Using Local data cache path C:/Users/asus/AppData/Local/UnrealEngine/Common/DerivedDataCache: Writable
[2022.02.27-04.12.11:893][  0]LogDerivedDataCache: Shared data cache path not found in *engine.ini, will not use an Shared cache.
[2022.02.27-04.12.11:893][  0]LogDerivedDataCache: Unable to find inner node Shared for hierarchical cache Hierarchy.
[2022.02.27-04.12.11:961][  0]LogSlate: Using FreeType 2.10.0
[2022.02.27-04.12.11:977][  0]LogSlate: SlateFontServices - WITH_FREETYPE: 1, WITH_HARFBUZZ: 1
[2022.02.27-04.12.12:230][  0]LogAssetRegistry: FAssetRegistry took 0.0077 seconds to start up
[2022.02.27-04.12.12:740][  0]LogInit: Selected Device Profile: [Windows]
[2022.02.27-04.12.12:740][  0]LogInit: Active device profile: [000001E875908C00][000001E86650C640 49] Windows
[2022.02.27-04.12.12:740][  0]LogInit: Profiles: [000001E875908C00][000001E86650C640 49] Windows, [000001E8758B6200][000001E866510780 49] WindowsNoEditor, [000001E875909A00][000001E8665148C0 49] WindowsServer, [000001E8758B6F00][000001E86651CA40 49] WindowsClient, [000001E87590A600][000001E875BD0BC0 49] IOS, [000001E8758B4E00][000001E875BD4D40 49] iPadAir, [000001E875908A00][000001E875BD8EC0 49] iPadAir2, [000001E875864E00][000001E875BE1180 49] IPadPro, [000001E875864F00][000001E875BDD1C0 49] iPadAir3, [000001E8758B6300][000001E875BE5340 49] iPadAir4, [000001E875867400][000001E875BE94C0 49] iPadMini2, [000001E8758B7200][000001E875BED640 49] iPadMini3, [000001E875867A00][000001E875BF17C0 49] iPadMini4, [000001E8758B7300][000001E875BF5940 49] iPadMini5, [000001E8758A4800][000001E875BFDC00 49] iPhone6, [000001E8758A4900][000001E875BF80C0 49] iPodTouch6, [000001E87590B000][000001E875C04380 49] iPhone7, [000001E87590B100][000001E875C003C0 49] iPodTouch7, [000001E875867000][000001E875C08540 49] iPhone5S, [000001E875864600][000001E875C0C6C0 49] iPhone6Plus, [000001E8758A6800][000001E866518800 49] iPhone6S, [000001E875865600][000001E875C10940 49] iPhone6SPlus, [000001E8758A6600][000001E875C14A80 49] iPhone7Plus, [000001E875864800][000001E875C18BC0 49] iPhoneSE, [000001E8758A6500][000001E875C20D40 49] iPhone8, [000001E875865800][000001E875C24EC0 49] iPhone8Plus, [000001E87590AA00][000001E875C29040 49] iPhoneX, [000001E875866A00][000001E875C2D1C0 49] iPhoneXS, [000001E87590AD00][000001E875C31340 49] iPhoneXSMax, [000001E875864D00][000001E875C354C0 49] iPhoneXR, [000001E875908200][000001E875C39640 49] iPhone11, [000001E875866400][000001E875C3D7C0 49] iPhone11Pro, [000001E875909100][000001E875C41940 49] iPhone11ProMax, [000001E875864100][000001E875C45AC0 49] iPhoneSE2, [000001E875909600][000001E875C480C0 49] iPhone12Mini, [000001E875864A00][000001E875C4C240 49] iPhone12, [000001E875909500][000001E875C503C0 49] iPhone12Pro, [000001E875865100][000001E875C54540 49] iPhone12ProMax, [000001E875909D00][000001E875C586C0 49] iPadPro105, [000001E875865500][000001E875C5C840 49] iPadPro129, [000001E875908600][000001E875C1C980 49] iPadPro97, [000001E875864700][000001E875C60AC0 49] iPadPro2_129, [000001E87590BE00][000001E875C64C00 49] iPad5, [000001E875865F00][000001E875C68D40 49] iPad6, [000001E875908800][000001E875C70EC0 49] iPad7, [000001E875867700][000001E875C75040 49] iPad8, [000001E87590A400][000001E875C791C0 49] iPadPro11, [000001E875864300][000001E875C7D340 49] iPadPro2_11, [000001E875908E00][000001E875C814C0 49] iPadPro3_129, [000001E875867D00][000001E875C8F640 49] iPadPro4_129, [000001E87590B600][000001E875C937C0 49] AppleTV, [000001E875866000][000001E875C97940 49] AppleTV4K, [000001E87590A500][000001E875C9BAC0 49] TVOS, [000001E875867B00][000001E875C9E0C0 49] Mac, [000001E87590A000][000001E875CA2240 49] MacClient, [000001E875867C00][000001E875CA63C0 49] MacNoEditor, [000001E875908100][000001E875CAA540 49] MacServer, [000001E875865200][000001E875CAE6C0 49] Linux, [000001E87590BB00][000001E875CB2840 49] LinuxAArch64, [000001E875864200][000001E875CB69C0 49] LinuxNoEditor, [000001E875909B00][000001E875CBAB40 49] LinuxAArch64NoEditor, [000001E875865A00][000001E875C6CC80 49] LinuxClient, [000001E875909700][000001E875CBEDC0 49] LinuxAArch64Client, [000001E875865000][000001E875CC2F00 49] LinuxServer, [000001E87590B900][000001E875CCB080 49] LinuxAArch64Server, [000001E875865D00][000001E875CCF200 49] Android, [000001E875909000][000001E875CD3380 49] Android_Low, [000001E875865900][000001E875CD7500 49] Android_Mid, [000001E87590B800][000001E875CDB680 49] Android_High, [000001E875866600][000001E875CDF800 49] Android_Default, [000001E875909200][000001E875CE3980 49] Android_Adreno4xx, [000001E875866E00][000001E875CE7B00 49] Android_Adreno5xx_Low, [000001E875908300][000001E875CEA100 49] Android_Adreno5xx, [000001E8758A7800][000001E875CEE280 49] Android_Adreno6xx, [000001E8758B7700][000001E875CF2400 49] Android_Adreno6xx_Vulkan, [000001E8758A5000][000001E875CF6580 49] Android_Mali_T6xx, [000001E8758B6E00][000001E875CFA700 49] Android_Mali_T7xx, [000001E8758A5400][000001E875CFE880 49] Android_Mali_T8xx, [000001E8758B5A00][000001E875D02A00 49] Android_Mali_G71, [000001E8758A4E00][000001E875D06B80 49] Android_Mali_G72, [000001E8758B7900][000001E875D0AD00 49] Android_Mali_G72_Vulkan, [000001E8758A4400][000001E875CC6E40 49] Android_Mali_G76, [000001E8758B7A00][000001E875D0EF80 49] Android_Mali_G76_Vulkan, [000001E8758A7400][000001E875D130C0 49] Android_Mali_G77, [000001E8758B6900][000001E875D1B240 49] Android_Mali_G77_Vulkan, [000001E8758A4B00][000001E875D233C0 49] Android_Mali_G78, [000001E8758B7400][000001E875D27540 49] Android_Mali_G78_Vulkan, [000001E8758A7900][000001E875D2B6C0 49] Android_Mali_G710, [000001E8758B4F00][000001E875D2F840 49] Android_Mali_G710_Vulkan, [000001E8758A4F00][000001E875D339C0 49] Android_Vulkan_SM5, [000001E8758B7B00][000001E875D37B40 49] Android_PowerVR_G6xxx, [000001E8758A5500][000001E875D3A140 49] Android_PowerVR_GT7xxx, [000001E8758B4100][000001E875D3E2C0 49] Android_PowerVR_GE8xxx, [000001E8758A6B00][000001E875D42440 49] Android_PowerVR_GM9xxx, [000001E8758B4D00][000001E875D465C0 49] Android_PowerVR_GM9xxx_Vulkan, [000001E8758A4100][000001E875D4A740 49] Android_TegraK1, [000001E8758B6600][000001E875D4E8C0 49] Android_Unknown_Vulkan, [000001E8758A5100][000001E875D52A40 49] Lumin, [000001E8758B4300][000001E875D56BC0 49] Lumin_Desktop, [000001E8758A5300][000001E875D5AD40 49] HoloLens, 
[2022.02.27-04.12.13:754][  0]LogMeshReduction: Using QuadricMeshReduction for automatic static mesh reduction
[2022.02.27-04.12.13:755][  0]LogMeshReduction: Using SimplygonMeshReduction for automatic skeletal mesh reduction
[2022.02.27-04.12.13:755][  0]LogMeshReduction: Using ProxyLODMeshReduction for automatic mesh merging
[2022.02.27-04.12.13:755][  0]LogMeshReduction: No distributed automatic mesh merging module available
[2022.02.27-04.12.13:755][  0]LogMeshMerging: No distributed automatic mesh merging module available
[2022.02.27-04.12.14:020][  0]LogNetVersion: Ophiuchus 1.0.0, NetCL: 17155196, EngineNetVer: 17, GameNetVer: 0 (Checksum: 3122980587)
[2022.02.27-04.12.17:868][  0]LogTexture: Default maximum texture size for cubemaps generated from long-lat sources has been changed from 512 to unlimited. In order to preserve old behaiour for '/Engine/MapTemplates/Sky/DaylightAmbientCubemap.DaylightAmbientCubemap', its maximum texture size has been explicitly set to 512.
[2022.02.27-04.12.18:070][  0]LogHMD: PokeAHoleMaterial loaded successfully
[2022.02.27-04.12.18:078][  0]LogUObjectArray: 17178 objects as part of root set at end of initial load.
[2022.02.27-04.12.18:078][  0]LogUObjectAllocator: 4301856 out of 0 bytes used by permanent object pool.
[2022.02.27-04.12.18:078][  0]LogUObjectArray: CloseDisregardForGC: 0/0 objects in disregard for GC pool
[2022.02.27-04.12.20:478][  0]LogNiagaraDebuggerClient: Niagara Debugger Client Initialized | Session: 6B7CB39749DAF10E1D130C896FBA91AA | Instance: 277859694FB990EC191B0988C23B10EF (DESKTOP-V90OMKG-27360).
[2022.02.27-04.12.20:825][  0]LogImageWrapper: Warning: PNG Warning: Duplicate iCCP chunk
[2022.02.27-04.12.20:825][  0]LogImageWrapper: Warning: PNG Warning: Duplicate iCCP chunk
[2022.02.27-04.12.20:825][  0]LogPython: Using Python 3.7.7
[2022.02.27-04.12.22:364][  0]LogTcpMessaging: Initializing TcpMessaging bridge
[2022.02.27-04.12.22:383][  0]LogUdpMessaging: Initializing bridge on interface 0.0.0.0:0 to multicast group 230.0.0.1:6666.
[2022.02.27-04.12.23:024][  0]LogLinker: Warning: Failed to load '/Game/2DSideScrollerBP/2DSideScrollerOverview': Can't find file.
[2022.02.27-04.12.23:025][  0]LogLinker: Warning: Failed to load '/Game/2DSideScrollerBP/2DSideScrollerOverview': Can't find file.
[2022.02.27-04.12.23:025][  0]LogUObjectGlobals: Warning: Failed to find object 'Class /Game/2DSideScrollerBP/2DSideScrollerOverview.2DSideScrollerOverview_C'
[2022.02.27-04.12.23:746][  0]SourceControl: Source control is disabled
[2022.02.27-04.12.23:746][  0]SourceControl: Source control is disabled
[2022.02.27-04.12.23:778][  0]SourceControl: Source control is disabled
[2022.02.27-04.12.23:813][  0]SourceControl: Source control is disabled
[2022.02.27-04.12.23:836][  0]SourceControl: Source control is disabled
[2022.02.27-04.12.23:854][  0]LogUProjectInfo: Found projects:
[2022.02.27-04.12.25:296][  0]LogOpenImageDenoise: OIDN starting up
[2022.02.27-04.12.25:729][  0]LogAndroidPermission: UAndroidPermissionCallbackProxy::GetInstance
[2022.02.27-04.12.25:930][  0]LogAudioCaptureCore: Display: No Audio Capture implementations found. Audio input will be silent.
[2022.02.27-04.12.25:930][  0]LogAudioCaptureCore: Display: No Audio Capture implementations found. Audio input will be silent.
[2022.02.27-04.12.26:583][  0]LogCollectionManager: Loaded 0 collections in 0.001120 seconds
[2022.02.27-04.12.26:704][  0]LogFileCache: Scanning file cache for directory 'D:/Schoolwork/Capstone/2-Dimensional/Saved/Collections/' took 0.00s
[2022.02.27-04.12.26:705][  0]LogFileCache: Scanning file cache for directory 'D:/Schoolwork/Capstone/2-Dimensional/Content/Developers/asus/Collections/' took 0.00s
[2022.02.27-04.12.26:705][  0]LogFileCache: Scanning file cache for directory 'D:/Schoolwork/Capstone/2-Dimensional/Content/Collections/' took 0.00s
[2022.02.27-04.12.26:705][  0]LogOcInput: OculusInput pre-init called
[2022.02.27-04.12.27:419][  0]LogImageWrapper: Warning: PNG Warning: Duplicate iCCP chunk
[2022.02.27-04.12.27:420][  0]LogImageWrapper: Warning: PNG Warning: Duplicate iCCP chunk
[2022.02.27-04.12.27:420][  0]LogEngine: Initializing Engine...
[2022.02.27-04.12.27:460][  0]LogHMD: Failed to enumerate extensions. Please check that you have a valid OpenXR runtime installed.
[2022.02.27-04.12.27:461][  0]LogHMD: Failed to initialize OpenVR with code 110
[2022.02.27-04.12.27:461][  0]LogMagicLeap: Warning: VR disabled because ZI is not enabled.  To enable, in the editor, Edit -> Project Settings -> Plugins -> Magic Leap Plugin -> Enable Zero Iteration
[2022.02.27-04.12.27:463][  0]LogStats: UGameplayTagsManager::InitializeManager -  0.001 s
[2022.02.27-04.12.28:052][  0]LogInit: Initializing FReadOnlyCVARCache
[2022.02.27-04.12.28:168][  0]LogAIModule: Creating AISystem for world Untitled
[2022.02.27-04.12.28:171][  0]LogAudio: Display: Initializing Audio Device Manager...
[2022.02.27-04.12.28:219][  0]LogAudio: Display: Loading Default Audio Settings Objects...
[2022.02.27-04.12.28:225][  0]LogAudio: Display: No default SoundConcurrencyObject specified (or failed to load).
[2022.02.27-04.12.28:226][  0]LogAudio: Display: Audio Device Manager Initialized
[2022.02.27-04.12.28:226][  0]LogAudio: Display: Creating Audio Device:                 Id: 1, Scope: Shared, Realtime: True
[2022.02.27-04.12.28:226][  0]LogAudioMixer: Display: Audio Mixer Platform Settings:
[2022.02.27-04.12.28:226][  0]LogAudioMixer: Display: 	Sample Rate:						  48000
[2022.02.27-04.12.28:227][  0]LogAudioMixer: Display: 	Callback Buffer Frame Size Requested: 1024
[2022.02.27-04.12.28:227][  0]LogAudioMixer: Display: 	Callback Buffer Frame Size To Use:	  1024
[2022.02.27-04.12.28:227][  0]LogAudioMixer: Display: 	Number of buffers to queue:			  2
[2022.02.27-04.12.28:227][  0]LogAudioMixer: Display: 	Max Channels (voices):				  32
[2022.02.27-04.12.28:227][  0]LogAudioMixer: Display: 	Number of Async Source Workers:		  0
[2022.02.27-04.12.28:227][  0]LogAudio: Display: AudioDevice MaxSources: 32
[2022.02.27-04.12.28:228][  0]LogAudio: Display: Audio Spatialization Plugin: None (built-in).
[2022.02.27-04.12.28:228][  0]LogAudio: Display: Audio Reverb Plugin: None (built-in).
[2022.02.27-04.12.28:228][  0]LogAudio: Display: Audio Occlusion Plugin: None (built-in).
[2022.02.27-04.12.28:228][  0]LogAudioMixer: Display: Initializing audio mixer.
[2022.02.27-04.12.28:317][  0]LogAudioMixer: Warning: Did not find the channel type flags for audio device 'Headset (Galaxy Buds Pro (7343) Hands-Free AG Audio)'. Reverting to a default channel ordering.
[2022.02.27-04.12.28:318][  0]LogAudioMixer: Display: 0: FrontLeft
[2022.02.27-04.12.28:318][  0]LogAudioMixer: Display: 1: FrontRight
[2022.02.27-04.12.28:366][  0]LogAudioMixer: Display: Using Audio Device Headset (Galaxy Buds Pro (7343) Hands-Free AG Audio)
[2022.02.27-04.12.28:366][  0]LogAudioMixer: Display: Initializing Sound Submixes...
[2022.02.27-04.12.28:388][  0]LogAudioMixer: Display: Creating Master Submix 'MasterSubmixDefault'
[2022.02.27-04.12.28:388][  0]LogAudioMixer: Display: Creating Master Submix 'MasterReverbSubmixDefault'
[2022.02.27-04.12.28:389][  0]LogAudioMixer: Display: Creating Master Submix 'MasterEQSubmixDefault'
[2022.02.27-04.12.28:390][  0]LogAudioMixer: FMixerPlatformXAudio2::StartAudioStream() called
[2022.02.27-04.12.28:390][  0]LogAudioMixer: Display: Output buffers initialized: Frames=1024, Channels=2, Samples=2048
[2022.02.27-04.12.28:393][  0]LogAudioMixer: Display: Starting AudioMixerPlatformInterface::RunInternal()
[2022.02.27-04.12.28:393][  0]LogAudioMixer: Display: FMixerPlatformXAudio2::SubmitBuffer() called for the first time
[2022.02.27-04.12.28:393][  0]LogInit: FAudioDevice initialized.
[2022.02.27-04.12.28:393][  0]LogAudio: Display: Audio Device (ID: 1) registered with world 'Untitled'.
[2022.02.27-04.12.28:393][  0]LogNetVersion: Set ProjectVersion to 1.0.0.0. Version Checksum will be recalculated on next use.
[2022.02.27-04.12.28:498][  0]LogDerivedDataCache: Saved boot cache 0.10s 94MB C:/Users/asus/AppData/Local/UnrealEngine/4.27/DerivedDataCache/Boot.ddc.
[2022.02.27-04.12.28:499][  0]LogInit: Texture streaming: Enabled
[2022.02.27-04.12.28:586][  0]LogAnalytics: Display: [UEEditor.Rocket.Release] APIServer = https://datarouter.ol.epicgames.com/. AppVersion = 4.27.1-17735300+++UE4+Release-4.27
[2022.02.27-04.12.28:608][  0]LogEngineSessionManager: EngineSessionManager initialized
[2022.02.27-04.12.28:609][  0]LogEditorSessionSummary: Verbose: Initializing EditorSessionSummaryWriter for editor session tracking
[2022.02.27-04.12.28:633][  0]LogEditorSessionSummary: EditorSessionSummaryWriter initialized
[2022.02.27-04.12.28:802][  0]LogInit: Transaction tracking system initialized
[2022.02.27-04.12.29:161][  0]BlueprintLog: New page: Editor Load
[2022.02.27-04.12.29:654][  0]LocalizationService: Localization service is disabled
[2022.02.27-04.12.29:904][  0]TimingProfiler: Initialize
[2022.02.27-04.12.29:904][  0]TimingProfiler: OnSessionChanged
[2022.02.27-04.12.29:905][  0]LoadingProfiler: Initialize
[2022.02.27-04.12.29:905][  0]LoadingProfiler: OnSessionChanged
[2022.02.27-04.12.29:905][  0]NetworkingProfiler: Initialize
[2022.02.27-04.12.29:905][  0]NetworkingProfiler: OnSessionChanged
[2022.02.27-04.12.29:905][  0]MemoryProfiler: Initialize
[2022.02.27-04.12.29:905][  0]MemoryProfiler: OnSessionChanged
[2022.02.27-04.12.31:066][  0]LogCook: Display: CookSettings for Memory: MemoryMaxUsedVirtual 0MiB, MemoryMaxUsedPhysical 16384MiB, MemoryMinFreeVirtual 0MiB, MemoryMinFreePhysical 1024MiB
[2022.02.27-04.12.31:067][  0]LogCook: Display: Mobile HDR setting 1
[2022.02.27-04.12.31:337][  0]LogFileCache: Scanning file cache for directory 'D:/Schoolwork/Capstone/2-Dimensional/Content/' took 0.01s
[2022.02.27-04.12.32:598][  0]LogImageWrapper: Warning: PNG Warning: Duplicate iCCP chunk
[2022.02.27-04.12.32:598][  0]LogImageWrapper: Warning: PNG Warning: Duplicate iCCP chunk
[2022.02.27-04.12.32:654][  0]LogInit: Display: Engine is initialized. Leaving FEngineLoop::Init()
[2022.02.27-04.12.32:686][  0]SourceControl: Source control is disabled
[2022.02.27-04.12.32:686][  0]LogUnrealEdMisc: Loading editor; pre map load, took 34.709
[2022.02.27-04.12.32:686][  0]Cmd: MAP LOAD FILE="../../../Engine/Content/Maps/Templates/Template_Default.umap" TEMPLATE=1 SHOWPROGRESS=1 FEATURELEVEL=3
[2022.02.27-04.12.32:698][  0]LightingResults: New page: Lighting Build
[2022.02.27-04.12.32:777][  0]LogWorld: UWorld::CleanupWorld for Untitled, bSessionEnded=true, bCleanupResources=true
[2022.02.27-04.12.32:777][  0]LogSlate: InvalidateAllWidgets triggered.  All widgets were invalidated
[2022.02.27-04.12.32:778][  0]MapCheck: New page: Map Check
[2022.02.27-04.12.32:778][  0]LightingResults: New page: Lighting Build
[2022.02.27-04.12.32:784][  0]LogAudio: Display: Audio Device unregistered from world 'None'.
[2022.02.27-04.12.32:789][  0]LogUObjectHash: Compacting FUObjectHashTables data took   1.00ms
[2022.02.27-04.12.33:107][  0]LogTexture: Display: Building textures: DeprecatedTextureEB9CBE3C423008B5E8E130901E171C89 (BGRA8, 128X128)
[2022.02.27-04.12.33:142][  0]LogAudio: Display: Audio Device (ID: 1) registered with world 'Untitled_1'.
[2022.02.27-04.12.33:144][  0]LogAIModule: Creating AISystem for world Untitled_1
[2022.02.27-04.12.33:159][  0]LogEditorServer: Finished looking for orphan Actors (0.000 secs)
[2022.02.27-04.12.33:168][  0]LogUObjectHash: Compacting FUObjectHashTables data took   1.17ms
[2022.02.27-04.12.33:169][  0]Cmd: MAP CHECKDEP NOCLEARLOG
[2022.02.27-04.12.33:170][  0]MapCheck: Map check complete: 0 Error(s), 0 Warning(s), took 0.76ms to complete.
[2022.02.27-04.12.33:170][  0]LogFileHelpers: Loading map 'Template_Default' took 0.485
[2022.02.27-04.12.33:178][  0]LogUnrealEdMisc: Total Editor Startup Time, took 35.201
[2022.02.27-04.12.33:414][  0]LogSlate: Updating window title bar state: overlay mode, drag disabled, window buttons hidden, title bar hidden
[2022.02.27-04.12.33:422][  0]LogSlate: Updating window title bar state: overlay mode, drag disabled, window buttons hidden, title bar hidden
[2022.02.27-04.12.33:429][  0]LogSlate: Updating window title bar state: overlay mode, drag disabled, window buttons hidden, title bar hidden
[2022.02.27-04.12.33:437][  0]LogSlate: Updating window title bar state: overlay mode, drag disabled, window buttons hidden, title bar hidden
[2022.02.27-04.12.33:486][  0]LogNativeClassHierarchy: Verbose: Native class hierarchy populated in 0.0120 seconds. Added 3827 classes and 930 folders.
[2022.02.27-04.12.33:571][  0]LogNativeClassHierarchy: Verbose: Native class hierarchy updated for 'WidgetCarousel' in 0.0004 seconds. Added 0 classes and 0 folders.
[2022.02.27-04.12.33:598][  0]LogPakFile: PakFile PrimaryIndexSize=187
[2022.02.27-04.12.33:599][  0]LogPakFile: PakFile PathHashIndexSize=101
[2022.02.27-04.12.33:599][  0]LogPakFile: PakFile FullDirectoryIndexSize=148
[2022.02.27-04.12.33:599][  0]LogShaderLibrary: Display: ShaderCodeLibraryPakFileMountedCallback: PakFile 'D:/IDE/UE_4.27/FeaturePacks/FP_FirstPerson.upack' (chunk index -1, root 'root:/') mounted
[2022.02.27-04.12.33:599][  0]LogShaderLibrary: Display: ShaderCodeLibraryPakFileMountedCallback: pending pak file info (ChunkID:-1 Root:root:/ File:D:/IDE/UE_4.27/FeaturePacks/FP_FirstPerson.upack)
[2022.02.27-04.12.33:599][  0]LogPakFile: OnPakFileMounted2Time == 0.000409
[2022.02.27-04.12.33:604][  0]LogPakFile: PakFile PrimaryIndexSize=189
[2022.02.27-04.12.33:604][  0]LogPakFile: PakFile PathHashIndexSize=101
[2022.02.27-04.12.33:604][  0]LogPakFile: PakFile FullDirectoryIndexSize=152
[2022.02.27-04.12.33:605][  0]LogShaderLibrary: Display: ShaderCodeLibraryPakFileMountedCallback: PakFile 'D:/IDE/UE_4.27/FeaturePacks/FP_FirstPersonBP.upack' (chunk index -1, root 'root:/') mounted
[2022.02.27-04.12.33:605][  0]LogShaderLibrary: Display: ShaderCodeLibraryPakFileMountedCallback: pending pak file info (ChunkID:-1 Root:root:/ File:D:/IDE/UE_4.27/FeaturePacks/FP_FirstPersonBP.upack)
[2022.02.27-04.12.33:605][  0]LogPakFile: OnPakFileMounted2Time == 0.000374
[2022.02.27-04.12.33:612][  0]LogPakFile: PakFile PrimaryIndexSize=191
[2022.02.27-04.12.33:612][  0]LogPakFile: PakFile PathHashIndexSize=101
[2022.02.27-04.12.33:612][  0]LogPakFile: PakFile FullDirectoryIndexSize=160
[2022.02.27-04.12.33:612][  0]LogShaderLibrary: Display: ShaderCodeLibraryPakFileMountedCallback: PakFile 'D:/IDE/UE_4.27/FeaturePacks/MobileStarterContent.upack' (chunk index -1, root 'root:/') mounted
[2022.02.27-04.12.33:613][  0]LogShaderLibrary: Display: ShaderCodeLibraryPakFileMountedCallback: pending pak file info (ChunkID:-1 Root:root:/ File:D:/IDE/UE_4.27/FeaturePacks/MobileStarterContent.upack)
[2022.02.27-04.12.33:613][  0]LogPakFile: OnPakFileMounted2Time == 0.000359
[2022.02.27-04.12.33:623][  0]LogPakFile: PakFile PrimaryIndexSize=185
[2022.02.27-04.12.33:624][  0]LogPakFile: PakFile PathHashIndexSize=101
[2022.02.27-04.12.33:624][  0]LogPakFile: PakFile FullDirectoryIndexSize=148
[2022.02.27-04.12.33:624][  0]LogShaderLibrary: Display: ShaderCodeLibraryPakFileMountedCallback: PakFile 'D:/IDE/UE_4.27/FeaturePacks/StarterContent.upack' (chunk index -1, root 'root:/') mounted
[2022.02.27-04.12.33:624][  0]LogShaderLibrary: Display: ShaderCodeLibraryPakFileMountedCallback: pending pak file info (ChunkID:-1 Root:root:/ File:D:/IDE/UE_4.27/FeaturePacks/StarterContent.upack)
[2022.02.27-04.12.33:624][  0]LogPakFile: OnPakFileMounted2Time == 0.000325
[2022.02.27-04.12.33:633][  0]LogPakFile: PakFile PrimaryIndexSize=190
[2022.02.27-04.12.33:633][  0]LogPakFile: PakFile PathHashIndexSize=101
[2022.02.27-04.12.33:633][  0]LogPakFile: PakFile FullDirectoryIndexSize=154
[2022.02.27-04.12.33:633][  0]LogShaderLibrary: Display: ShaderCodeLibraryPakFileMountedCallback: PakFile 'D:/IDE/UE_4.27/FeaturePacks/TP_2DSideScroller.upack' (chunk index -1, root 'root:/') mounted
[2022.02.27-04.12.33:634][  0]LogShaderLibrary: Display: ShaderCodeLibraryPakFileMountedCallback: pending pak file info (ChunkID:-1 Root:root:/ File:D:/IDE/UE_4.27/FeaturePacks/TP_2DSideScroller.upack)
[2022.02.27-04.12.33:634][  0]LogPakFile: OnPakFileMounted2Time == 0.000371
[2022.02.27-04.12.33:638][  0]LogPakFile: PakFile PrimaryIndexSize=192
[2022.02.27-04.12.33:638][  0]LogPakFile: PakFile PathHashIndexSize=101
[2022.02.27-04.12.33:638][  0]LogPakFile: PakFile FullDirectoryIndexSize=158
[2022.02.27-04.12.33:639][  0]LogShaderLibrary: Display: ShaderCodeLibraryPakFileMountedCallback: PakFile 'D:/IDE/UE_4.27/FeaturePacks/TP_2DSideScrollerBP.upack' (chunk index -1, root 'root:/') mounted
[2022.02.27-04.12.33:639][  0]LogShaderLibrary: Display: ShaderCodeLibraryPakFileMountedCallback: pending pak file info (ChunkID:-1 Root:root:/ File:D:/IDE/UE_4.27/FeaturePacks/TP_2DSideScrollerBP.upack)
[2022.02.27-04.12.33:639][  0]LogPakFile: OnPakFileMounted2Time == 0.000276
[2022.02.27-04.12.33:652][  0]LogPakFile: PakFile PrimaryIndexSize=182
[2022.02.27-04.12.33:653][  0]LogPakFile: PakFile PathHashIndexSize=101
[2022.02.27-04.12.33:653][  0]LogPakFile: PakFile FullDirectoryIndexSize=138
[2022.02.27-04.12.33:653][  0]LogShaderLibrary: Display: ShaderCodeLibraryPakFileMountedCallback: PakFile 'D:/IDE/UE_4.27/FeaturePacks/TP_Flying.upack' (chunk index -1, root 'root:/') mounted
[2022.02.27-04.12.33:653][  0]LogShaderLibrary: Display: ShaderCodeLibraryPakFileMountedCallback: pending pak file info (ChunkID:-1 Root:root:/ File:D:/IDE/UE_4.27/FeaturePacks/TP_Flying.upack)
[2022.02.27-04.12.33:653][  0]LogPakFile: OnPakFileMounted2Time == 0.000322
[2022.02.27-04.12.33:669][  0]LogPakFile: PakFile PrimaryIndexSize=184
[2022.02.27-04.12.33:669][  0]LogPakFile: PakFile PathHashIndexSize=101
[2022.02.27-04.12.33:669][  0]LogPakFile: PakFile FullDirectoryIndexSize=142
[2022.02.27-04.12.33:669][  0]LogShaderLibrary: Display: ShaderCodeLibraryPakFileMountedCallback: PakFile 'D:/IDE/UE_4.27/FeaturePacks/TP_FlyingBP.upack' (chunk index -1, root 'root:/') mounted
[2022.02.27-04.12.33:669][  0]LogShaderLibrary: Display: ShaderCodeLibraryPakFileMountedCallback: pending pak file info (ChunkID:-1 Root:root:/ File:D:/IDE/UE_4.27/FeaturePacks/TP_FlyingBP.upack)
[2022.02.27-04.12.33:669][  0]LogPakFile: OnPakFileMounted2Time == 0.000361
[2022.02.27-04.12.33:689][  0]LogPakFile: PakFile PrimaryIndexSize=188
[2022.02.27-04.12.33:689][  0]LogPakFile: PakFile PathHashIndexSize=101
[2022.02.27-04.12.33:689][  0]LogPakFile: PakFile FullDirectoryIndexSize=150
[2022.02.27-04.12.33:689][  0]LogShaderLibrary: Display: ShaderCodeLibraryPakFileMountedCallback: PakFile 'D:/IDE/UE_4.27/FeaturePacks/TP_HandheldARBP.upack' (chunk index -1, root 'root:/') mounted
[2022.02.27-04.12.33:690][  0]LogShaderLibrary: Display: ShaderCodeLibraryPakFileMountedCallback: pending pak file info (ChunkID:-1 Root:root:/ File:D:/IDE/UE_4.27/FeaturePacks/TP_HandheldARBP.upack)
[2022.02.27-04.12.33:690][  0]LogPakFile: OnPakFileMounted2Time == 0.000415
[2022.02.27-04.12.33:709][  0]LogPakFile: PakFile PrimaryIndexSize=182
[2022.02.27-04.12.33:709][  0]LogPakFile: PakFile PathHashIndexSize=101
[2022.02.27-04.12.33:709][  0]LogPakFile: PakFile FullDirectoryIndexSize=138
[2022.02.27-04.12.33:709][  0]LogShaderLibrary: Display: ShaderCodeLibraryPakFileMountedCallback: PakFile 'D:/IDE/UE_4.27/FeaturePacks/TP_Puzzle.upack' (chunk index -1, root 'root:/') mounted
[2022.02.27-04.12.33:709][  0]LogShaderLibrary: Display: ShaderCodeLibraryPakFileMountedCallback: pending pak file info (ChunkID:-1 Root:root:/ File:D:/IDE/UE_4.27/FeaturePacks/TP_Puzzle.upack)
[2022.02.27-04.12.33:710][  0]LogPakFile: OnPakFileMounted2Time == 0.000404
[2022.02.27-04.12.33:714][  0]LogPakFile: PakFile PrimaryIndexSize=184
[2022.02.27-04.12.33:714][  0]LogPakFile: PakFile PathHashIndexSize=101
[2022.02.27-04.12.33:714][  0]LogPakFile: PakFile FullDirectoryIndexSize=142
[2022.02.27-04.12.33:714][  0]LogShaderLibrary: Display: ShaderCodeLibraryPakFileMountedCallback: PakFile 'D:/IDE/UE_4.27/FeaturePacks/TP_PuzzleBP.upack' (chunk index -1, root 'root:/') mounted
[2022.02.27-04.12.33:714][  0]LogShaderLibrary: Display: ShaderCodeLibraryPakFileMountedCallback: pending pak file info (ChunkID:-1 Root:root:/ File:D:/IDE/UE_4.27/FeaturePacks/TP_PuzzleBP.upack)
[2022.02.27-04.12.33:714][  0]LogPakFile: OnPakFileMounted2Time == 0.000272
[2022.02.27-04.12.33:719][  0]LogPakFile: PakFile PrimaryIndexSize=183
[2022.02.27-04.12.33:719][  0]LogPakFile: PakFile PathHashIndexSize=101
[2022.02.27-04.12.33:719][  0]LogPakFile: PakFile FullDirectoryIndexSize=140
[2022.02.27-04.12.33:719][  0]LogShaderLibrary: Display: ShaderCodeLibraryPakFileMountedCallback: PakFile 'D:/IDE/UE_4.27/FeaturePacks/TP_Rolling.upack' (chunk index -1, root 'root:/') mounted
[2022.02.27-04.12.33:719][  0]LogShaderLibrary: Display: ShaderCodeLibraryPakFileMountedCallback: pending pak file info (ChunkID:-1 Root:root:/ File:D:/IDE/UE_4.27/FeaturePacks/TP_Rolling.upack)
[2022.02.27-04.12.33:719][  0]LogPakFile: OnPakFileMounted2Time == 0.000297
[2022.02.27-04.12.33:723][  0]LogPakFile: PakFile PrimaryIndexSize=185
[2022.02.27-04.12.33:724][  0]LogPakFile: PakFile PathHashIndexSize=101
[2022.02.27-04.12.33:724][  0]LogPakFile: PakFile FullDirectoryIndexSize=144
[2022.02.27-04.12.33:724][  0]LogShaderLibrary: Display: ShaderCodeLibraryPakFileMountedCallback: PakFile 'D:/IDE/UE_4.27/FeaturePacks/TP_RollingBP.upack' (chunk index -1, root 'root:/') mounted
[2022.02.27-04.12.33:724][  0]LogShaderLibrary: Display: ShaderCodeLibraryPakFileMountedCallback: pending pak file info (ChunkID:-1 Root:root:/ File:D:/IDE/UE_4.27/FeaturePacks/TP_RollingBP.upack)
[2022.02.27-04.12.33:724][  0]LogPakFile: OnPakFileMounted2Time == 0.000301
[2022.02.27-04.12.33:729][  0]LogPakFile: PakFile PrimaryIndexSize=188
[2022.02.27-04.12.33:729][  0]LogPakFile: PakFile PathHashIndexSize=101
[2022.02.27-04.12.33:729][  0]LogPakFile: PakFile FullDirectoryIndexSize=150
[2022.02.27-04.12.33:729][  0]LogShaderLibrary: Display: ShaderCodeLibraryPakFileMountedCallback: PakFile 'D:/IDE/UE_4.27/FeaturePacks/TP_SideScroller.upack' (chunk index -1, root 'root:/') mounted
[2022.02.27-04.12.33:730][  0]LogShaderLibrary: Display: ShaderCodeLibraryPakFileMountedCallback: pending pak file info (ChunkID:-1 Root:root:/ File:D:/IDE/UE_4.27/FeaturePacks/TP_SideScroller.upack)
[2022.02.27-04.12.33:730][  0]LogPakFile: OnPakFileMounted2Time == 0.000376
[2022.02.27-04.12.33:734][  0]LogPakFile: PakFile PrimaryIndexSize=190
[2022.02.27-04.12.33:734][  0]LogPakFile: PakFile PathHashIndexSize=101
[2022.02.27-04.12.33:734][  0]LogPakFile: PakFile FullDirectoryIndexSize=154
[2022.02.27-04.12.33:735][  0]LogShaderLibrary: Display: ShaderCodeLibraryPakFileMountedCallback: PakFile 'D:/IDE/UE_4.27/FeaturePacks/TP_SideScrollerBP.upack' (chunk index -1, root 'root:/') mounted
[2022.02.27-04.12.33:735][  0]LogShaderLibrary: Display: ShaderCodeLibraryPakFileMountedCallback: pending pak file info (ChunkID:-1 Root:root:/ File:D:/IDE/UE_4.27/FeaturePacks/TP_SideScrollerBP.upack)
[2022.02.27-04.12.33:735][  0]LogPakFile: OnPakFileMounted2Time == 0.000317
[2022.02.27-04.12.33:748][  0]LogPakFile: PakFile PrimaryIndexSize=187
[2022.02.27-04.12.33:748][  0]LogPakFile: PakFile PathHashIndexSize=101
[2022.02.27-04.12.33:748][  0]LogPakFile: PakFile FullDirectoryIndexSize=148
[2022.02.27-04.12.33:748][  0]LogShaderLibrary: Display: ShaderCodeLibraryPakFileMountedCallback: PakFile 'D:/IDE/UE_4.27/FeaturePacks/TP_ThirdPerson.upack' (chunk index -1, root 'root:/') mounted
[2022.02.27-04.12.33:748][  0]LogShaderLibrary: Display: ShaderCodeLibraryPakFileMountedCallback: pending pak file info (ChunkID:-1 Root:root:/ File:D:/IDE/UE_4.27/FeaturePacks/TP_ThirdPerson.upack)
[2022.02.27-04.12.33:748][  0]LogPakFile: OnPakFileMounted2Time == 0.000315
[2022.02.27-04.12.33:812][  0]LogPakFile: PakFile PrimaryIndexSize=189
[2022.02.27-04.12.33:813][  0]LogPakFile: PakFile PathHashIndexSize=101
[2022.02.27-04.12.33:813][  0]LogPakFile: PakFile FullDirectoryIndexSize=152
[2022.02.27-04.12.33:813][  0]LogShaderLibrary: Display: ShaderCodeLibraryPakFileMountedCallback: PakFile 'D:/IDE/UE_4.27/FeaturePacks/TP_ThirdPersonBP.upack' (chunk index -1, root 'root:/') mounted
[2022.02.27-04.12.33:814][  0]LogShaderLibrary: Display: ShaderCodeLibraryPakFileMountedCallback: pending pak file info (ChunkID:-1 Root:root:/ File:D:/IDE/UE_4.27/FeaturePacks/TP_ThirdPersonBP.upack)
[2022.02.27-04.12.33:815][  0]LogPakFile: OnPakFileMounted2Time == 0.001410
[2022.02.27-04.12.33:825][  0]LogPakFile: PakFile PrimaryIndexSize=183
[2022.02.27-04.12.33:825][  0]LogPakFile: PakFile PathHashIndexSize=101
[2022.02.27-04.12.33:826][  0]LogPakFile: PakFile FullDirectoryIndexSize=140
[2022.02.27-04.12.33:826][  0]LogShaderLibrary: Display: ShaderCodeLibraryPakFileMountedCallback: PakFile 'D:/IDE/UE_4.27/FeaturePacks/TP_TopDown.upack' (chunk index -1, root 'root:/') mounted
[2022.02.27-04.12.33:827][  0]LogShaderLibrary: Display: ShaderCodeLibraryPakFileMountedCallback: pending pak file info (ChunkID:-1 Root:root:/ File:D:/IDE/UE_4.27/FeaturePacks/TP_TopDown.upack)
[2022.02.27-04.12.33:827][  0]LogPakFile: OnPakFileMounted2Time == 0.000824
[2022.02.27-04.12.33:854][  0]LogPakFile: PakFile PrimaryIndexSize=185
[2022.02.27-04.12.33:855][  0]LogPakFile: PakFile PathHashIndexSize=101
[2022.02.27-04.12.33:855][  0]LogPakFile: PakFile FullDirectoryIndexSize=144
[2022.02.27-04.12.33:855][  0]LogShaderLibrary: Display: ShaderCodeLibraryPakFileMountedCallback: PakFile 'D:/IDE/UE_4.27/FeaturePacks/TP_TopDownBP.upack' (chunk index -1, root 'root:/') mounted
[2022.02.27-04.12.33:855][  0]LogShaderLibrary: Display: ShaderCodeLibraryPakFileMountedCallback: pending pak file info (ChunkID:-1 Root:root:/ File:D:/IDE/UE_4.27/FeaturePacks/TP_TopDownBP.upack)
[2022.02.27-04.12.33:855][  0]LogPakFile: OnPakFileMounted2Time == 0.000375
[2022.02.27-04.12.33:872][  0]LogPakFile: PakFile PrimaryIndexSize=185
[2022.02.27-04.12.33:872][  0]LogPakFile: PakFile PathHashIndexSize=101
[2022.02.27-04.12.33:873][  0]LogPakFile: PakFile FullDirectoryIndexSize=144
[2022.02.27-04.12.33:873][  0]LogShaderLibrary: Display: ShaderCodeLibraryPakFileMountedCallback: PakFile 'D:/IDE/UE_4.27/FeaturePacks/TP_TwinStick.upack' (chunk index -1, root 'root:/') mounted
[2022.02.27-04.12.33:873][  0]LogShaderLibrary: Display: ShaderCodeLibraryPakFileMountedCallback: pending pak file info (ChunkID:-1 Root:root:/ File:D:/IDE/UE_4.27/FeaturePacks/TP_TwinStick.upack)
[2022.02.27-04.12.33:873][  0]LogPakFile: OnPakFileMounted2Time == 0.000326
[2022.02.27-04.12.33:876][  0]LogPakFile: PakFile PrimaryIndexSize=187
[2022.02.27-04.12.33:876][  0]LogPakFile: PakFile PathHashIndexSize=101
[2022.02.27-04.12.33:876][  0]LogPakFile: PakFile FullDirectoryIndexSize=148
[2022.02.27-04.12.33:877][  0]LogShaderLibrary: Display: ShaderCodeLibraryPakFileMountedCallback: PakFile 'D:/IDE/UE_4.27/FeaturePacks/TP_TwinStickBP.upack' (chunk index -1, root 'root:/') mounted
[2022.02.27-04.12.33:877][  0]LogShaderLibrary: Display: ShaderCodeLibraryPakFileMountedCallback: pending pak file info (ChunkID:-1 Root:root:/ File:D:/IDE/UE_4.27/FeaturePacks/TP_TwinStickBP.upack)
[2022.02.27-04.12.33:877][  0]LogPakFile: OnPakFileMounted2Time == 0.000356
[2022.02.27-04.12.33:880][  0]LogPakFile: PakFile PrimaryIndexSize=183
[2022.02.27-04.12.33:880][  0]LogPakFile: PakFile PathHashIndexSize=101
[2022.02.27-04.12.33:881][  0]LogPakFile: PakFile FullDirectoryIndexSize=140
[2022.02.27-04.12.33:881][  0]LogShaderLibrary: Display: ShaderCodeLibraryPakFileMountedCallback: PakFile 'D:/IDE/UE_4.27/FeaturePacks/TP_Vehicle.upack' (chunk index -1, root 'root:/') mounted
[2022.02.27-04.12.33:881][  0]LogShaderLibrary: Display: ShaderCodeLibraryPakFileMountedCallback: pending pak file info (ChunkID:-1 Root:root:/ File:D:/IDE/UE_4.27/FeaturePacks/TP_Vehicle.upack)
[2022.02.27-04.12.33:881][  0]LogPakFile: OnPakFileMounted2Time == 0.000219
[2022.02.27-04.12.33:903][  0]LogPakFile: PakFile PrimaryIndexSize=186
[2022.02.27-04.12.33:903][  0]LogPakFile: PakFile PathHashIndexSize=101
[2022.02.27-04.12.33:903][  0]LogPakFile: PakFile FullDirectoryIndexSize=146
[2022.02.27-04.12.33:903][  0]LogShaderLibrary: Display: ShaderCodeLibraryPakFileMountedCallback: PakFile 'D:/IDE/UE_4.27/FeaturePacks/TP_VehicleAdv.upack' (chunk index -1, root 'root:/') mounted
[2022.02.27-04.12.33:903][  0]LogShaderLibrary: Display: ShaderCodeLibraryPakFileMountedCallback: pending pak file info (ChunkID:-1 Root:root:/ File:D:/IDE/UE_4.27/FeaturePacks/TP_VehicleAdv.upack)
[2022.02.27-04.12.33:904][  0]LogPakFile: OnPakFileMounted2Time == 0.000208
[2022.02.27-04.12.33:908][  0]LogPakFile: PakFile PrimaryIndexSize=188
[2022.02.27-04.12.33:908][  0]LogPakFile: PakFile PathHashIndexSize=101
[2022.02.27-04.12.33:908][  0]LogPakFile: PakFile FullDirectoryIndexSize=150
[2022.02.27-04.12.33:908][  0]LogShaderLibrary: Display: ShaderCodeLibraryPakFileMountedCallback: PakFile 'D:/IDE/UE_4.27/FeaturePacks/TP_VehicleAdvBP.upack' (chunk index -1, root 'root:/') mounted
[2022.02.27-04.12.33:908][  0]LogShaderLibrary: Display: ShaderCodeLibraryPakFileMountedCallback: pending pak file info (ChunkID:-1 Root:root:/ File:D:/IDE/UE_4.27/FeaturePacks/TP_VehicleAdvBP.upack)
[2022.02.27-04.12.33:908][  0]LogPakFile: OnPakFileMounted2Time == 0.000232
[2022.02.27-04.12.33:929][  0]LogPakFile: PakFile PrimaryIndexSize=185
[2022.02.27-04.12.33:929][  0]LogPakFile: PakFile PathHashIndexSize=101
[2022.02.27-04.12.33:929][  0]LogPakFile: PakFile FullDirectoryIndexSize=144
[2022.02.27-04.12.33:929][  0]LogShaderLibrary: Display: ShaderCodeLibraryPakFileMountedCallback: PakFile 'D:/IDE/UE_4.27/FeaturePacks/TP_VehicleBP.upack' (chunk index -1, root 'root:/') mounted
[2022.02.27-04.12.33:929][  0]LogShaderLibrary: Display: ShaderCodeLibraryPakFileMountedCallback: pending pak file info (ChunkID:-1 Root:root:/ File:D:/IDE/UE_4.27/FeaturePacks/TP_VehicleBP.upack)
[2022.02.27-04.12.33:930][  0]LogPakFile: OnPakFileMounted2Time == 0.000323
[2022.02.27-04.12.33:934][  0]LogPakFile: PakFile PrimaryIndexSize=192
[2022.02.27-04.12.33:934][  0]LogPakFile: PakFile PathHashIndexSize=101
[2022.02.27-04.12.33:934][  0]LogPakFile: PakFile FullDirectoryIndexSize=158
[2022.02.27-04.12.33:934][  0]LogShaderLibrary: Display: ShaderCodeLibraryPakFileMountedCallback: PakFile 'D:/IDE/UE_4.27/FeaturePacks/TP_VirtualRealityBP.upack' (chunk index -1, root 'root:/') mounted
[2022.02.27-04.12.33:934][  0]LogShaderLibrary: Display: ShaderCodeLibraryPakFileMountedCallback: pending pak file info (ChunkID:-1 Root:root:/ File:D:/IDE/UE_4.27/FeaturePacks/TP_VirtualRealityBP.upack)
[2022.02.27-04.12.33:935][  0]LogPakFile: OnPakFileMounted2Time == 0.000186
[2022.02.27-04.12.34:672][  0]LogNativeClassHierarchy: Verbose: Native class hierarchy updated for 'AddContentDialog' in 0.0004 seconds. Added 0 classes and 0 folders.
[2022.02.27-04.12.34:675][  0]LogNativeClassHierarchy: Verbose: Native class hierarchy updated for 'SceneOutliner' in 0.0004 seconds. Added 2 classes and 0 folders.
[2022.02.27-04.12.34:859][  0]LogNativeClassHierarchy: Verbose: Native class hierarchy updated for 'HierarchicalLODOutliner' in 0.0002 seconds. Added 0 classes and 0 folders.
[2022.02.27-04.12.34:859][  0]LogLoad: (Engine Initialization) Total time: 36.88 seconds
[2022.02.27-04.12.34:859][  0]LogLoad: (Engine Initialization) Total Blueprint compile time: 0.00 seconds
[2022.02.27-04.12.34:933][  0]LogAssetRegistry: Asset discovery search completed in 22.7085 seconds
[2022.02.27-04.12.34:999][  0]LogCollectionManager: Fixed up redirectors for 0 collections in 0.000004 seconds (updated 0 objects)
[2022.02.27-04.12.35:001][  0]LogContentStreaming: Texture pool size now 1000 MB
[2022.02.27-04.12.35:014][  0]LogSlate: Took 0.004747 seconds to synchronously load lazily loaded font '../../../Engine/Content/Slate/Fonts/Roboto-Regular.ttf' (155K)
[2022.02.27-04.12.35:024][  0]LogSlate: Took 0.009226 seconds to synchronously load lazily loaded font '../../../Engine/Content/Editor/Slate/Fonts/FontAwesome.ttf' (139K)
[2022.02.27-04.12.35:030][  0]LogSlate: Took 0.004821 seconds to synchronously load lazily loaded font '../../../Engine/Content/Slate/Fonts/Roboto-Bold.ttf' (160K)
[2022.02.27-04.12.35:157][  0]LogRenderer: Reallocating scene render targets to support 820x500 Format 10 NumSamples 1 (Frame:1).
[2022.02.27-04.12.35:157][  0]LogSlate: Took 0.001274 seconds to synchronously load lazily loaded font '../../../Engine/Content/Slate/Fonts/Roboto-Light.ttf' (167K)
[2022.02.27-04.12.35:301][  1]LogFileCache: Retrieving MD5 hashes for directory 'D:/Schoolwork/Capstone/2-Dimensional/Content/' took 0.41s
[2022.02.27-04.13.37:187][674]LogUObjectHash: Compacting FUObjectHashTables data took   0.98ms
[2022.02.27-04.13.37:356][674]LogSlate: Window 'Ophiuchus - Unreal Editor' being destroyed
[2022.02.27-04.13.38:273][675]Cmd: QUIT_EDITOR
[2022.02.27-04.13.38:273][675]LogCore: Engine exit requested (reason: UUnrealEdEngine::CloseEditor())
[2022.02.27-04.13.38:435][675]LogCore: Engine exit requested (reason: EngineExit() was called; note: exit was already requested)
[2022.02.27-04.13.38:699][675]LogAudio: Display: Beginning Audio Device Manager Shutdown (Module: AudioMixerXAudio2)...
[2022.02.27-04.13.38:699][675]LogAudio: Display: Destroying 1 Remaining Audio Device(s)...
[2022.02.27-04.13.38:710][675]LogAudio: Display: Audio Device unregistered from world 'Untitled_1'.
[2022.02.27-04.13.38:782][675]LogAudioMixer: FMixerPlatformXAudio2::StopAudioStream() called
[2022.02.27-04.13.38:785][675]LogAudioMixer: FMixerPlatformXAudio2::StopAudioStream() called
[2022.02.27-04.13.38:816][675]LogAudio: Display: Audio Device Manager Shutdown
[2022.02.27-04.13.38:831][675]LogWindowsTextInputMethodSystem: Display: IME system deactivated.
[2022.02.27-04.13.38:840][675]LogExit: Preparing to exit.
[2022.02.27-04.13.39:490][675]LogUObjectHash: Compacting FUObjectHashTables data took   1.29ms
[2022.02.27-04.13.40:752][675]LogDemo: Cleaned up 0 splitscreen connections with owner deletion
[2022.02.27-04.13.41:282][675]LogWorld: UWorld::CleanupWorld for None, bSessionEnded=true, bCleanupResources=true
[2022.02.27-04.13.41:301][675]LogExit: Editor shut down
[2022.02.27-04.13.41:302][675]LogExit: Transaction tracking system shut down
[2022.02.27-04.13.44:060][675]LogExit: Object subsystem successfully closed.
[2022.02.27-04.13.44:100][675]LogShaderCompilers: Display: === FShaderJobCache stats ===
[2022.02.27-04.13.44:100][675]LogShaderCompilers: Display: Total job queries 0, among them cache hits 0 (0.00%)
[2022.02.27-04.13.44:100][675]LogShaderCompilers: Display: Tracking 0 distinct input hashes that result in 0 distinct outputs (0.00%)
[2022.02.27-04.13.44:110][675]LogShaderCompilers: Display: RAM used: 0.00 MB (0.00 GB) of 819.20 MB (0.80 GB) budget. Usage: 0.00%
[2022.02.27-04.13.44:110][675]LogShaderCompilers: Display: ================================================
[2022.02.27-04.13.44:288][675]LogShaderCompilers: Display: Shaders left to compile 0
[2022.02.27-04.13.46:385][675]LogModuleManager: Shutting down and abandoning module HierarchicalLODOutliner (872)
[2022.02.27-04.13.46:385][675]LogModuleManager: Shutting down and abandoning module SceneOutliner (870)
[2022.02.27-04.13.46:394][675]LogModuleManager: Shutting down and abandoning module AddContentDialog (868)
[2022.02.27-04.13.46:414][675]LogModuleManager: Shutting down and abandoning module WidgetCarousel (867)
[2022.02.27-04.13.46:414][675]LogModuleManager: Shutting down and abandoning module EditorWidgets (864)
[2022.02.27-04.13.46:414][675]LogModuleManager: Shutting down and abandoning module StatsViewer (862)
[2022.02.27-04.13.46:439][675]LogModuleManager: Shutting down and abandoning module PIEPreviewDeviceProfileSelector (860)
[2022.02.27-04.13.46:448][675]LogModuleManager: Shutting down and abandoning module SequenceRecorderSections (858)
[2022.02.27-04.13.46:449][675]LogModuleManager: Shutting down and abandoning module AutomationWorker (856)
[2022.02.27-04.13.46:456][675]LogModuleManager: Shutting down and abandoning module SteamVREditor (854)
[2022.02.27-04.13.46:456][675]LogModuleManager: Shutting down and abandoning module OculusMR (852)
[2022.02.27-04.13.46:456][675]LogModuleManager: Shutting down and abandoning module TakeRecorderSources (850)
[2022.02.27-04.13.46:491][675]LogModuleManager: Shutting down and abandoning module TakeRecorder (849)
[2022.02.27-04.13.46:501][675]LogModuleManager: Shutting down and abandoning module TakeTrackRecorders (846)
[2022.02.27-04.13.46:510][675]LogModuleManager: Shutting down and abandoning module TakesCore (844)
[2022.02.27-04.13.46:515][675]LogModuleManager: Shutting down and abandoning module OpenXRInput (842)
[2022.02.27-04.13.46:533][675]LogModuleManager: Shutting down and abandoning module GooglePADEditor (840)
[2022.02.27-04.13.46:533][675]LogModuleManager: Shutting down and abandoning module AudioCaptureEditor (838)
[2022.02.27-04.13.46:533][675]LogModuleManager: Shutting down and abandoning module TemplateSequenceEditor (836)
[2022.02.27-04.13.46:544][675]LogModuleManager: Shutting down and abandoning module MatineeToLevelSequence (834)
[2022.02.27-04.13.46:561][675]LogModuleManager: Shutting down and abandoning module LevelSequenceEditor (832)
[2022.02.27-04.13.46:623][675]LogModuleManager: Shutting down and abandoning module ActorSequenceEditor (830)
[2022.02.27-04.13.46:634][675]LogModuleManager: Shutting down and abandoning module WmfMediaFactory (828)
[2022.02.27-04.13.46:634][675]LogModuleManager: Shutting down and abandoning module WmfMediaEditor (826)
[2022.02.27-04.13.46:634][675]LogModuleManager: Shutting down and abandoning module WebMMediaFactory (824)
[2022.02.27-04.13.46:635][675]LogModuleManager: Shutting down and abandoning module WebMMediaEditor (822)
[2022.02.27-04.13.46:635][675]LogModuleManager: Shutting down and abandoning module WebMMedia (820)
[2022.02.27-04.13.46:646][675]LogModuleManager: Shutting down and abandoning module MediaPlayerEditor (818)
[2022.02.27-04.13.46:687][675]LogModuleManager: Shutting down and abandoning module MediaCompositingEditor (816)
[2022.02.27-04.13.46:713][675]LogModuleManager: Shutting down and abandoning module SequenceRecorder (815)
[2022.02.27-04.13.46:713][675]LogModuleManager: Shutting down and abandoning module OpenExrWrapper (812)
[2022.02.27-04.13.46:713][675]LogModuleManager: Shutting down and abandoning module ImgMediaFactory (810)
[2022.02.27-04.13.46:713][675]LogModuleManager: Shutting down and abandoning module ImgMediaEditor (808)
[2022.02.27-04.13.46:713][675]LogModuleManager: Shutting down and abandoning module AvfMediaFactory (806)
[2022.02.27-04.13.46:714][675]LogModuleManager: Shutting down and abandoning module AvfMediaEditor (804)
[2022.02.27-04.13.46:714][675]LogModuleManager: Shutting down and abandoning module AndroidMediaFactory (802)
[2022.02.27-04.13.46:714][675]LogModuleManager: Shutting down and abandoning module AndroidMediaEditor (800)
[2022.02.27-04.13.46:714][675]LogModuleManager: Shutting down and abandoning module MagicLeapMediaCodecFactory (798)
[2022.02.27-04.13.46:714][675]LogModuleManager: Shutting down and abandoning module MagicLeapMediaFactory (796)
[2022.02.27-04.13.46:714][675]LogModuleManager: Shutting down and abandoning module MagicLeapMediaEditor (794)
[2022.02.27-04.13.46:714][675]LogModuleManager: Shutting down and abandoning module PlanarCut (792)
[2022.02.27-04.13.46:726][675]LogModuleManager: Shutting down and abandoning module CharacterAI (790)
[2022.02.27-04.13.46:727][675]LogModuleManager: Shutting down and abandoning module TextureAlignMode (788)
[2022.02.27-04.13.46:727][675]LogModuleManager: Shutting down and abandoning module BspMode (786)
[2022.02.27-04.13.46:727][675]LogModuleManager: Shutting down and abandoning module GeometryMode (784)
[2022.02.27-04.13.46:734][675]LogModuleManager: Shutting down and abandoning module CameraShakePreviewer (782)
[2022.02.27-04.13.46:745][675]LogModuleManager: Shutting down and abandoning module SmartSnapping (780)
[2022.02.27-04.13.46:746][675]LogModuleManager: Shutting down and abandoning module SessionServices (778)
[2022.02.27-04.13.46:746][675]LogModuleManager: Shutting down and abandoning module MeshPaint (776)
[2022.02.27-04.13.46:795][675]LogModuleManager: Shutting down and abandoning module VirtualTexturingEditor (774)
[2022.02.27-04.13.46:800][675]LogModuleManager: Shutting down and abandoning module FoliageEdit (772)
[2022.02.27-04.13.46:875][675]LogModuleManager: Shutting down and abandoning module LandscapeEditor (770)
[2022.02.27-04.13.46:898][675]LogModuleManager: Shutting down and abandoning module MeshPaintMode (768)
[2022.02.27-04.13.46:898][675]LogModuleManager: Shutting down and abandoning module SceneDepthPickerMode (766)
[2022.02.27-04.13.46:898][675]LogModuleManager: Shutting down and abandoning module ActorPickerMode (764)
[2022.02.27-04.13.46:898][675]LogModuleManager: Shutting down and abandoning module PlacementMode (762)
[2022.02.27-04.13.46:899][675]LogModuleManager: Shutting down and abandoning module ViewportSnapping (760)
[2022.02.27-04.13.46:899][675]LogModuleManager: Shutting down and abandoning module ViewportInteraction (758)
[2022.02.27-04.13.46:899][675]LogModuleManager: Shutting down and abandoning module ClothPainter (756)
[2022.02.27-04.13.46:920][675]LogModuleManager: Shutting down and abandoning module SkeletalMeshEditor (755)
[2022.02.27-04.13.46:937][675]LogModuleManager: Shutting down and abandoning module LogVisualizer (752)
[2022.02.27-04.13.46:958][675]LogModuleManager: Shutting down and abandoning module IntroTutorials (750)
[2022.02.27-04.13.46:982][675]LogModuleManager: Shutting down and abandoning module GameProjectGeneration (749)
[2022.02.27-04.13.46:982][675]LogModuleManager: Shutting down and abandoning module LuminPlatformEditor (746)
[2022.02.27-04.13.46:983][675]LogModuleManager: Shutting down and abandoning module IOSPlatformEditor (744)
[2022.02.27-04.13.46:991][675]LogModuleManager: Shutting down and abandoning module AndroidPlatformEditor (742)
[2022.02.27-04.13.46:998][675]LogModuleManager: Shutting down and abandoning module AndroidDeviceDetection (741)
