Log file open, 12/05/21 03:01:32
LogWindows: Failed to load 'aqProf.dll' (GetLastError=126)
LogWindows: File 'aqProf.dll' does not exist
LogWindows: Failed to load 'VtuneApi.dll' (GetLastError=126)
LogWindows: File 'VtuneApi.dll' does not exist
LogWindows: Failed to load 'VtuneApi32e.dll' (GetLastError=126)
LogWindows: File 'VtuneApi32e.dll' does not exist
LogConsoleResponse: Display: Failed to find resolution value strings in scalability ini. Falling back to default.
LogConsoleResponse: Display: Failed to find resolution value strings in scalability ini. Falling back to default.
LogInit: Display: Running engine for game: Ophiuchus
LogPlatformFile: Not using cached read wrapper
LogTaskGraph: Started task graph with 5 named threads and 23 total threads with 3 sets of task threads.
LogStats: Stats thread started at 0.391217
LogICUInternationalization: ICU TimeZone Detection - Raw Offset: -5:00, Platform Override: ''
LogInit: Display: Loading text-based GConfig....
LogPluginManager: Mounting plugin MeshPainting
LogPluginManager: Mounting plugin XGEController
LogPluginManager: Mounting plugin Paper2D
LogPluginManager: Mounting plugin LiveLink
LogPluginManager: Mounting plugin AISupport
LogPluginManager: Mounting plugin EnvironmentQueryEditor
LogPluginManager: Mounting plugin LightPropagationVolume
LogPluginManager: Mounting plugin CameraShakePreviewer
LogPluginManager: Mounting plugin GameplayCameras
LogPluginManager: Mounting plugin OodleData
LogPluginManager: Mounting plugin OodleNetwork
LogPluginManager: Mounting plugin AnimationSharing
LogPluginManager: Mounting plugin CLionSourceCodeAccess
LogPluginManager: Mounting plugin CodeLiteSourceCodeAccess
LogPluginManager: Mounting plugin GitSourceControl
LogPluginManager: Mounting plugin KDevelopSourceCodeAccess
LogPluginManager: Mounting plugin NullSourceCodeAccess
LogPluginManager: Mounting plugin PerforceSourceControl
LogPluginManager: Mounting plugin PlasticSourceControl
LogPluginManager: Mounting plugin PixWinPlugin
LogPluginManager: Mounting plugin PluginUtils
LogPluginManager: Mounting plugin PropertyAccessNode
LogPluginManager: Mounting plugin SubversionSourceControl
LogPluginManager: Mounting plugin RiderSourceCodeAccess
LogPluginManager: Mounting plugin TextureFormatOodle
LogPluginManager: Mounting plugin UObjectPlugin
LogPluginManager: Mounting plugin VisualStudioCodeSourceCodeAccess
LogPluginManager: Mounting plugin VisualStudioSourceCodeAccess
LogPluginManager: Mounting plugin XCodeSourceCodeAccess
LogPluginManager: Mounting plugin AssetManagerEditor
LogPluginManager: Mounting plugin CurveEditorTools
LogPluginManager: Mounting plugin CryptoKeys
LogPluginManager: Mounting plugin DatasmithContent
LogPluginManager: Mounting plugin DataValidation
LogPluginManager: Mounting plugin FacialAnimation
LogPluginManager: Mounting plugin GameplayTagsEditor
LogPluginManager: Mounting plugin GeometryMode
LogPluginManager: Mounting plugin MacGraphicsSwitching
LogPluginManager: Mounting plugin MaterialAnalyzer
LogPluginManager: Mounting plugin PluginBrowser
LogPluginManager: Mounting plugin MobileLauncherProfileWizard
LogPluginManager: Mounting plugin SpeedTreeImporter
LogPluginManager: Mounting plugin VariantManagerContent
LogPluginManager: Mounting plugin AlembicImporter
LogPluginManager: Mounting plugin AutomationUtils
LogPluginManager: Mounting plugin BackChannel
LogPluginManager: Mounting plugin ChaosCloth
LogPluginManager: Mounting plugin ChaosClothEditor
LogPluginManager: Mounting plugin ChaosNiagara
LogPluginManager: Mounting plugin ChaosEditor
LogPluginManager: Mounting plugin ChaosSolverPlugin
LogPluginManager: Mounting plugin CharacterAI
LogPluginManager: Mounting plugin GeometryCache
LogPluginManager: Mounting plugin GeometryCollectionPlugin
LogPluginManager: Mounting plugin GeometryProcessing
LogPluginManager: Mounting plugin MotoSynth
LogPluginManager: Mounting plugin Niagara
LogPluginManager: Mounting plugin OpenImageDenoise
LogPluginManager: Mounting plugin PlanarCut
LogPluginManager: Mounting plugin PlatformCrypto
LogPluginManager: Mounting plugin ProxyLODPlugin
LogPluginManager: Mounting plugin PythonScriptPlugin
LogPluginManager: Mounting plugin SkeletalReduction
LogPluginManager: Mounting plugin LuminPlatformFeatures
LogPluginManager: Mounting plugin MagicLeap
LogPluginManager: Mounting plugin MagicLeapLightEstimation
LogPluginManager: Mounting plugin MagicLeapMedia
LogPluginManager: Mounting plugin MagicLeapPassableWorld
LogPluginManager: Mounting plugin MLSDK
LogPluginManager: Mounting plugin AndroidMedia
LogPluginManager: Mounting plugin AvfMedia
LogPluginManager: Mounting plugin ImgMedia
LogPluginManager: Mounting plugin MediaCompositing
LogPluginManager: Mounting plugin MediaPlayerEditor
LogPluginManager: Mounting plugin WebMMedia
LogPluginManager: Mounting plugin WmfMedia
LogPluginManager: Mounting plugin ActorSequence
LogPluginManager: Mounting plugin TcpMessaging
LogPluginManager: Mounting plugin UdpMessaging
LogPluginManager: Mounting plugin LevelSequenceEditor
LogPluginManager: Mounting plugin MatineeToLevelSequence
LogPluginManager: Mounting plugin TemplateSequence
LogPluginManager: Mounting plugin OnlineSubsystem
LogPluginManager: Mounting plugin OnlineSubsystemNull
LogPluginManager: Mounting plugin LauncherChunkInstaller
LogPluginManager: Mounting plugin OnlineSubsystemUtils
LogPluginManager: Mounting plugin ActorLayerUtilities
LogPluginManager: Mounting plugin AndroidPermission
LogPluginManager: Mounting plugin AndroidMoviePlayer
LogPluginManager: Mounting plugin AndroidDeviceProfileSelector
LogPluginManager: Mounting plugin AppleImageUtils
LogPluginManager: Mounting plugin AppleMoviePlayer
LogPluginManager: Mounting plugin ArchVisCharacter
LogPluginManager: Mounting plugin AssetTags
LogPluginManager: Mounting plugin AudioCapture
LogPluginManager: Mounting plugin CableComponent
LogPluginManager: Mounting plugin AudioSynesthesia
LogPluginManager: Mounting plugin ChunkDownloader
LogPluginManager: Mounting plugin CustomMeshComponent
LogPluginManager: Mounting plugin EditableMesh
LogPluginManager: Mounting plugin ExampleDeviceProfileSelector
LogPluginManager: Mounting plugin GoogleCloudMessaging
LogPluginManager: Mounting plugin GooglePAD
LogPluginManager: Mounting plugin IOSDeviceProfileSelector
LogPluginManager: Mounting plugin LinuxDeviceProfileSelector
LogPluginManager: Mounting plugin LocationServicesBPLibrary
LogPluginManager: Mounting plugin MobilePatchingUtils
LogPluginManager: Mounting plugin OpenXR
LogPluginManager: Mounting plugin OpenXREyeTracker
LogPluginManager: Mounting plugin OpenXRHandTracking
LogPluginManager: Mounting plugin PhysXVehicles
LogPluginManager: Mounting plugin PostSplashScreen
LogPluginManager: Mounting plugin ProceduralMeshComponent
LogPluginManager: Mounting plugin PropertyAccessEditor
LogPluginManager: Mounting plugin RuntimePhysXCooking
LogPluginManager: Mounting plugin SignificanceManager
LogPluginManager: Mounting plugin SoundFields
LogPluginManager: Mounting plugin Synthesis
LogPluginManager: Mounting plugin WebMMoviePlayer
LogPluginManager: Mounting plugin WindowsMoviePlayer
LogPluginManager: Mounting plugin ScreenshotTools
LogPluginManager: Mounting plugin Takes
LogPluginManager: Mounting plugin ContentBrowserClassDataSource
LogPluginManager: Mounting plugin ContentBrowserAssetDataSource
LogPluginManager: Mounting plugin ContentBrowserFileDataSource
LogPluginManager: Mounting plugin OnlineSubsystemGooglePlay
LogPluginManager: Mounting plugin OnlineSubsystemIOS
LogPluginManager: Mounting plugin OculusVR
LogPluginManager: Mounting plugin SteamVR
PixWinPlugin: PIX capture plugin failed to initialize! Check that the process is launched from PIX.
LogInit: Using libcurl 7.55.1-DEV
LogInit:  - built for x86_64-pc-win32
LogInit:  - supports SSL with OpenSSL/1.1.1
LogInit:  - supports HTTP deflate (compression) using libz 1.2.8
LogInit:  - other features:
LogInit:      CURL_VERSION_SSL
LogInit:      CURL_VERSION_LIBZ
LogInit:      CURL_VERSION_IPV6
LogInit:      CURL_VERSION_ASYNCHDNS
LogInit:      CURL_VERSION_LARGEFILE
LogInit:      CURL_VERSION_IDN
LogInit:  CurlRequestOptions (configurable via config and command line):
LogInit:  - bVerifyPeer = true  - Libcurl will verify peer certificate
LogInit:  - bUseHttpProxy = false  - Libcurl will NOT use HTTP proxy
LogInit:  - bDontReuseConnections = false  - Libcurl will reuse connections
LogInit:  - MaxHostConnections = 16  - Libcurl will limit the number of connections to a host
LogInit:  - LocalHostAddr = Default
LogInit:  - BufferSize = 65536
LogOnline: OSS: Creating online subsystem instance for: NULL
LogInit: WinSock: version 1.1 (2.2), MaxSocks=32767, MaxUdp=65467
LogOnline: OSS: TryLoadSubsystemAndSetDefault: Loaded subsystem for module [NULL]
LogOculusPluginWrapper: OculusPlugin initialized successfully
LogHMD: Failed initializing OVRPlugin 1.59.0
LogInit: Build: ++UE4+Release-4.27-CL-17735300
LogInit: Engine Version: 4.27.1-17735300+++UE4+Release-4.27
LogInit: Compatible Engine Version: 4.27.0-17155196+++UE4+Release-4.27
LogInit: Net CL: 17155196
LogInit: OS: Windows 10 (Release 2009) (), CPU: Intel(R) Core(TM) i7-7700HQ CPU @ 2.80GHz, GPU: NVIDIA GeForce GTX 1060
LogInit: Compiled (64-bit): Oct  6 2021 14:42:51
LogInit: Compiled with Visual C++: 19.24.28315.00
LogInit: Build Configuration: Development
LogInit: Branch Name: ++UE4+Release-4.27
LogInit: Command Line: 
LogInit: Base Directory: D:/IDE/UE_4.27/Engine/Binaries/Win64/
LogInit: Allocator: TBB
LogInit: Installed Engine Build: 1
LogDevObjectVersion: Number of dev versions registered: 29
LogDevObjectVersion:   Dev-Blueprints (B0D832E4-1F89-4F0D-ACCF-7EB736FD4AA2): 10
LogDevObjectVersion:   Dev-Build (E1C64328-A22C-4D53-A36C-8E866417BD8C): 0
LogDevObjectVersion:   Dev-Core (375EC13C-06E4-48FB-B500-84F0262A717E): 4
LogDevObjectVersion:   Dev-Editor (E4B068ED-F494-42E9-A231-DA0B2E46BB41): 40
LogDevObjectVersion:   Dev-Framework (CFFC743F-43B0-4480-9391-14DF171D2073): 37
LogDevObjectVersion:   Dev-Mobile (B02B49B5-BB20-44E9-A304-32B752E40360): 3
LogDevObjectVersion:   Dev-Networking (A4E4105C-59A1-49B5-A7C5-40C4547EDFEE): 0
LogDevObjectVersion:   Dev-Online (39C831C9-5AE6-47DC-9A44-9C173E1C8E7C): 0
LogDevObjectVersion:   Dev-Physics (78F01B33-EBEA-4F98-B9B4-84EACCB95AA2): 14
LogDevObjectVersion:   Dev-Platform (6631380F-2D4D-43E0-8009-CF276956A95A): 0
LogDevObjectVersion:   Dev-Rendering (12F88B9F-8875-4AFC-A67C-D90C383ABD29): 45
LogDevObjectVersion:   Dev-Sequencer (7B5AE74C-D270-4C10-A958-57980B212A5A): 13
LogDevObjectVersion:   Dev-VR (D7296918-1DD6-4BDD-9DE2-64A83CC13884): 3
LogDevObjectVersion:   Dev-LoadTimes (C2A15278-BFE7-4AFE-6C17-90FF531DF755): 1
LogDevObjectVersion:   Private-Geometry (6EACA3D4-40EC-4CC1-B786-8BED09428FC5): 3
LogDevObjectVersion:   Dev-AnimPhys (29E575DD-E0A3-4627-9D10-D276232CDCEA): 17
LogDevObjectVersion:   Dev-Anim (AF43A65D-7FD3-4947-9873-3E8ED9C1BB05): 15
LogDevObjectVersion:   Dev-ReflectionCapture (6B266CEC-1EC7-4B8F-A30B-E4D90942FC07): 1
LogDevObjectVersion:   Dev-Automation (0DF73D61-A23F-47EA-B727-89E90C41499A): 1
LogDevObjectVersion:   FortniteMain (601D1886-AC64-4F84-AA16-D3DE0DEAC7D6): 47
LogDevObjectVersion:   FortniteRelease (E7086368-6B23-4C58-8439-1B7016265E91): 1
LogDevObjectVersion:   Dev-Enterprise (9DFFBCD6-494F-0158-E221-12823C92A888): 10
LogDevObjectVersion:   Dev-Niagara (F2AED0AC-9AFE-416F-8664-AA7FFA26D6FC): 1
LogDevObjectVersion:   Dev-Destruction (174F1F0B-B4C6-45A5-B13F-2EE8D0FB917D): 10
LogDevObjectVersion:   Dev-Physics-Ext (35F94A83-E258-406C-A318-09F59610247C): 41
LogDevObjectVersion:   Dev-PhysicsMaterial-Chaos (B68FC16E-8B1B-42E2-B453-215C058844FE): 1
LogDevObjectVersion:   Dev-CineCamera (B2E18506-4273-CFC2-A54E-F4BB758BBA07): 1
LogDevObjectVersion:   Dev-VirtualProduction (64F58936-FD1B-42BA-BA96-7289D5D0FA4E): 1
LogDevObjectVersion:   Dev-MediaFramework (6F0ED827-A609-4895-9C91-998D90180EA4): 2
LogInit: Presizing for max 25165824 objects, including 0 objects not considered by GC, pre-allocating 0 bytes for permanent pool.
LogConfig: Applying CVar settings from Section [/Script/Engine.StreamingSettings] File [D:/Schoolwork/2D/2-Dimensional/Saved/Config/Windows/Engine.ini]
LogConfig: Setting CVar [[s.MinBulkDataSizeForAsyncLoading:131072]]
LogConfig: Setting CVar [[s.AsyncLoadingThreadEnabled:0]]
LogConfig: Setting CVar [[s.EventDrivenLoaderEnabled:1]]
LogConfig: Setting CVar [[s.WarnIfTimeLimitExceeded:0]]
LogConfig: Setting CVar [[s.TimeLimitExceededMultiplier:1.5]]
LogConfig: Setting CVar [[s.TimeLimitExceededMinTime:0.005]]
LogConfig: Setting CVar [[s.UseBackgroundLevelStreaming:1]]
LogConfig: Setting CVar [[s.PriorityAsyncLoadingExtraTime:15.0]]
LogConfig: Setting CVar [[s.LevelStreamingActorsUpdateTimeLimit:5.0]]
LogConfig: Setting CVar [[s.PriorityLevelStreamingActorsUpdateExtraTime:5.0]]
LogConfig: Setting CVar [[s.LevelStreamingComponentsRegistrationGranularity:10]]
LogConfig: Setting CVar [[s.UnregisterComponentsTimeLimit:1.0]]
LogConfig: Setting CVar [[s.LevelStreamingComponentsUnregistrationGranularity:5]]
LogConfig: Setting CVar [[s.FlushStreamingOnExit:1]]
LogInit: Object subsystem initialized
LogConfig: Setting CVar [[con.DebugEarlyDefault:1]]
LogConfig: Setting CVar [[r.setres:1280x720]]
[2021.12.05-08.01.33:767][  0]LogConfig: Setting CVar [[r.VSync:0]]
[2021.12.05-08.01.33:767][  0]LogConfig: Setting CVar [[r.RHICmdBypass:0]]
[2021.12.05-08.01.33:767][  0]LogConfig: Applying CVar settings from Section [/Script/Engine.RendererSettings] File [D:/Schoolwork/2D/2-Dimensional/Saved/Config/Windows/Engine.ini]
[2021.12.05-08.01.33:767][  0]LogConfig: Setting CVar [[r.GPUCrashDebugging:0]]
[2021.12.05-08.01.33:767][  0]LogConfig: Applying CVar settings from Section [/Script/Engine.RendererOverrideSettings] File [D:/Schoolwork/2D/2-Dimensional/Saved/Config/Windows/Engine.ini]
[2021.12.05-08.01.33:767][  0]LogConfig: Applying CVar settings from Section [/Script/Engine.StreamingSettings] File [D:/Schoolwork/2D/2-Dimensional/Saved/Config/Windows/Engine.ini]
[2021.12.05-08.01.33:767][  0]LogConfig: Setting CVar [[s.MinBulkDataSizeForAsyncLoading:131072]]
[2021.12.05-08.01.33:767][  0]LogConfig: Setting CVar [[s.AsyncLoadingThreadEnabled:0]]
[2021.12.05-08.01.33:767][  0]LogConfig: Setting CVar [[s.EventDrivenLoaderEnabled:1]]
[2021.12.05-08.01.33:767][  0]LogConfig: Setting CVar [[s.WarnIfTimeLimitExceeded:0]]
[2021.12.05-08.01.33:767][  0]LogConfig: Setting CVar [[s.TimeLimitExceededMultiplier:1.5]]
[2021.12.05-08.01.33:767][  0]LogConfig: Setting CVar [[s.TimeLimitExceededMinTime:0.005]]
[2021.12.05-08.01.33:767][  0]LogConfig: Setting CVar [[s.UseBackgroundLevelStreaming:1]]
[2021.12.05-08.01.33:768][  0]LogConfig: Setting CVar [[s.PriorityAsyncLoadingExtraTime:15.0]]
[2021.12.05-08.01.33:768][  0]LogConfig: Setting CVar [[s.LevelStreamingActorsUpdateTimeLimit:5.0]]
[2021.12.05-08.01.33:768][  0]LogConfig: Setting CVar [[s.PriorityLevelStreamingActorsUpdateExtraTime:5.0]]
[2021.12.05-08.01.33:768][  0]LogConfig: Setting CVar [[s.LevelStreamingComponentsRegistrationGranularity:10]]
[2021.12.05-08.01.33:768][  0]LogConfig: Setting CVar [[s.UnregisterComponentsTimeLimit:1.0]]
[2021.12.05-08.01.33:768][  0]LogConfig: Setting CVar [[s.LevelStreamingComponentsUnregistrationGranularity:5]]
[2021.12.05-08.01.33:768][  0]LogConfig: Setting CVar [[s.FlushStreamingOnExit:1]]
[2021.12.05-08.01.33:768][  0]LogConfig: Applying CVar settings from Section [/Script/Engine.GarbageCollectionSettings] File [D:/Schoolwork/2D/2-Dimensional/Saved/Config/Windows/Engine.ini]
[2021.12.05-08.01.33:768][  0]LogConfig: Setting CVar [[gc.MaxObjectsNotConsideredByGC:1]]
[2021.12.05-08.01.33:768][  0]LogConfig: Setting CVar [[gc.SizeOfPermanentObjectPool:0]]
[2021.12.05-08.01.33:768][  0]LogConfig: Setting CVar [[gc.FlushStreamingOnGC:0]]
[2021.12.05-08.01.33:768][  0]LogConfig: Setting CVar [[gc.NumRetriesBeforeForcingGC:10]]
[2021.12.05-08.01.33:768][  0]LogConfig: Setting CVar [[gc.AllowParallelGC:1]]
[2021.12.05-08.01.33:768][  0]LogConfig: Setting CVar [[gc.TimeBetweenPurgingPendingKillObjects:61.1]]
[2021.12.05-08.01.33:768][  0]LogConfig: Setting CVar [[gc.MaxObjectsInEditor:25165824]]
[2021.12.05-08.01.33:768][  0]LogConfig: Setting CVar [[gc.IncrementalBeginDestroyEnabled:1]]
[2021.12.05-08.01.33:768][  0]LogConfig: Setting CVar [[gc.CreateGCClusters:1]]
[2021.12.05-08.01.33:768][  0]LogConfig: Setting CVar [[gc.MinGCClusterSize:5]]
[2021.12.05-08.01.33:768][  0]LogConfig: Setting CVar [[gc.ActorClusteringEnabled:0]]
[2021.12.05-08.01.33:768][  0]LogConfig: Setting CVar [[gc.BlueprintClusteringEnabled:0]]
[2021.12.05-08.01.33:768][  0]LogConfig: Setting CVar [[gc.UseDisregardForGCOnDedicatedServers:0]]
[2021.12.05-08.01.33:768][  0]LogConfig: Setting CVar [[gc.MultithreadedDestructionEnabled:1]]
[2021.12.05-08.01.33:768][  0]LogConfig: Applying CVar settings from Section [/Script/Engine.NetworkSettings] File [D:/Schoolwork/2D/2-Dimensional/Saved/Config/Windows/Engine.ini]
[2021.12.05-08.01.33:768][  0]LogConfig: Applying CVar settings from Section [/Script/UnrealEd.CookerSettings] File [D:/Schoolwork/2D/2-Dimensional/Saved/Config/Windows/Engine.ini]
[2021.12.05-08.01.33:781][  0]LogConfig: Applying CVar settings from Section [ViewDistanceQuality@3] File [D:/Schoolwork/2D/2-Dimensional/Saved/Config/Windows/Scalability.ini]
[2021.12.05-08.01.33:781][  0]LogConfig: Setting CVar [[r.SkeletalMeshLODBias:0]]
[2021.12.05-08.01.33:781][  0]LogConfig: Setting CVar [[r.ViewDistanceScale:1.0]]
[2021.12.05-08.01.33:781][  0]LogConfig: Applying CVar settings from Section [AntiAliasingQuality@3] File [D:/Schoolwork/2D/2-Dimensional/Saved/Config/Windows/Scalability.ini]
[2021.12.05-08.01.33:781][  0]LogConfig: Setting CVar [[r.PostProcessAAQuality:4]]
[2021.12.05-08.01.33:781][  0]LogConfig: Applying CVar settings from Section [ShadowQuality@3] File [D:/Schoolwork/2D/2-Dimensional/Saved/Config/Windows/Scalability.ini]
[2021.12.05-08.01.33:781][  0]LogConfig: Setting CVar [[r.LightFunctionQuality:1]]
[2021.12.05-08.01.33:781][  0]LogConfig: Setting CVar [[r.ShadowQuality:5]]
[2021.12.05-08.01.33:781][  0]LogConfig: Setting CVar [[r.Shadow.CSM.MaxCascades:10]]
[2021.12.05-08.01.33:781][  0]LogConfig: Setting CVar [[r.Shadow.MaxResolution:2048]]
[2021.12.05-08.01.33:782][  0]LogConfig: Setting CVar [[r.Shadow.MaxCSMResolution:2048]]
[2021.12.05-08.01.33:782][  0]LogConfig: Setting CVar [[r.Shadow.RadiusThreshold:0.01]]
[2021.12.05-08.01.33:782][  0]LogConfig: Setting CVar [[r.Shadow.DistanceScale:1.0]]
[2021.12.05-08.01.33:782][  0]LogConfig: Setting CVar [[r.Shadow.CSM.TransitionScale:1.0]]
[2021.12.05-08.01.33:782][  0]LogConfig: Setting CVar [[r.Shadow.PreShadowResolutionFactor:1.0]]
[2021.12.05-08.01.33:782][  0]LogConfig: Setting CVar [[r.DistanceFieldShadowing:1]]
[2021.12.05-08.01.33:782][  0]LogConfig: Setting CVar [[r.DistanceFieldAO:1]]
[2021.12.05-08.01.33:782][  0]LogConfig: Setting CVar [[r.AOQuality:2]]
[2021.12.05-08.01.33:782][  0]LogConfig: Setting CVar [[r.VolumetricFog:1]]
[2021.12.05-08.01.33:782][  0]LogConfig: Setting CVar [[r.VolumetricFog.GridPixelSize:8]]
[2021.12.05-08.01.33:782][  0]LogConfig: Setting CVar [[r.VolumetricFog.GridSizeZ:128]]
[2021.12.05-08.01.33:782][  0]LogConfig: Setting CVar [[r.VolumetricFog.HistoryMissSupersampleCount:4]]
[2021.12.05-08.01.33:782][  0]LogConfig: Setting CVar [[r.LightMaxDrawDistanceScale:1]]
[2021.12.05-08.01.33:782][  0]LogConfig: Setting CVar [[r.CapsuleShadows:1]]
[2021.12.05-08.01.33:782][  0]LogConfig: Applying CVar settings from Section [PostProcessQuality@3] File [D:/Schoolwork/2D/2-Dimensional/Saved/Config/Windows/Scalability.ini]
[2021.12.05-08.01.33:782][  0]LogConfig: Setting CVar [[r.MotionBlurQuality:4]]
[2021.12.05-08.01.33:782][  0]LogConfig: Setting CVar [[r.AmbientOcclusionMipLevelFactor:0.4]]
[2021.12.05-08.01.33:782][  0]LogConfig: Setting CVar [[r.AmbientOcclusionMaxQuality:100]]
[2021.12.05-08.01.33:782][  0]LogConfig: Setting CVar [[r.AmbientOcclusionLevels:-1]]
[2021.12.05-08.01.33:782][  0]LogConfig: Setting CVar [[r.AmbientOcclusionRadiusScale:1.0]]
[2021.12.05-08.01.33:782][  0]LogConfig: Setting CVar [[r.DepthOfFieldQuality:2]]
[2021.12.05-08.01.33:782][  0]LogConfig: Setting CVar [[r.RenderTargetPoolMin:400]]
[2021.12.05-08.01.33:782][  0]LogConfig: Setting CVar [[r.LensFlareQuality:2]]
[2021.12.05-08.01.33:782][  0]LogConfig: Setting CVar [[r.SceneColorFringeQuality:1]]
[2021.12.05-08.01.33:782][  0]LogConfig: Setting CVar [[r.EyeAdaptationQuality:2]]
[2021.12.05-08.01.33:782][  0]LogConfig: Setting CVar [[r.BloomQuality:5]]
[2021.12.05-08.01.33:782][  0]LogConfig: Setting CVar [[r.FastBlurThreshold:100]]
[2021.12.05-08.01.33:782][  0]LogConfig: Setting CVar [[r.Upscale.Quality:3]]
[2021.12.05-08.01.33:782][  0]LogConfig: Setting CVar [[r.Tonemapper.GrainQuantization:1]]
[2021.12.05-08.01.33:782][  0]LogConfig: Setting CVar [[r.LightShaftQuality:1]]
[2021.12.05-08.01.33:782][  0]LogConfig: Setting CVar [[r.Filter.SizeScale:1]]
[2021.12.05-08.01.33:782][  0]LogConfig: Setting CVar [[r.Tonemapper.Quality:5]]
[2021.12.05-08.01.33:782][  0]LogConfig: Setting CVar [[r.DOF.Gather.AccumulatorQuality:1        ; higher gathering accumulator quality]]
[2021.12.05-08.01.33:782][  0]LogConfig: Setting CVar [[r.DOF.Gather.PostfilterMethod:1          ; Median3x3 postfilering method]]
[2021.12.05-08.01.33:782][  0]LogConfig: Setting CVar [[r.DOF.Gather.EnableBokehSettings:0       ; no bokeh simulation when gathering]]
[2021.12.05-08.01.33:782][  0]LogConfig: Setting CVar [[r.DOF.Gather.RingCount:4                 ; medium number of samples when gathering]]
[2021.12.05-08.01.33:782][  0]LogConfig: Setting CVar [[r.DOF.Scatter.ForegroundCompositing:1    ; additive foreground scattering]]
[2021.12.05-08.01.33:782][  0]LogConfig: Setting CVar [[r.DOF.Scatter.BackgroundCompositing:2    ; additive background scattering]]
[2021.12.05-08.01.33:782][  0]LogConfig: Setting CVar [[r.DOF.Scatter.EnableBokehSettings:1      ; bokeh simulation when scattering]]
[2021.12.05-08.01.33:782][  0]LogConfig: Setting CVar [[r.DOF.Scatter.MaxSpriteRatio:0.1         ; only a maximum of 10% of scattered bokeh]]
[2021.12.05-08.01.33:782][  0]LogConfig: Setting CVar [[r.DOF.Recombine.Quality:1                ; cheap slight out of focus]]
[2021.12.05-08.01.33:782][  0]LogConfig: Setting CVar [[r.DOF.Recombine.EnableBokehSettings:0    ; no bokeh simulation on slight out of focus]]
[2021.12.05-08.01.33:782][  0]LogConfig: Setting CVar [[r.DOF.TemporalAAQuality:1                ; more stable temporal accumulation]]
[2021.12.05-08.01.33:782][  0]LogConfig: Setting CVar [[r.DOF.Kernel.MaxForegroundRadius:0.025]]
[2021.12.05-08.01.33:783][  0]LogConfig: Setting CVar [[r.DOF.Kernel.MaxBackgroundRadius:0.025]]
[2021.12.05-08.01.33:783][  0]LogConfig: Applying CVar settings from Section [TextureQuality@3] File [D:/Schoolwork/2D/2-Dimensional/Saved/Config/Windows/Scalability.ini]
[2021.12.05-08.01.33:783][  0]LogConfig: Setting CVar [[r.Streaming.MipBias:0]]
[2021.12.05-08.01.33:783][  0]LogConfig: Setting CVar [[r.Streaming.AmortizeCPUToGPUCopy:0]]
[2021.12.05-08.01.33:783][  0]LogConfig: Setting CVar [[r.Streaming.MaxNumTexturesToStreamPerFrame:0]]
[2021.12.05-08.01.33:783][  0]LogConfig: Setting CVar [[r.Streaming.Boost:1]]
[2021.12.05-08.01.33:783][  0]LogConfig: Setting CVar [[r.MaxAnisotropy:8]]
[2021.12.05-08.01.33:783][  0]LogConfig: Setting CVar [[r.VT.MaxAnisotropy:8]]
[2021.12.05-08.01.33:783][  0]LogConfig: Setting CVar [[r.Streaming.LimitPoolSizeToVRAM:0]]
[2021.12.05-08.01.33:783][  0]LogConfig: Setting CVar [[r.Streaming.PoolSize:1000]]
[2021.12.05-08.01.33:783][  0]LogConfig: Setting CVar [[r.Streaming.MaxEffectiveScreenSize:0]]
[2021.12.05-08.01.33:783][  0]LogConfig: Applying CVar settings from Section [EffectsQuality@3] File [D:/Schoolwork/2D/2-Dimensional/Saved/Config/Windows/Scalability.ini]
[2021.12.05-08.01.33:783][  0]LogConfig: Setting CVar [[r.TranslucencyLightingVolumeDim:64]]
[2021.12.05-08.01.33:783][  0]LogConfig: Setting CVar [[r.RefractionQuality:2]]
[2021.12.05-08.01.33:783][  0]LogConfig: Setting CVar [[r.SSR.Quality:3]]
[2021.12.05-08.01.33:783][  0]LogConfig: Setting CVar [[r.SSR.HalfResSceneColor:0]]
[2021.12.05-08.01.33:783][  0]LogConfig: Setting CVar [[r.SceneColorFormat:4]]
[2021.12.05-08.01.33:783][  0]LogConfig: Setting CVar [[r.DetailMode:2]]
[2021.12.05-08.01.33:783][  0]LogConfig: Setting CVar [[r.TranslucencyVolumeBlur:1]]
[2021.12.05-08.01.33:783][  0]LogConfig: Setting CVar [[r.MaterialQualityLevel:1 ; High quality]]
[2021.12.05-08.01.33:783][  0]LogConfig: Setting CVar [[r.AnisotropicMaterials:1]]
[2021.12.05-08.01.33:783][  0]LogConfig: Setting CVar [[r.SSS.Scale:1]]
[2021.12.05-08.01.33:783][  0]LogConfig: Setting CVar [[r.SSS.SampleSet:2]]
[2021.12.05-08.01.33:783][  0]LogConfig: Setting CVar [[r.SSS.Quality:1]]
[2021.12.05-08.01.33:783][  0]LogConfig: Setting CVar [[r.SSS.HalfRes:0]]
[2021.12.05-08.01.33:783][  0]LogConfig: Setting CVar [[r.SSGI.Quality:3]]
[2021.12.05-08.01.33:783][  0]LogConfig: Setting CVar [[r.EmitterSpawnRateScale:1.0]]
[2021.12.05-08.01.33:783][  0]LogConfig: Setting CVar [[r.ParticleLightQuality:2]]
[2021.12.05-08.01.33:783][  0]LogConfig: Setting CVar [[r.SkyAtmosphere.AerialPerspectiveLUT.FastApplyOnOpaque:1 ; Always have FastSkyLUT 1 in this case to avoid wrong sky]]
[2021.12.05-08.01.33:783][  0]LogConfig: Setting CVar [[r.SkyAtmosphere.AerialPerspectiveLUT.SampleCountMaxPerSlice:4]]
[2021.12.05-08.01.33:783][  0]LogConfig: Setting CVar [[r.SkyAtmosphere.AerialPerspectiveLUT.DepthResolution:16.0]]
[2021.12.05-08.01.33:783][  0]LogConfig: Setting CVar [[r.SkyAtmosphere.FastSkyLUT:1]]
[2021.12.05-08.01.33:783][  0]LogConfig: Setting CVar [[r.SkyAtmosphere.FastSkyLUT.SampleCountMin:4.0]]
[2021.12.05-08.01.33:783][  0]LogConfig: Setting CVar [[r.SkyAtmosphere.FastSkyLUT.SampleCountMax:128.0]]
[2021.12.05-08.01.33:783][  0]LogConfig: Setting CVar [[r.SkyAtmosphere.SampleCountMin:4.0]]
[2021.12.05-08.01.33:783][  0]LogConfig: Setting CVar [[r.SkyAtmosphere.SampleCountMax:128.0]]
[2021.12.05-08.01.33:783][  0]LogConfig: Setting CVar [[r.SkyAtmosphere.TransmittanceLUT.UseSmallFormat:0]]
[2021.12.05-08.01.33:783][  0]LogConfig: Setting CVar [[r.SkyAtmosphere.TransmittanceLUT.SampleCount:10.0]]
[2021.12.05-08.01.33:783][  0]LogConfig: Setting CVar [[r.SkyAtmosphere.MultiScatteringLUT.SampleCount:15.0]]
[2021.12.05-08.01.33:783][  0]LogConfig: Setting CVar [[r.SkyLight.RealTimeReflectionCapture:1]]
[2021.12.05-08.01.33:783][  0]LogConfig: Applying CVar settings from Section [FoliageQuality@3] File [D:/Schoolwork/2D/2-Dimensional/Saved/Config/Windows/Scalability.ini]
[2021.12.05-08.01.33:783][  0]LogConfig: Setting CVar [[foliage.DensityScale:1.0]]
[2021.12.05-08.01.33:783][  0]LogConfig: Setting CVar [[grass.DensityScale:1.0]]
[2021.12.05-08.01.33:783][  0]LogConfig: Applying CVar settings from Section [ShadingQuality@3] File [D:/Schoolwork/2D/2-Dimensional/Saved/Config/Windows/Scalability.ini]
[2021.12.05-08.01.33:783][  0]LogConfig: Setting CVar [[r.HairStrands.SkyLighting.IntegrationType:2]]
[2021.12.05-08.01.33:783][  0]LogConfig: Setting CVar [[r.HairStrands.SkyAO.SampleCount:4]]
[2021.12.05-08.01.33:783][  0]LogConfig: Setting CVar [[r.HairStrands.Visibility.MSAA.SamplePerPixel:4]]
[2021.12.05-08.01.33:783][  0]LogInit: Selected Device Profile: [Windows]
[2021.12.05-08.01.33:783][  0]LogInit: Applying CVar settings loaded from the selected device profile: [Windows]
[2021.12.05-08.01.33:784][  0]LogHAL: Display: Platform has ~ 16 GB [17133694976 / 17179869184 / 16], which maps to Larger [LargestMinGB=32, LargerMinGB=12, DefaultMinGB=8, SmallerMinGB=6, SmallestMinGB=0)
[2021.12.05-08.01.33:784][  0]LogInit: Going up to parent DeviceProfile []
[2021.12.05-08.01.33:784][  0]LogConfig: Applying CVar settings from Section [ViewDistanceQuality@3] File [D:/Schoolwork/2D/2-Dimensional/Saved/Config/Windows/Scalability.ini]
[2021.12.05-08.01.33:784][  0]LogConfig: Setting CVar [[r.SkeletalMeshLODBias:0]]
[2021.12.05-08.01.33:784][  0]LogConfig: Setting CVar [[r.ViewDistanceScale:1.0]]
[2021.12.05-08.01.33:784][  0]LogConfig: Applying CVar settings from Section [AntiAliasingQuality@3] File [D:/Schoolwork/2D/2-Dimensional/Saved/Config/Windows/Scalability.ini]
[2021.12.05-08.01.33:784][  0]LogConfig: Setting CVar [[r.PostProcessAAQuality:4]]
[2021.12.05-08.01.33:784][  0]LogConfig: Applying CVar settings from Section [ShadowQuality@3] File [D:/Schoolwork/2D/2-Dimensional/Saved/Config/Windows/Scalability.ini]
[2021.12.05-08.01.33:784][  0]LogConfig: Setting CVar [[r.LightFunctionQuality:1]]
[2021.12.05-08.01.33:784][  0]LogConfig: Setting CVar [[r.ShadowQuality:5]]
[2021.12.05-08.01.33:784][  0]LogConfig: Setting CVar [[r.Shadow.CSM.MaxCascades:10]]
[2021.12.05-08.01.33:784][  0]LogConfig: Setting CVar [[r.Shadow.MaxResolution:2048]]
[2021.12.05-08.01.33:784][  0]LogConfig: Setting CVar [[r.Shadow.MaxCSMResolution:2048]]
[2021.12.05-08.01.33:784][  0]LogConfig: Setting CVar [[r.Shadow.RadiusThreshold:0.01]]
[2021.12.05-08.01.33:784][  0]LogConfig: Setting CVar [[r.Shadow.DistanceScale:1.0]]
[2021.12.05-08.01.33:784][  0]LogConfig: Setting CVar [[r.Shadow.CSM.TransitionScale:1.0]]
[2021.12.05-08.01.33:784][  0]LogConfig: Setting CVar [[r.Shadow.PreShadowResolutionFactor:1.0]]
[2021.12.05-08.01.33:784][  0]LogConfig: Setting CVar [[r.DistanceFieldShadowing:1]]
[2021.12.05-08.01.33:784][  0]LogConfig: Setting CVar [[r.DistanceFieldAO:1]]
[2021.12.05-08.01.33:784][  0]LogConfig: Setting CVar [[r.AOQuality:2]]
[2021.12.05-08.01.33:784][  0]LogConfig: Setting CVar [[r.VolumetricFog:1]]
[2021.12.05-08.01.33:784][  0]LogConfig: Setting CVar [[r.VolumetricFog.GridPixelSize:8]]
[2021.12.05-08.01.33:784][  0]LogConfig: Setting CVar [[r.VolumetricFog.GridSizeZ:128]]
[2021.12.05-08.01.33:784][  0]LogConfig: Setting CVar [[r.VolumetricFog.HistoryMissSupersampleCount:4]]
[2021.12.05-08.01.33:784][  0]LogConfig: Setting CVar [[r.LightMaxDrawDistanceScale:1]]
[2021.12.05-08.01.33:784][  0]LogConfig: Setting CVar [[r.CapsuleShadows:1]]
[2021.12.05-08.01.33:784][  0]LogConfig: Applying CVar settings from Section [PostProcessQuality@3] File [D:/Schoolwork/2D/2-Dimensional/Saved/Config/Windows/Scalability.ini]
[2021.12.05-08.01.33:784][  0]LogConfig: Setting CVar [[r.MotionBlurQuality:4]]
[2021.12.05-08.01.33:784][  0]LogConfig: Setting CVar [[r.AmbientOcclusionMipLevelFactor:0.4]]
[2021.12.05-08.01.33:784][  0]LogConfig: Setting CVar [[r.AmbientOcclusionMaxQuality:100]]
[2021.12.05-08.01.33:784][  0]LogConfig: Setting CVar [[r.AmbientOcclusionLevels:-1]]
[2021.12.05-08.01.33:784][  0]LogConfig: Setting CVar [[r.AmbientOcclusionRadiusScale:1.0]]
[2021.12.05-08.01.33:784][  0]LogConfig: Setting CVar [[r.DepthOfFieldQuality:2]]
[2021.12.05-08.01.33:784][  0]LogConfig: Setting CVar [[r.RenderTargetPoolMin:400]]
[2021.12.05-08.01.33:784][  0]LogConfig: Setting CVar [[r.LensFlareQuality:2]]
[2021.12.05-08.01.33:784][  0]LogConfig: Setting CVar [[r.SceneColorFringeQuality:1]]
[2021.12.05-08.01.33:784][  0]LogConfig: Setting CVar [[r.EyeAdaptationQuality:2]]
[2021.12.05-08.01.33:784][  0]LogConfig: Setting CVar [[r.BloomQuality:5]]
[2021.12.05-08.01.33:784][  0]LogConfig: Setting CVar [[r.FastBlurThreshold:100]]
[2021.12.05-08.01.33:784][  0]LogConfig: Setting CVar [[r.Upscale.Quality:3]]
[2021.12.05-08.01.33:784][  0]LogConfig: Setting CVar [[r.Tonemapper.GrainQuantization:1]]
[2021.12.05-08.01.33:784][  0]LogConfig: Setting CVar [[r.LightShaftQuality:1]]
[2021.12.05-08.01.33:784][  0]LogConfig: Setting CVar [[r.Filter.SizeScale:1]]
[2021.12.05-08.01.33:784][  0]LogConfig: Setting CVar [[r.Tonemapper.Quality:5]]
[2021.12.05-08.01.33:784][  0]LogConfig: Setting CVar [[r.DOF.Gather.AccumulatorQuality:1        ; higher gathering accumulator quality]]
[2021.12.05-08.01.33:784][  0]LogConfig: Setting CVar [[r.DOF.Gather.PostfilterMethod:1          ; Median3x3 postfilering method]]
[2021.12.05-08.01.33:784][  0]LogConfig: Setting CVar [[r.DOF.Gather.EnableBokehSettings:0       ; no bokeh simulation when gathering]]
[2021.12.05-08.01.33:784][  0]LogConfig: Setting CVar [[r.DOF.Gather.RingCount:4                 ; medium number of samples when gathering]]
[2021.12.05-08.01.33:784][  0]LogConfig: Setting CVar [[r.DOF.Scatter.ForegroundCompositing:1    ; additive foreground scattering]]
[2021.12.05-08.01.33:784][  0]LogConfig: Setting CVar [[r.DOF.Scatter.BackgroundCompositing:2    ; additive background scattering]]
[2021.12.05-08.01.33:784][  0]LogConfig: Setting CVar [[r.DOF.Scatter.EnableBokehSettings:1      ; bokeh simulation when scattering]]
[2021.12.05-08.01.33:784][  0]LogConfig: Setting CVar [[r.DOF.Scatter.MaxSpriteRatio:0.1         ; only a maximum of 10% of scattered bokeh]]
[2021.12.05-08.01.33:785][  0]LogConfig: Setting CVar [[r.DOF.Recombine.Quality:1                ; cheap slight out of focus]]
[2021.12.05-08.01.33:785][  0]LogConfig: Setting CVar [[r.DOF.Recombine.EnableBokehSettings:0    ; no bokeh simulation on slight out of focus]]
[2021.12.05-08.01.33:785][  0]LogConfig: Setting CVar [[r.DOF.TemporalAAQuality:1                ; more stable temporal accumulation]]
[2021.12.05-08.01.33:785][  0]LogConfig: Setting CVar [[r.DOF.Kernel.MaxForegroundRadius:0.025]]
[2021.12.05-08.01.33:785][  0]LogConfig: Setting CVar [[r.DOF.Kernel.MaxBackgroundRadius:0.025]]
[2021.12.05-08.01.33:785][  0]LogConfig: Applying CVar settings from Section [TextureQuality@3] File [D:/Schoolwork/2D/2-Dimensional/Saved/Config/Windows/Scalability.ini]
[2021.12.05-08.01.33:785][  0]LogConfig: Setting CVar [[r.Streaming.MipBias:0]]
[2021.12.05-08.01.33:785][  0]LogConfig: Setting CVar [[r.Streaming.AmortizeCPUToGPUCopy:0]]
[2021.12.05-08.01.33:785][  0]LogConfig: Setting CVar [[r.Streaming.MaxNumTexturesToStreamPerFrame:0]]
[2021.12.05-08.01.33:785][  0]LogConfig: Setting CVar [[r.Streaming.Boost:1]]
[2021.12.05-08.01.33:785][  0]LogConfig: Setting CVar [[r.MaxAnisotropy:8]]
[2021.12.05-08.01.33:785][  0]LogConfig: Setting CVar [[r.VT.MaxAnisotropy:8]]
[2021.12.05-08.01.33:785][  0]LogConfig: Setting CVar [[r.Streaming.LimitPoolSizeToVRAM:0]]
[2021.12.05-08.01.33:785][  0]LogConfig: Setting CVar [[r.Streaming.PoolSize:1000]]
[2021.12.05-08.01.33:785][  0]LogConfig: Setting CVar [[r.Streaming.MaxEffectiveScreenSize:0]]
[2021.12.05-08.01.33:785][  0]LogConfig: Applying CVar settings from Section [EffectsQuality@3] File [D:/Schoolwork/2D/2-Dimensional/Saved/Config/Windows/Scalability.ini]
[2021.12.05-08.01.33:785][  0]LogConfig: Setting CVar [[r.TranslucencyLightingVolumeDim:64]]
[2021.12.05-08.01.33:785][  0]LogConfig: Setting CVar [[r.RefractionQuality:2]]
[2021.12.05-08.01.33:785][  0]LogConfig: Setting CVar [[r.SSR.Quality:3]]
[2021.12.05-08.01.33:785][  0]LogConfig: Setting CVar [[r.SSR.HalfResSceneColor:0]]
[2021.12.05-08.01.33:785][  0]LogConfig: Setting CVar [[r.SceneColorFormat:4]]
[2021.12.05-08.01.33:785][  0]LogConfig: Setting CVar [[r.DetailMode:2]]
[2021.12.05-08.01.33:785][  0]LogConfig: Setting CVar [[r.TranslucencyVolumeBlur:1]]
[2021.12.05-08.01.33:785][  0]LogConfig: Setting CVar [[r.MaterialQualityLevel:1 ; High quality]]
[2021.12.05-08.01.33:785][  0]LogConfig: Setting CVar [[r.AnisotropicMaterials:1]]
[2021.12.05-08.01.33:785][  0]LogConfig: Setting CVar [[r.SSS.Scale:1]]
[2021.12.05-08.01.33:785][  0]LogConfig: Setting CVar [[r.SSS.SampleSet:2]]
[2021.12.05-08.01.33:785][  0]LogConfig: Setting CVar [[r.SSS.Quality:1]]
[2021.12.05-08.01.33:785][  0]LogConfig: Setting CVar [[r.SSS.HalfRes:0]]
[2021.12.05-08.01.33:785][  0]LogConfig: Setting CVar [[r.SSGI.Quality:3]]
[2021.12.05-08.01.33:785][  0]LogConfig: Setting CVar [[r.EmitterSpawnRateScale:1.0]]
[2021.12.05-08.01.33:785][  0]LogConfig: Setting CVar [[r.ParticleLightQuality:2]]
[2021.12.05-08.01.33:785][  0]LogConfig: Setting CVar [[r.SkyAtmosphere.AerialPerspectiveLUT.FastApplyOnOpaque:1 ; Always have FastSkyLUT 1 in this case to avoid wrong sky]]
[2021.12.05-08.01.33:785][  0]LogConfig: Setting CVar [[r.SkyAtmosphere.AerialPerspectiveLUT.SampleCountMaxPerSlice:4]]
[2021.12.05-08.01.33:785][  0]LogConfig: Setting CVar [[r.SkyAtmosphere.AerialPerspectiveLUT.DepthResolution:16.0]]
[2021.12.05-08.01.33:785][  0]LogConfig: Setting CVar [[r.SkyAtmosphere.FastSkyLUT:1]]
[2021.12.05-08.01.33:785][  0]LogConfig: Setting CVar [[r.SkyAtmosphere.FastSkyLUT.SampleCountMin:4.0]]
[2021.12.05-08.01.33:785][  0]LogConfig: Setting CVar [[r.SkyAtmosphere.FastSkyLUT.SampleCountMax:128.0]]
[2021.12.05-08.01.33:785][  0]LogConfig: Setting CVar [[r.SkyAtmosphere.SampleCountMin:4.0]]
[2021.12.05-08.01.33:785][  0]LogConfig: Setting CVar [[r.SkyAtmosphere.SampleCountMax:128.0]]
[2021.12.05-08.01.33:785][  0]LogConfig: Setting CVar [[r.SkyAtmosphere.TransmittanceLUT.UseSmallFormat:0]]
[2021.12.05-08.01.33:785][  0]LogConfig: Setting CVar [[r.SkyAtmosphere.TransmittanceLUT.SampleCount:10.0]]
[2021.12.05-08.01.33:785][  0]LogConfig: Setting CVar [[r.SkyAtmosphere.MultiScatteringLUT.SampleCount:15.0]]
[2021.12.05-08.01.33:785][  0]LogConfig: Setting CVar [[r.SkyLight.RealTimeReflectionCapture:1]]
[2021.12.05-08.01.33:785][  0]LogConfig: Applying CVar settings from Section [FoliageQuality@3] File [D:/Schoolwork/2D/2-Dimensional/Saved/Config/Windows/Scalability.ini]
[2021.12.05-08.01.33:785][  0]LogConfig: Setting CVar [[foliage.DensityScale:1.0]]
[2021.12.05-08.01.33:785][  0]LogConfig: Setting CVar [[grass.DensityScale:1.0]]
[2021.12.05-08.01.33:786][  0]LogConfig: Applying CVar settings from Section [ShadingQuality@3] File [D:/Schoolwork/2D/2-Dimensional/Saved/Config/Windows/Scalability.ini]
[2021.12.05-08.01.33:786][  0]LogConfig: Setting CVar [[r.HairStrands.SkyLighting.IntegrationType:2]]
[2021.12.05-08.01.33:786][  0]LogConfig: Setting CVar [[r.HairStrands.SkyAO.SampleCount:4]]
[2021.12.05-08.01.33:786][  0]LogConfig: Setting CVar [[r.HairStrands.Visibility.MSAA.SamplePerPixel:4]]
[2021.12.05-08.01.33:786][  0]LogConfig: Applying CVar settings from Section [Startup] File [../../../Engine/Config/ConsoleVariables.ini]
[2021.12.05-08.01.33:786][  0]LogConfig: Setting CVar [[net.UseAdaptiveNetUpdateFrequency:0]]
[2021.12.05-08.01.33:786][  0]LogConfig: Setting CVar [[p.chaos.AllowCreatePhysxBodies:1]]
[2021.12.05-08.01.33:786][  0]LogConfig: Setting CVar [[fx.SkipVectorVMBackendOptimizations:1]]
[2021.12.05-08.01.33:786][  0]LogConfig: Applying CVar settings from Section [ConsoleVariables] File [D:/Schoolwork/2D/2-Dimensional/Saved/Config/Windows/Engine.ini]
[2021.12.05-08.01.33:786][  0]LogConfig: Applying CVar settings from Section [ConsoleVariables] File [D:/Schoolwork/2D/2-Dimensional/Saved/Config/Windows/Editor.ini]
[2021.12.05-08.01.33:786][  0]LogInit: Computer: DESKTOP-V90OMKG
[2021.12.05-08.01.33:786][  0]LogInit: User: asus
[2021.12.05-08.01.33:786][  0]LogInit: CPU Page size=4096, Cores=4
[2021.12.05-08.01.33:786][  0]LogInit: High frequency timer resolution =10.000000 MHz
[2021.12.05-08.01.33:787][  0]LogMemory: Memory total: Physical=16.0GB (16GB approx)
[2021.12.05-08.01.33:787][  0]LogMemory: Platform Memory Stats for Windows
[2021.12.05-08.01.33:787][  0]LogMemory: Process Physical Memory: 142.21 MB used, 142.21 MB peak
[2021.12.05-08.01.33:787][  0]LogMemory: Process Virtual Memory: 114.75 MB used, 114.75 MB peak
[2021.12.05-08.01.33:787][  0]LogMemory: Physical Memory: 7930.93 MB used,  8409.04 MB free, 16339.96 MB total
[2021.12.05-08.01.33:787][  0]LogMemory: Virtual Memory: 134210816.00 MB used,  6909.36 MB free, 134217728.00 MB total
[2021.12.05-08.01.33:795][  0]LogWindows: WindowsPlatformFeatures enabled
[2021.12.05-08.01.33:871][  0]LogInit: Physics initialised using underlying interface: PhysX
[2021.12.05-08.01.33:873][  0]LogInit: Using OS detected language (en-US).
[2021.12.05-08.01.33:873][  0]LogInit: Using OS detected locale (en-US).
[2021.12.05-08.01.33:887][  0]LogTextLocalizationManager: No specific localization for 'en-US' exists, so the 'en' localization will be used.
[2021.12.05-08.01.34:128][  0]LogInit: Setting process to per monitor DPI aware
[2021.12.05-08.01.34:157][  0]LogWindowsTextInputMethodSystem: Display: IME system deactivated.
[2021.12.05-08.01.34:196][  0]LogSlate: New Slate User Created.  User Index 0, Is Virtual User: 0
[2021.12.05-08.01.34:196][  0]LogSlate: Slate User Registered.  User Index 0, Is Virtual User: 0
[2021.12.05-08.01.34:589][  0]LogD3D11RHI: Loaded GFSDK_Aftermath_Lib.x64.dll
[2021.12.05-08.01.34:593][  0]LogHMD: Failed to initialize OpenVR with code 110
[2021.12.05-08.01.34:593][  0]LogD3D11RHI: D3D11 min allowed feature level: 11_0
[2021.12.05-08.01.34:593][  0]LogD3D11RHI: D3D11 max allowed feature level: 11_0
[2021.12.05-08.01.34:593][  0]LogD3D11RHI: D3D11 adapters:
[2021.12.05-08.01.34:722][  0]LogD3D11RHI:    0. 'NVIDIA GeForce GTX 1060' (Feature Level 11_0)
[2021.12.05-08.01.34:722][  0]LogD3D11RHI:       6052/0/8169 MB DedicatedVideo/DedicatedSystem/SharedSystem, Outputs:3, VendorId:0x10de
[2021.12.05-08.01.34:727][  0]LogD3D11RHI:    1. 'Microsoft Basic Render Driver' (Feature Level 11_0)
[2021.12.05-08.01.34:727][  0]LogD3D11RHI:       0/0/8169 MB DedicatedVideo/DedicatedSystem/SharedSystem, Outputs:0, VendorId:0x1414
[2021.12.05-08.01.34:845][  0]LogD3D11RHI:    2. 'NVIDIA GeForce GTX 1060' (Feature Level 11_0)
[2021.12.05-08.01.34:846][  0]LogD3D11RHI:       6052/0/8169 MB DedicatedVideo/DedicatedSystem/SharedSystem, Outputs:0, VendorId:0x10de
[2021.12.05-08.01.34:846][  0]LogD3D11RHI: Chosen D3D11 Adapter:
[2021.12.05-08.01.34:846][  0]LogD3D11RHI:     Description : NVIDIA GeForce GTX 1060
[2021.12.05-08.01.34:846][  0]LogD3D11RHI:     VendorId    : 10de
[2021.12.05-08.01.34:846][  0]LogD3D11RHI:     DeviceId    : 1c20
[2021.12.05-08.01.34:846][  0]LogD3D11RHI:     SubSysId    : 156e1043
[2021.12.05-08.01.34:846][  0]LogD3D11RHI:     Revision    : 00a1
[2021.12.05-08.01.34:846][  0]LogD3D11RHI:     DedicatedVideoMemory : 6345981952 bytes
[2021.12.05-08.01.34:846][  0]LogD3D11RHI:     DedicatedSystemMemory : 0 bytes
[2021.12.05-08.01.34:846][  0]LogD3D11RHI:     SharedSystemMemory : 8566847488 bytes
[2021.12.05-08.01.34:846][  0]LogD3D11RHI:     AdapterLuid : 0 58649
[2021.12.05-08.01.34:854][  0]LogD3D11RHI: Creating new Direct3DDevice
[2021.12.05-08.01.34:854][  0]LogD3D11RHI:     GPU DeviceId: 0x1c20 (for the marketing name, search the web for "GPU Device Id")
[2021.12.05-08.01.34:854][  0]LogWindows: EnumDisplayDevices:
[2021.12.05-08.01.34:854][  0]LogWindows:    0. 'NVIDIA GeForce GTX 1060' (P:0 D:1)
[2021.12.05-08.01.34:855][  0]LogWindows:    1. 'NVIDIA GeForce GTX 1060' (P:0 D:0)
[2021.12.05-08.01.34:855][  0]LogWindows:    2. 'NVIDIA GeForce GTX 1060' (P:0 D:0)
[2021.12.05-08.01.34:856][  0]LogWindows:    3. 'NVIDIA GeForce GTX 1060' (P:0 D:0)
[2021.12.05-08.01.34:856][  0]LogWindows:    4. 'Insignia USB3.0 to dual HDMI Adapter' (P:0 D:1)
[2021.12.05-08.01.34:856][  0]LogWindows:    5. 'Insignia USB3.0 to dual HDMI Adapter' (P:1 D:1)
[2021.12.05-08.01.34:856][  0]LogWindows: DebugString: GetVideoDriverDetailsInvalid PrimaryIsNotTheChoosenAdapter GetVideoDriverDetailsInvalid PrimaryIsNotTheChoosenAdapter FoundDriverCount:4 
[2021.12.05-08.01.34:856][  0]LogD3D11RHI:     Adapter Name: NVIDIA GeForce GTX 1060
[2021.12.05-08.01.34:857][  0]LogD3D11RHI:   Driver Version: 465.89 (internal:27.21.14.6589, unified:465.89)
[2021.12.05-08.01.34:857][  0]LogD3D11RHI:      Driver Date: 3-25-2021
[2021.12.05-08.01.34:857][  0]LogRHI: Texture pool is 4236 MB (70% of 6052 MB)
[2021.12.05-08.01.34:857][  0]LogD3D11RHI: Creating D3DDevice using adapter:
[2021.12.05-08.01.34:857][  0]LogD3D11RHI:     Description : NVIDIA GeForce GTX 1060
[2021.12.05-08.01.34:857][  0]LogD3D11RHI:     VendorId    : 10de
[2021.12.05-08.01.34:857][  0]LogD3D11RHI:     DeviceId    : 1c20
[2021.12.05-08.01.34:857][  0]LogD3D11RHI:     SubSysId    : 156e1043
[2021.12.05-08.01.34:857][  0]LogD3D11RHI:     Revision    : 00a1
[2021.12.05-08.01.34:857][  0]LogD3D11RHI:     DedicatedVideoMemory : 6345981952 bytes
[2021.12.05-08.01.34:857][  0]LogD3D11RHI:     DedicatedSystemMemory : 0 bytes
[2021.12.05-08.01.34:857][  0]LogD3D11RHI:     SharedSystemMemory : 8566847488 bytes
[2021.12.05-08.01.34:857][  0]LogD3D11RHI:     AdapterLuid : 0 58649
[2021.12.05-08.01.34:960][  0]LogD3D11RHI: RHI has support for 64 bit atomics
[2021.12.05-08.01.34:961][  0]LogD3D11RHI: Async texture creation enabled
[2021.12.05-08.01.34:961][  0]LogD3D11RHI: Array index from any shader is supported
[2021.12.05-08.01.34:986][  0]LogD3D11RHI: GPU Timing Frequency: 1000.000000 (Debug: 2 1)
[2021.12.05-08.01.35:069][  0]LogRHI: GeForceNow SDK initialized: 1
[2021.12.05-08.01.35:529][  0]LogTargetPlatformManager: Display: Loaded TargetPlatform 'AllDesktop'
[2021.12.05-08.01.35:559][  0]LogTargetPlatformManager: Display: Loaded TargetPlatform 'Android'
[2021.12.05-08.01.35:559][  0]LogTargetPlatformManager: Display: Loaded TargetPlatform 'Android_ASTC'
[2021.12.05-08.01.35:559][  0]LogTargetPlatformManager: Display: Loaded TargetPlatform 'Android_DXT'
[2021.12.05-08.01.35:559][  0]LogTargetPlatformManager: Display: Loaded TargetPlatform 'Android_ETC2'
[2021.12.05-08.01.35:559][  0]LogTargetPlatformManager: Display: Loaded TargetPlatform 'AndroidClient'
[2021.12.05-08.01.35:559][  0]LogTargetPlatformManager: Display: Loaded TargetPlatform 'Android_ASTCClient'
[2021.12.05-08.01.35:559][  0]LogTargetPlatformManager: Display: Loaded TargetPlatform 'Android_DXTClient'
[2021.12.05-08.01.35:559][  0]LogTargetPlatformManager: Display: Loaded TargetPlatform 'Android_ETC2Client'
[2021.12.05-08.01.35:559][  0]LogTargetPlatformManager: Display: Loaded TargetPlatform 'Android_Multi'
[2021.12.05-08.01.35:559][  0]LogTargetPlatformManager: Display: Loaded TargetPlatform 'Android_MultiClient'
[2021.12.05-08.01.35:583][  0]LogTargetPlatformManager: Display: Loaded TargetPlatform 'IOSClient'
[2021.12.05-08.01.35:584][  0]LogTargetPlatformManager: Display: Loaded TargetPlatform 'IOS'
[2021.12.05-08.01.35:599][  0]LogTargetPlatformManager: Display: Loaded TargetPlatform 'Linux'
[2021.12.05-08.01.35:605][  0]LogTargetPlatformManager: Display: Loaded TargetPlatform 'LinuxNoEditor'
[2021.12.05-08.01.35:611][  0]LogTargetPlatformManager: Display: Loaded TargetPlatform 'LinuxClient'
[2021.12.05-08.01.35:618][  0]LogTargetPlatformManager: Display: Loaded TargetPlatform 'LinuxServer'
[2021.12.05-08.01.35:633][  0]LogTargetPlatformManager: Display: Loaded TargetPlatform 'LinuxAArch64NoEditor'
[2021.12.05-08.01.35:639][  0]LogTargetPlatformManager: Display: Loaded TargetPlatform 'LinuxAArch64Client'
[2021.12.05-08.01.35:644][  0]LogTargetPlatformManager: Display: Loaded TargetPlatform 'LinuxAArch64Server'
[2021.12.05-08.01.35:682][  0]LogTargetPlatformManager: Display: Loaded TargetPlatform 'Lumin'
[2021.12.05-08.01.35:682][  0]LogTargetPlatformManager: Display: Loaded TargetPlatform 'LuminClient'
[2021.12.05-08.01.35:694][  0]LogTargetPlatformManager: Display: Loaded TargetPlatform 'MacNoEditor'
[2021.12.05-08.01.35:701][  0]LogTargetPlatformManager: Display: Loaded TargetPlatform 'Mac'
[2021.12.05-08.01.35:706][  0]LogTargetPlatformManager: Display: Loaded TargetPlatform 'MacClient'
[2021.12.05-08.01.35:712][  0]LogTargetPlatformManager: Display: Loaded TargetPlatform 'MacServer'
[2021.12.05-08.01.35:727][  0]LogTargetPlatformManager: Display: Loaded TargetPlatform 'TVOSClient'
[2021.12.05-08.01.35:727][  0]LogTargetPlatformManager: Display: Loaded TargetPlatform 'TVOS'
[2021.12.05-08.01.35:742][  0]LogTargetPlatformManager: Display: Loaded TargetPlatform 'WindowsNoEditor'
[2021.12.05-08.01.35:749][  0]LogTargetPlatformManager: Display: Loaded TargetPlatform 'Windows'
[2021.12.05-08.01.35:755][  0]LogTargetPlatformManager: Display: Loaded TargetPlatform 'WindowsClient'
[2021.12.05-08.01.35:763][  0]LogTargetPlatformManager: Display: Loaded TargetPlatform 'WindowsServer'
[2021.12.05-08.01.35:763][  0]LogTargetPlatformManager: Display: Building Assets For Windows
[2021.12.05-08.01.35:774][  0]LogAudioDebug: Display: Lib vorbis DLL was dynamically loaded.
[2021.12.05-08.01.35:844][  0]LogTextureFormatOodle: Display: Oodle Texture 2.9.0 init RDO Off
[2021.12.05-08.01.35:892][  0]LogRendererCore: Ray tracing is disabled. Reason: r.RayTracing=0.
[2021.12.05-08.01.35:892][  0]LogShaderCompilers: Guid format shader working directory is 2 characters bigger than the processId version (../../../../../Schoolwork/2D/2-Dimensional/Intermediate/Shaders/WorkingDirectory/19468/).
[2021.12.05-08.01.35:892][  0]LogShaderCompilers: Cleaned the shader compiler working directory 'C:/Users/asus/AppData/Local/Temp/UnrealShaderWorkingDir/AEFDDB9E477260128C1B30A2A8591D2E/'.
[2021.12.05-08.01.35:893][  0]LogXGEController: Cannot use XGE Controller as Incredibuild is not installed on this machine.
[2021.12.05-08.01.35:893][  0]LogShaderCompilers: Cannot use XGE Shader Compiler as Incredibuild is not installed on this machine.
[2021.12.05-08.01.35:893][  0]LogShaderCompilers: Display: Using Local Shader Compiler.
[2021.12.05-08.01.36:830][  0]LogDerivedDataCache: Display: Max Cache Size: 512 MB
[2021.12.05-08.01.36:903][  0]LogDerivedDataCache: Loaded boot cache 0.07s 94MB C:/Users/asus/AppData/Local/UnrealEngine/4.27/DerivedDataCache/Boot.ddc.
[2021.12.05-08.01.36:903][  0]LogDerivedDataCache: Display: Loaded Boot cache: C:/Users/asus/AppData/Local/UnrealEngine/4.27/DerivedDataCache/Boot.ddc
[2021.12.05-08.01.36:903][  0]LogDerivedDataCache: FDerivedDataBackendGraph:  Pak pak cache file ../../../../../Schoolwork/2D/2-Dimensional/DerivedDataCache/DDC.ddp not found, will not use a pak cache.
[2021.12.05-08.01.36:903][  0]LogDerivedDataCache: Unable to find inner node Pak for hierarchical cache Hierarchy.
[2021.12.05-08.01.36:904][  0]LogDerivedDataCache: FDerivedDataBackendGraph:  CompressedPak pak cache file ../../../../../Schoolwork/2D/2-Dimensional/DerivedDataCache/Compressed.ddp not found, will not use a pak cache.
[2021.12.05-08.01.36:904][  0]LogDerivedDataCache: Unable to find inner node CompressedPak for hierarchical cache Hierarchy.
[2021.12.05-08.01.36:921][  0]LogDerivedDataCache: Display: Pak cache opened for reading ../../../Engine/DerivedDataCache/Compressed.ddp.
[2021.12.05-08.01.36:921][  0]LogDerivedDataCache: FDerivedDataBackendGraph:  EnterprisePak pak cache file ../../../Enterprise/DerivedDataCache/Compressed.ddp not found, will not use a pak cache.
[2021.12.05-08.01.36:921][  0]LogDerivedDataCache: Unable to find inner node EnterprisePak for hierarchical cache Hierarchy.
[2021.12.05-08.01.36:931][  0]LogDerivedDataCache: Speed tests for C:/Users/asus/AppData/Local/UnrealEngine/Common/DerivedDataCache took 0.01 seconds
[2021.12.05-08.01.36:931][  0]LogDerivedDataCache: Display: Performance to C:/Users/asus/AppData/Local/UnrealEngine/Common/DerivedDataCache: Latency=0.05ms. RandomReadSpeed=651.63MBs, RandomWriteSpeed=114.11MBs. Assigned SpeedClass 'Local'
[2021.12.05-08.01.36:932][  0]LogDerivedDataCache: Using Local data cache path C:/Users/asus/AppData/Local/UnrealEngine/Common/DerivedDataCache: Writable
[2021.12.05-08.01.36:932][  0]LogDerivedDataCache: Shared data cache path not found in *engine.ini, will not use an Shared cache.
[2021.12.05-08.01.36:932][  0]LogDerivedDataCache: Unable to find inner node Shared for hierarchical cache Hierarchy.
[2021.12.05-08.01.36:984][  0]LogSlate: Using FreeType 2.10.0
[2021.12.05-08.01.36:985][  0]LogSlate: SlateFontServices - WITH_FREETYPE: 1, WITH_HARFBUZZ: 1
[2021.12.05-08.01.37:024][  0]LogAssetRegistry: FAssetRegistry took 0.0031 seconds to start up
[2021.12.05-08.01.37:334][  0]LogInit: Selected Device Profile: [Windows]
[2021.12.05-08.01.37:334][  0]LogInit: Active device profile: [000001D97535B500][000001D97481AE00 49] Windows
[2021.12.05-08.01.37:334][  0]LogInit: Profiles: [000001D97535B500][000001D97481AE00 49] Windows, [000001D975308D00][000001D965B32F80 49] WindowsNoEditor, [000001D975358D00][000001D965B37100 49] WindowsServer, [000001D97530AC00][000001D975831280 49] WindowsClient, [000001D97535AB00][000001D975835400 49] IOS, [000001D975309700][000001D975839580 49] iPadAir, [000001D975359600][000001D97583D700 49] iPadAir2, [000001D9752C3900][000001D9758459C0 49] IPadPro, [000001D9752C3A00][000001D975841A00 49] iPadAir3, [000001D97535A500][000001D975849B80 49] iPadAir4, [000001D9752C1200][000001D97584C180 49] iPadMini2, [000001D97535BE00][000001D975850300 49] iPadMini3, [000001D9752C2600][000001D975854480 49] iPadMini4, [000001D975358100][000001D965B2E5C0 49] iPadMini5, [000001D9752FF200][000001D97585C800 49] iPhone6, [000001D9752FF300][000001D975858840 49] iPodTouch6, [000001D9752C0500][000001D975868AC0 49] iPhone7, [000001D9752C0300][000001D975860B00 49] iPodTouch7, [000001D9752FD100][000001D97586CC80 49] iPhone5S, [000001D9752C0D00][000001D975870E00 49] iPhone6Plus, [000001D9752FE700][000001D975874F80 49] iPhone6S, [000001D9752C3800][000001D975879100 49] iPhone6SPlus, [000001D9752FFB00][000001D97587D280 49] iPhone7Plus, [000001D9752C1700][000001D975881400 49] iPhoneSE, [000001D9752FC700][000001D975885580 49] iPhone8, [000001D9752C3200][000001D975889700 49] iPhone8Plus, [000001D9752FFF00][000001D97588D880 49] iPhoneX, [000001D9752C3F00][000001D975891A00 49] iPhoneXS, [000001D9752FD000][000001D975895B80 49] iPhoneXSMax, [000001D9752C3300][000001D975898180 49] iPhoneXR, [000001D9752FF800][000001D97589C300 49] iPhone11, [000001D9752C1500][000001D9758A0480 49] iPhone11Pro, [000001D9752FF600][000001D9758A4600 49] iPhone11ProMax, [000001D9752C0600][000001D975864740 49] iPhoneSE2, [000001D9752FDF00][000001D9758A8880 49] iPhone12Mini, [000001D9752C2C00][000001D9758AC9C0 49] iPhone12, [000001D9752FED00][000001D9758B0B00 49] iPhone12Pro, [000001D9752C1900][000001D9758B8C80 49] iPhone12ProMax, [000001D9752FC100][000001D9758BCE00 49] iPadPro105, [000001D9752C3E00][000001D9758C0F80 49] iPadPro129, [000001D9752FD600][000001D97593D100 49] iPadPro97, [000001D9752C2A00][000001D96C183280 49] iPadPro2_129, [000001D9752FCD00][000001D96C19F400 49] iPad5, [000001D9752C1D00][000001D96C1A3580 49] iPad6, [000001D9752FD300][000001D975BC5700 49] iPad7, [000001D9752C2B00][000001D972315880 49] iPad8, [000001D9752FE400][000001D972319A00 49] iPadPro11, [000001D9752C2E00][000001D97231DB80 49] iPadPro2_11, [000001D9752FFD00][000001D972320180 49] iPadPro3_129, [000001D9752C0200][000001D972324300 49] iPadPro4_129, [000001D9752FD800][000001D972328480 49] AppleTV, [000001D9752C2800][000001D97232C600 49] AppleTV4K, [000001D9752FE500][000001D972330780 49] TVOS, [000001D9752C2D00][000001D972334900 49] Mac, [000001D9752FC800][000001D9758B4A40 49] MacClient, [000001D9752C3C00][000001D972338B80 49] MacNoEditor, [000001D9752FCF00][000001D97233CCC0 49] MacServer, [000001D9752C1600][000001D972344E40 49] Linux, [000001D97530A600][000001D972348FC0 49] LinuxAArch64, [000001D975398F00][000001D97239B140 49] LinuxNoEditor, [000001D975308600][000001D97239F2C0 49] LinuxAArch64NoEditor, [000001D975399B00][000001D9723CD440 49] LinuxClient, [000001D97530B900][000001D9723ED5C0 49] LinuxAArch64Client, [000001D975398600][000001D9723F1740 49] LinuxServer, [000001D97530BC00][000001D96C05B8C0 49] LinuxAArch64Server, [000001D975399200][000001D96BF41A40 49] Android, [000001D97530BA00][000001D96BF45BC0 49] Android_Low, [000001D975398700][000001D96BF481C0 49] Android_Mid, [000001D97530A300][000001D96BF4C340 49] Android_High, [000001D97539A400][000001D96BF504C0 49] Android_Default, [000001D97530B200][000001D96BF54640 49] Android_Adreno4xx, [000001D975399700][000001D96BF587C0 49] Android_Adreno5xx_Low, [000001D97530BF00][000001D96C0A6940 49] Android_Adreno5xx, [000001D975398D00][000001D97684AAC0 49] Android_Adreno6xx, [000001D97530A400][000001D972340C00 49] Android_Adreno6xx_Vulkan, [000001D97539A100][000001D976858D40 49] Android_Mali_T6xx, [000001D975308A00][000001D9758C4E80 49] Android_Mali_T7xx, [000001D975398800][000001D9758D2FC0 49] Android_Mali_T8xx, [000001D97530AD00][000001D9758DB140 49] Android_Mali_G71, [000001D975398E00][000001D9758DF2C0 49] Android_Mali_G72, [000001D9752C0700][000001D9758E3440 49] Android_Mali_G72_Vulkan, [000001D9752FE900][000001D96BEE55C0 49] Android_Mali_G76, [000001D9752C1F00][000001D975917740 49] Android_Mali_G76_Vulkan, [000001D9752FCA00][000001D97591B8C0 49] Android_Mali_G77, [000001D9752C1A00][000001D975923A40 49] Android_Mali_G77_Vulkan, [000001D9752FEE00][000001D975927BC0 49] Android_Mali_G78, [000001D9752C2500][000001D9577AC1C0 49] Android_Mali_G78_Vulkan, [000001D975398100][000001D97592A340 49] Android_Mali_G710, [000001D9752C2900][000001D97592E4C0 49] Android_Mali_G710_Vulkan, [000001D97539A700][000001D975932640 49] Android_Vulkan_SM5, [000001D9752C1400][000001D9759B07C0 49] Android_PowerVR_G6xxx, [000001D97539A500][000001D9577A8940 49] Android_PowerVR_GT7xxx, [000001D9752C3600][000001D97591EAC0 49] Android_PowerVR_GE8xxx, [000001D975399600][000001D96BF1CC40 49] Android_PowerVR_GM9xxx, [000001D9752C1800][000001D9758D6D80 49] Android_PowerVR_GM9xxx_Vulkan, [000001D97539A600][000001D9759B4EC0 49] Android_TegraK1, [000001D9752C0100][000001D9759B9000 49] Android_Unknown_Vulkan, [000001D975398B00][000001D9759BD140 49] Lumin, [000001D9752C0A00][000001D9759C52C0 49] Lumin_Desktop, [000001D975398400][000001D9759C9440 49] HoloLens, 
[2021.12.05-08.01.37:499][  0]LogMeshReduction: Using QuadricMeshReduction for automatic static mesh reduction
[2021.12.05-08.01.37:499][  0]LogMeshReduction: Using SimplygonMeshReduction for automatic skeletal mesh reduction
[2021.12.05-08.01.37:499][  0]LogMeshReduction: Using ProxyLODMeshReduction for automatic mesh merging
[2021.12.05-08.01.37:499][  0]LogMeshReduction: No distributed automatic mesh merging module available
[2021.12.05-08.01.37:499][  0]LogMeshMerging: No distributed automatic mesh merging module available
[2021.12.05-08.01.37:529][  0]LogNetVersion: Ophiuchus 1.0.0, NetCL: 17155196, EngineNetVer: 17, GameNetVer: 0 (Checksum: 3122980587)
[2021.12.05-08.01.38:117][  0]LogTexture: Default maximum texture size for cubemaps generated from long-lat sources has been changed from 512 to unlimited. In order to preserve old behaiour for '/Engine/MapTemplates/Sky/DaylightAmbientCubemap.DaylightAmbientCubemap', its maximum texture size has been explicitly set to 512.
[2021.12.05-08.01.38:205][  0]LogHMD: PokeAHoleMaterial loaded successfully
[2021.12.05-08.01.38:210][  0]LogUObjectArray: 17178 objects as part of root set at end of initial load.
[2021.12.05-08.01.38:210][  0]LogUObjectAllocator: 4301856 out of 0 bytes used by permanent object pool.
[2021.12.05-08.01.38:211][  0]LogUObjectArray: CloseDisregardForGC: 0/0 objects in disregard for GC pool
[2021.12.05-08.01.38:659][  0]LogNiagaraDebuggerClient: Niagara Debugger Client Initialized | Session: 1E524FEE42F801E20AACDEB7CDD5EE58 | Instance: DD2C3CFB4ECFC52AE45D83B8858A4C39 (DESKTOP-V90OMKG-19468).
[2021.12.05-08.01.38:710][  0]LogImageWrapper: Warning: PNG Warning: Duplicate iCCP chunk
[2021.12.05-08.01.38:710][  0]LogImageWrapper: Warning: PNG Warning: Duplicate iCCP chunk
[2021.12.05-08.01.38:710][  0]LogPython: Using Python 3.7.7
[2021.12.05-08.01.39:519][  0]LogTcpMessaging: Initializing TcpMessaging bridge
[2021.12.05-08.01.39:525][  0]LogUdpMessaging: Initializing bridge on interface 0.0.0.0:0 to multicast group 230.0.0.1:6666.
[2021.12.05-08.01.39:626][  0]LogLinker: Warning: Failed to load '/Game/2DSideScrollerBP/2DSideScrollerOverview': Can't find file.
[2021.12.05-08.01.39:627][  0]LogLinker: Warning: Failed to load '/Game/2DSideScrollerBP/2DSideScrollerOverview': Can't find file.
[2021.12.05-08.01.39:627][  0]LogUObjectGlobals: Warning: Failed to find object 'Class /Game/2DSideScrollerBP/2DSideScrollerOverview.2DSideScrollerOverview_C'
[2021.12.05-08.01.39:806][  0]SourceControl: Source control is disabled
[2021.12.05-08.01.39:806][  0]SourceControl: Source control is disabled
[2021.12.05-08.01.39:811][  0]SourceControl: Source control is disabled
[2021.12.05-08.01.39:815][  0]SourceControl: Source control is disabled
[2021.12.05-08.01.39:823][  0]SourceControl: Source control is disabled
[2021.12.05-08.01.39:839][  0]LogUProjectInfo: Found projects:
[2021.12.05-08.01.40:197][  0]LogOpenImageDenoise: OIDN starting up
[2021.12.05-08.01.40:282][  0]LogAndroidPermission: UAndroidPermissionCallbackProxy::GetInstance
[2021.12.05-08.01.40:315][  0]LogAudioCaptureCore: Display: No Audio Capture implementations found. Audio input will be silent.
[2021.12.05-08.01.40:315][  0]LogAudioCaptureCore: Display: No Audio Capture implementations found. Audio input will be silent.
[2021.12.05-08.01.40:498][  0]LogCollectionManager: Loaded 0 collections in 0.001039 seconds
[2021.12.05-08.01.40:545][  0]LogFileCache: Scanning file cache for directory 'D:/Schoolwork/2D/2-Dimensional/Saved/Collections/' took 0.00s
[2021.12.05-08.01.40:545][  0]LogFileCache: Scanning file cache for directory 'D:/Schoolwork/2D/2-Dimensional/Content/Developers/asus/Collections/' took 0.00s
[2021.12.05-08.01.40:545][  0]LogFileCache: Scanning file cache for directory 'D:/Schoolwork/2D/2-Dimensional/Content/Collections/' took 0.00s
[2021.12.05-08.01.40:545][  0]LogOcInput: OculusInput pre-init called
[2021.12.05-08.01.40:893][  0]LogImageWrapper: Warning: PNG Warning: Duplicate iCCP chunk
[2021.12.05-08.01.40:893][  0]LogImageWrapper: Warning: PNG Warning: Duplicate iCCP chunk
[2021.12.05-08.01.40:893][  0]LogEngine: Initializing Engine...
[2021.12.05-08.01.40:897][  0]LogHMD: Failed to enumerate extensions. Please check that you have a valid OpenXR runtime installed.
[2021.12.05-08.01.40:897][  0]LogHMD: Failed to initialize OpenVR with code 110
[2021.12.05-08.01.40:898][  0]LogMagicLeap: Warning: VR disabled because ZI is not enabled.  To enable, in the editor, Edit -> Project Settings -> Plugins -> Magic Leap Plugin -> Enable Zero Iteration
[2021.12.05-08.01.40:899][  0]LogStats: UGameplayTagsManager::InitializeManager -  0.000 s
[2021.12.05-08.01.41:069][  0]LogInit: Initializing FReadOnlyCVARCache
[2021.12.05-08.01.41:082][  0]LogAIModule: Creating AISystem for world Untitled
[2021.12.05-08.01.41:099][  0]LogAudio: Display: Initializing Audio Device Manager...
[2021.12.05-08.01.41:104][  0]LogAudio: Display: Loading Default Audio Settings Objects...
[2021.12.05-08.01.41:106][  0]LogAudio: Display: No default SoundConcurrencyObject specified (or failed to load).
[2021.12.05-08.01.41:106][  0]LogAudio: Display: Audio Device Manager Initialized
[2021.12.05-08.01.41:106][  0]LogAudio: Display: Creating Audio Device:                 Id: 1, Scope: Shared, Realtime: True
[2021.12.05-08.01.41:106][  0]LogAudioMixer: Display: Audio Mixer Platform Settings:
[2021.12.05-08.01.41:106][  0]LogAudioMixer: Display: 	Sample Rate:						  48000
[2021.12.05-08.01.41:106][  0]LogAudioMixer: Display: 	Callback Buffer Frame Size Requested: 1024
[2021.12.05-08.01.41:106][  0]LogAudioMixer: Display: 	Callback Buffer Frame Size To Use:	  1024
[2021.12.05-08.01.41:106][  0]LogAudioMixer: Display: 	Number of buffers to queue:			  2
[2021.12.05-08.01.41:106][  0]LogAudioMixer: Display: 	Max Channels (voices):				  32
[2021.12.05-08.01.41:106][  0]LogAudioMixer: Display: 	Number of Async Source Workers:		  0
[2021.12.05-08.01.41:106][  0]LogAudio: Display: AudioDevice MaxSources: 32
[2021.12.05-08.01.41:107][  0]LogAudio: Display: Audio Spatialization Plugin: None (built-in).
[2021.12.05-08.01.41:107][  0]LogAudio: Display: Audio Reverb Plugin: None (built-in).
[2021.12.05-08.01.41:107][  0]LogAudio: Display: Audio Occlusion Plugin: None (built-in).
[2021.12.05-08.01.41:107][  0]LogAudioMixer: Display: Initializing audio mixer.
[2021.12.05-08.01.41:143][  0]LogAudioMixer: Display: 0: FrontLeft
[2021.12.05-08.01.41:143][  0]LogAudioMixer: Display: 1: FrontRight
[2021.12.05-08.01.41:187][  0]LogAudioMixer: Display: Using Audio Device Speakers (Razer Kraken Ultimate)
[2021.12.05-08.01.41:192][  0]LogAudioMixer: Display: Initializing Sound Submixes...
[2021.12.05-08.01.41:199][  0]LogAudioMixer: Display: Creating Master Submix 'MasterSubmixDefault'
[2021.12.05-08.01.41:199][  0]LogAudioMixer: Display: Creating Master Submix 'MasterReverbSubmixDefault'
[2021.12.05-08.01.41:201][  0]LogAudioMixer: Display: Creating Master Submix 'MasterEQSubmixDefault'
[2021.12.05-08.01.41:201][  0]LogAudioMixer: FMixerPlatformXAudio2::StartAudioStream() called
[2021.12.05-08.01.41:201][  0]LogAudioMixer: Display: Output buffers initialized: Frames=1024, Channels=2, Samples=2048
[2021.12.05-08.01.41:202][  0]LogAudioMixer: Display: Starting AudioMixerPlatformInterface::RunInternal()
[2021.12.05-08.01.41:202][  0]LogAudioMixer: Display: FMixerPlatformXAudio2::SubmitBuffer() called for the first time
[2021.12.05-08.01.41:202][  0]LogInit: FAudioDevice initialized.
[2021.12.05-08.01.41:203][  0]LogAudio: Display: Audio Device (ID: 1) registered with world 'Untitled'.
[2021.12.05-08.01.41:203][  0]LogNetVersion: Set ProjectVersion to 1.0.0.0. Version Checksum will be recalculated on next use.
[2021.12.05-08.01.41:309][  0]LogDerivedDataCache: Saved boot cache 0.11s 94MB C:/Users/asus/AppData/Local/UnrealEngine/4.27/DerivedDataCache/Boot.ddc.
[2021.12.05-08.01.41:309][  0]LogInit: Texture streaming: Enabled
[2021.12.05-08.01.41:327][  0]LogAnalytics: Display: [UEEditor.Rocket.Release] APIServer = https://datarouter.ol.epicgames.com/. AppVersion = 4.27.1-17735300+++UE4+Release-4.27
[2021.12.05-08.01.41:346][  0]LogEngineSessionManager: EngineSessionManager initialized
[2021.12.05-08.01.41:347][  0]LogEngineSessionManager: EngineSessionManager sent abnormal shutdown report. Type=Crashed, SessionId={86EED42D-4BF5-AEE1-A20B-3181BE46FECD}
[2021.12.05-08.01.41:347][  0]LogEditorSessionSummary: Verbose: Initializing EditorSessionSummaryWriter for editor session tracking
[2021.12.05-08.01.41:369][  0]LogEditorSessionSummary: EditorSessionSummaryWriter initialized
[2021.12.05-08.01.41:406][  0]LogInit: Transaction tracking system initialized
[2021.12.05-08.01.41:441][  0]BlueprintLog: New page: Editor Load
[2021.12.05-08.01.41:533][  0]LocalizationService: Localization service is disabled
[2021.12.05-08.01.41:568][  0]TimingProfiler: Initialize
[2021.12.05-08.01.41:568][  0]TimingProfiler: OnSessionChanged
[2021.12.05-08.01.41:568][  0]LoadingProfiler: Initialize
[2021.12.05-08.01.41:569][  0]LoadingProfiler: OnSessionChanged
[2021.12.05-08.01.41:569][  0]NetworkingProfiler: Initialize
[2021.12.05-08.01.41:569][  0]NetworkingProfiler: OnSessionChanged
[2021.12.05-08.01.41:569][  0]MemoryProfiler: Initialize
[2021.12.05-08.01.41:569][  0]MemoryProfiler: OnSessionChanged
[2021.12.05-08.01.41:825][  0]LogCook: Display: CookSettings for Memory: MemoryMaxUsedVirtual 0MiB, MemoryMaxUsedPhysical 16384MiB, MemoryMinFreeVirtual 0MiB, MemoryMinFreePhysical 1024MiB
[2021.12.05-08.01.41:825][  0]LogCook: Display: Mobile HDR setting 1
[2021.12.05-08.01.42:100][  0]LogFileCache: Scanning file cache for directory 'D:/Schoolwork/2D/2-Dimensional/Content/' took 0.01s
[2021.12.05-08.01.42:310][  0]LogImageWrapper: Warning: PNG Warning: Duplicate iCCP chunk
[2021.12.05-08.01.42:311][  0]LogImageWrapper: Warning: PNG Warning: Duplicate iCCP chunk
[2021.12.05-08.01.42:383][  0]LogInit: Display: Engine is initialized. Leaving FEngineLoop::Init()
[2021.12.05-08.01.42:396][  0]SourceControl: Source control is disabled
[2021.12.05-08.01.42:396][  0]LogUnrealEdMisc: Loading editor; pre map load, took 11.221
[2021.12.05-08.01.42:396][  0]Cmd: MAP LOAD FILE="../../../Engine/Content/Maps/Templates/Template_Default.umap" TEMPLATE=1 SHOWPROGRESS=1 FEATURELEVEL=3
[2021.12.05-08.01.42:397][  0]LightingResults: New page: Lighting Build
[2021.12.05-08.01.42:399][  0]LogWorld: UWorld::CleanupWorld for Untitled, bSessionEnded=true, bCleanupResources=true
[2021.12.05-08.01.42:399][  0]LogSlate: InvalidateAllWidgets triggered.  All widgets were invalidated
[2021.12.05-08.01.42:399][  0]MapCheck: New page: Map Check
[2021.12.05-08.01.42:399][  0]LightingResults: New page: Lighting Build
[2021.12.05-08.01.42:404][  0]LogAudio: Display: Audio Device unregistered from world 'None'.
[2021.12.05-08.01.42:408][  0]LogUObjectHash: Compacting FUObjectHashTables data took   0.90ms
[2021.12.05-08.01.42:478][  0]LogTexture: Display: Building textures: DeprecatedTextureEB9CBE3C423008B5E8E130901E171C89 (BGRA8, 128X128)
[2021.12.05-08.01.42:492][  0]LogAudio: Display: Audio Device (ID: 1) registered with world 'Untitled_1'.
[2021.12.05-08.01.42:493][  0]LogAIModule: Creating AISystem for world Untitled_1
[2021.12.05-08.01.42:498][  0]LogEditorServer: Finished looking for orphan Actors (0.000 secs)
[2021.12.05-08.01.42:506][  0]LogUObjectHash: Compacting FUObjectHashTables data took   1.09ms
[2021.12.05-08.01.42:507][  0]Cmd: MAP CHECKDEP NOCLEARLOG
[2021.12.05-08.01.42:507][  0]MapCheck: Map check complete: 0 Error(s), 0 Warning(s), took 0.491ms to complete.
[2021.12.05-08.01.42:507][  0]LogFileHelpers: Loading map 'Template_Default' took 0.111
[2021.12.05-08.01.42:513][  0]LogUnrealEdMisc: Total Editor Startup Time, took 11.338
[2021.12.05-08.01.42:693][  0]LogSlate: Updating window title bar state: overlay mode, drag disabled, window buttons hidden, title bar hidden
[2021.12.05-08.01.42:707][  0]LogSlate: Updating window title bar state: overlay mode, drag disabled, window buttons hidden, title bar hidden
[2021.12.05-08.01.42:720][  0]LogSlate: Updating window title bar state: overlay mode, drag disabled, window buttons hidden, title bar hidden
[2021.12.05-08.01.42:734][  0]LogSlate: Updating window title bar state: overlay mode, drag disabled, window buttons hidden, title bar hidden
[2021.12.05-08.01.42:760][  0]LogNativeClassHierarchy: Verbose: Native class hierarchy populated in 0.0105 seconds. Added 3827 classes and 930 folders.
[2021.12.05-08.01.42:765][  0]LogNativeClassHierarchy: Verbose: Native class hierarchy updated for 'WidgetCarousel' in 0.0003 seconds. Added 0 classes and 0 folders.
[2021.12.05-08.01.42:769][  0]LogPakFile: PakFile PrimaryIndexSize=187
[2021.12.05-08.01.42:769][  0]LogPakFile: PakFile PathHashIndexSize=101
[2021.12.05-08.01.42:769][  0]LogPakFile: PakFile FullDirectoryIndexSize=148
[2021.12.05-08.01.42:769][  0]LogShaderLibrary: Display: ShaderCodeLibraryPakFileMountedCallback: PakFile 'D:/IDE/UE_4.27/FeaturePacks/FP_FirstPerson.upack' (chunk index -1, root 'root:/') mounted
[2021.12.05-08.01.42:769][  0]LogShaderLibrary: Display: ShaderCodeLibraryPakFileMountedCallback: pending pak file info (ChunkID:-1 Root:root:/ File:D:/IDE/UE_4.27/FeaturePacks/FP_FirstPerson.upack)
[2021.12.05-08.01.42:769][  0]LogPakFile: OnPakFileMounted2Time == 0.000138
[2021.12.05-08.01.42:771][  0]LogPakFile: PakFile PrimaryIndexSize=189
[2021.12.05-08.01.42:771][  0]LogPakFile: PakFile PathHashIndexSize=101
[2021.12.05-08.01.42:771][  0]LogPakFile: PakFile FullDirectoryIndexSize=152
[2021.12.05-08.01.42:771][  0]LogShaderLibrary: Display: ShaderCodeLibraryPakFileMountedCallback: PakFile 'D:/IDE/UE_4.27/FeaturePacks/FP_FirstPersonBP.upack' (chunk index -1, root 'root:/') mounted
[2021.12.05-08.01.42:771][  0]LogShaderLibrary: Display: ShaderCodeLibraryPakFileMountedCallback: pending pak file info (ChunkID:-1 Root:root:/ File:D:/IDE/UE_4.27/FeaturePacks/FP_FirstPersonBP.upack)
[2021.12.05-08.01.42:771][  0]LogPakFile: OnPakFileMounted2Time == 0.000102
[2021.12.05-08.01.42:773][  0]LogPakFile: PakFile PrimaryIndexSize=191
[2021.12.05-08.01.42:773][  0]LogPakFile: PakFile PathHashIndexSize=101
[2021.12.05-08.01.42:773][  0]LogPakFile: PakFile FullDirectoryIndexSize=160
[2021.12.05-08.01.42:773][  0]LogShaderLibrary: Display: ShaderCodeLibraryPakFileMountedCallback: PakFile 'D:/IDE/UE_4.27/FeaturePacks/MobileStarterContent.upack' (chunk index -1, root 'root:/') mounted
[2021.12.05-08.01.42:773][  0]LogShaderLibrary: Display: ShaderCodeLibraryPakFileMountedCallback: pending pak file info (ChunkID:-1 Root:root:/ File:D:/IDE/UE_4.27/FeaturePacks/MobileStarterContent.upack)
[2021.12.05-08.01.42:773][  0]LogPakFile: OnPakFileMounted2Time == 0.000066
[2021.12.05-08.01.42:775][  0]LogPakFile: PakFile PrimaryIndexSize=185
[2021.12.05-08.01.42:775][  0]LogPakFile: PakFile PathHashIndexSize=101
[2021.12.05-08.01.42:775][  0]LogPakFile: PakFile FullDirectoryIndexSize=148
[2021.12.05-08.01.42:775][  0]LogShaderLibrary: Display: ShaderCodeLibraryPakFileMountedCallback: PakFile 'D:/IDE/UE_4.27/FeaturePacks/StarterContent.upack' (chunk index -1, root 'root:/') mounted
[2021.12.05-08.01.42:775][  0]LogShaderLibrary: Display: ShaderCodeLibraryPakFileMountedCallback: pending pak file info (ChunkID:-1 Root:root:/ File:D:/IDE/UE_4.27/FeaturePacks/StarterContent.upack)
[2021.12.05-08.01.42:775][  0]LogPakFile: OnPakFileMounted2Time == 0.000065
[2021.12.05-08.01.42:777][  0]LogPakFile: PakFile PrimaryIndexSize=190
[2021.12.05-08.01.42:777][  0]LogPakFile: PakFile PathHashIndexSize=101
[2021.12.05-08.01.42:777][  0]LogPakFile: PakFile FullDirectoryIndexSize=154
[2021.12.05-08.01.42:777][  0]LogShaderLibrary: Display: ShaderCodeLibraryPakFileMountedCallback: PakFile 'D:/IDE/UE_4.27/FeaturePacks/TP_2DSideScroller.upack' (chunk index -1, root 'root:/') mounted
[2021.12.05-08.01.42:777][  0]LogShaderLibrary: Display: ShaderCodeLibraryPakFileMountedCallback: pending pak file info (ChunkID:-1 Root:root:/ File:D:/IDE/UE_4.27/FeaturePacks/TP_2DSideScroller.upack)
[2021.12.05-08.01.42:777][  0]LogPakFile: OnPakFileMounted2Time == 0.000159
[2021.12.05-08.01.42:780][  0]LogPakFile: PakFile PrimaryIndexSize=192
[2021.12.05-08.01.42:780][  0]LogPakFile: PakFile PathHashIndexSize=101
[2021.12.05-08.01.42:780][  0]LogPakFile: PakFile FullDirectoryIndexSize=158
[2021.12.05-08.01.42:780][  0]LogShaderLibrary: Display: ShaderCodeLibraryPakFileMountedCallback: PakFile 'D:/IDE/UE_4.27/FeaturePacks/TP_2DSideScrollerBP.upack' (chunk index -1, root 'root:/') mounted
[2021.12.05-08.01.42:780][  0]LogShaderLibrary: Display: ShaderCodeLibraryPakFileMountedCallback: pending pak file info (ChunkID:-1 Root:root:/ File:D:/IDE/UE_4.27/FeaturePacks/TP_2DSideScrollerBP.upack)
[2021.12.05-08.01.42:780][  0]LogPakFile: OnPakFileMounted2Time == 0.000123
[2021.12.05-08.01.42:783][  0]LogPakFile: PakFile PrimaryIndexSize=182
[2021.12.05-08.01.42:783][  0]LogPakFile: PakFile PathHashIndexSize=101
[2021.12.05-08.01.42:783][  0]LogPakFile: PakFile FullDirectoryIndexSize=138
[2021.12.05-08.01.42:783][  0]LogShaderLibrary: Display: ShaderCodeLibraryPakFileMountedCallback: PakFile 'D:/IDE/UE_4.27/FeaturePacks/TP_Flying.upack' (chunk index -1, root 'root:/') mounted
[2021.12.05-08.01.42:783][  0]LogShaderLibrary: Display: ShaderCodeLibraryPakFileMountedCallback: pending pak file info (ChunkID:-1 Root:root:/ File:D:/IDE/UE_4.27/FeaturePacks/TP_Flying.upack)
[2021.12.05-08.01.42:783][  0]LogPakFile: OnPakFileMounted2Time == 0.000081
[2021.12.05-08.01.42:784][  0]LogPakFile: PakFile PrimaryIndexSize=184
[2021.12.05-08.01.42:784][  0]LogPakFile: PakFile PathHashIndexSize=101
[2021.12.05-08.01.42:784][  0]LogPakFile: PakFile FullDirectoryIndexSize=142
[2021.12.05-08.01.42:784][  0]LogShaderLibrary: Display: ShaderCodeLibraryPakFileMountedCallback: PakFile 'D:/IDE/UE_4.27/FeaturePacks/TP_FlyingBP.upack' (chunk index -1, root 'root:/') mounted
[2021.12.05-08.01.42:784][  0]LogShaderLibrary: Display: ShaderCodeLibraryPakFileMountedCallback: pending pak file info (ChunkID:-1 Root:root:/ File:D:/IDE/UE_4.27/FeaturePacks/TP_FlyingBP.upack)
[2021.12.05-08.01.42:784][  0]LogPakFile: OnPakFileMounted2Time == 0.000068
[2021.12.05-08.01.42:786][  0]LogPakFile: PakFile PrimaryIndexSize=188
[2021.12.05-08.01.42:786][  0]LogPakFile: PakFile PathHashIndexSize=101
[2021.12.05-08.01.42:786][  0]LogPakFile: PakFile FullDirectoryIndexSize=150
[2021.12.05-08.01.42:786][  0]LogShaderLibrary: Display: ShaderCodeLibraryPakFileMountedCallback: PakFile 'D:/IDE/UE_4.27/FeaturePacks/TP_HandheldARBP.upack' (chunk index -1, root 'root:/') mounted
[2021.12.05-08.01.42:786][  0]LogShaderLibrary: Display: ShaderCodeLibraryPakFileMountedCallback: pending pak file info (ChunkID:-1 Root:root:/ File:D:/IDE/UE_4.27/FeaturePacks/TP_HandheldARBP.upack)
[2021.12.05-08.01.42:786][  0]LogPakFile: OnPakFileMounted2Time == 0.000051
[2021.12.05-08.01.42:788][  0]LogPakFile: PakFile PrimaryIndexSize=182
[2021.12.05-08.01.42:788][  0]LogPakFile: PakFile PathHashIndexSize=101
[2021.12.05-08.01.42:788][  0]LogPakFile: PakFile FullDirectoryIndexSize=138
[2021.12.05-08.01.42:788][  0]LogShaderLibrary: Display: ShaderCodeLibraryPakFileMountedCallback: PakFile 'D:/IDE/UE_4.27/FeaturePacks/TP_Puzzle.upack' (chunk index -1, root 'root:/') mounted
[2021.12.05-08.01.42:788][  0]LogShaderLibrary: Display: ShaderCodeLibraryPakFileMountedCallback: pending pak file info (ChunkID:-1 Root:root:/ File:D:/IDE/UE_4.27/FeaturePacks/TP_Puzzle.upack)
[2021.12.05-08.01.42:788][  0]LogPakFile: OnPakFileMounted2Time == 0.000054
[2021.12.05-08.01.42:789][  0]LogPakFile: PakFile PrimaryIndexSize=184
[2021.12.05-08.01.42:789][  0]LogPakFile: PakFile PathHashIndexSize=101
[2021.12.05-08.01.42:789][  0]LogPakFile: PakFile FullDirectoryIndexSize=142
[2021.12.05-08.01.42:789][  0]LogShaderLibrary: Display: ShaderCodeLibraryPakFileMountedCallback: PakFile 'D:/IDE/UE_4.27/FeaturePacks/TP_PuzzleBP.upack' (chunk index -1, root 'root:/') mounted
[2021.12.05-08.01.42:789][  0]LogShaderLibrary: Display: ShaderCodeLibraryPakFileMountedCallback: pending pak file info (ChunkID:-1 Root:root:/ File:D:/IDE/UE_4.27/FeaturePacks/TP_PuzzleBP.upack)
[2021.12.05-08.01.42:789][  0]LogPakFile: OnPakFileMounted2Time == 0.000065
[2021.12.05-08.01.42:791][  0]LogPakFile: PakFile PrimaryIndexSize=183
[2021.12.05-08.01.42:791][  0]LogPakFile: PakFile PathHashIndexSize=101
[2021.12.05-08.01.42:791][  0]LogPakFile: PakFile FullDirectoryIndexSize=140
[2021.12.05-08.01.42:791][  0]LogShaderLibrary: Display: ShaderCodeLibraryPakFileMountedCallback: PakFile 'D:/IDE/UE_4.27/FeaturePacks/TP_Rolling.upack' (chunk index -1, root 'root:/') mounted
[2021.12.05-08.01.42:791][  0]LogShaderLibrary: Display: ShaderCodeLibraryPakFileMountedCallback: pending pak file info (ChunkID:-1 Root:root:/ File:D:/IDE/UE_4.27/FeaturePacks/TP_Rolling.upack)
[2021.12.05-08.01.42:791][  0]LogPakFile: OnPakFileMounted2Time == 0.000050
[2021.12.05-08.01.42:793][  0]LogPakFile: PakFile PrimaryIndexSize=185
[2021.12.05-08.01.42:793][  0]LogPakFile: PakFile PathHashIndexSize=101
[2021.12.05-08.01.42:793][  0]LogPakFile: PakFile FullDirectoryIndexSize=144
[2021.12.05-08.01.42:793][  0]LogShaderLibrary: Display: ShaderCodeLibraryPakFileMountedCallback: PakFile 'D:/IDE/UE_4.27/FeaturePacks/TP_RollingBP.upack' (chunk index -1, root 'root:/') mounted
[2021.12.05-08.01.42:793][  0]LogShaderLibrary: Display: ShaderCodeLibraryPakFileMountedCallback: pending pak file info (ChunkID:-1 Root:root:/ File:D:/IDE/UE_4.27/FeaturePacks/TP_RollingBP.upack)
[2021.12.05-08.01.42:793][  0]LogPakFile: OnPakFileMounted2Time == 0.000065
[2021.12.05-08.01.42:796][  0]LogPakFile: PakFile PrimaryIndexSize=188
[2021.12.05-08.01.42:796][  0]LogPakFile: PakFile PathHashIndexSize=101
[2021.12.05-08.01.42:796][  0]LogPakFile: PakFile FullDirectoryIndexSize=150
[2021.12.05-08.01.42:796][  0]LogShaderLibrary: Display: ShaderCodeLibraryPakFileMountedCallback: PakFile 'D:/IDE/UE_4.27/FeaturePacks/TP_SideScroller.upack' (chunk index -1, root 'root:/') mounted
[2021.12.05-08.01.42:796][  0]LogShaderLibrary: Display: ShaderCodeLibraryPakFileMountedCallback: pending pak file info (ChunkID:-1 Root:root:/ File:D:/IDE/UE_4.27/FeaturePacks/TP_SideScroller.upack)
[2021.12.05-08.01.42:796][  0]LogPakFile: OnPakFileMounted2Time == 0.000099
[2021.12.05-08.01.42:798][  0]LogPakFile: PakFile PrimaryIndexSize=190
[2021.12.05-08.01.42:798][  0]LogPakFile: PakFile PathHashIndexSize=101
[2021.12.05-08.01.42:798][  0]LogPakFile: PakFile FullDirectoryIndexSize=154
[2021.12.05-08.01.42:798][  0]LogShaderLibrary: Display: ShaderCodeLibraryPakFileMountedCallback: PakFile 'D:/IDE/UE_4.27/FeaturePacks/TP_SideScrollerBP.upack' (chunk index -1, root 'root:/') mounted
[2021.12.05-08.01.42:798][  0]LogShaderLibrary: Display: ShaderCodeLibraryPakFileMountedCallback: pending pak file info (ChunkID:-1 Root:root:/ File:D:/IDE/UE_4.27/FeaturePacks/TP_SideScrollerBP.upack)
[2021.12.05-08.01.42:799][  0]LogPakFile: OnPakFileMounted2Time == 0.000092
[2021.12.05-08.01.42:800][  0]LogPakFile: PakFile PrimaryIndexSize=187
[2021.12.05-08.01.42:800][  0]LogPakFile: PakFile PathHashIndexSize=101
[2021.12.05-08.01.42:800][  0]LogPakFile: PakFile FullDirectoryIndexSize=148
[2021.12.05-08.01.42:800][  0]LogShaderLibrary: Display: ShaderCodeLibraryPakFileMountedCallback: PakFile 'D:/IDE/UE_4.27/FeaturePacks/TP_ThirdPerson.upack' (chunk index -1, root 'root:/') mounted
[2021.12.05-08.01.42:800][  0]LogShaderLibrary: Display: ShaderCodeLibraryPakFileMountedCallback: pending pak file info (ChunkID:-1 Root:root:/ File:D:/IDE/UE_4.27/FeaturePacks/TP_ThirdPerson.upack)
[2021.12.05-08.01.42:800][  0]LogPakFile: OnPakFileMounted2Time == 0.000056
[2021.12.05-08.01.42:802][  0]LogPakFile: PakFile PrimaryIndexSize=189
[2021.12.05-08.01.42:802][  0]LogPakFile: PakFile PathHashIndexSize=101
[2021.12.05-08.01.42:802][  0]LogPakFile: PakFile FullDirectoryIndexSize=152
[2021.12.05-08.01.42:802][  0]LogShaderLibrary: Display: ShaderCodeLibraryPakFileMountedCallback: PakFile 'D:/IDE/UE_4.27/FeaturePacks/TP_ThirdPersonBP.upack' (chunk index -1, root 'root:/') mounted
[2021.12.05-08.01.42:802][  0]LogShaderLibrary: Display: ShaderCodeLibraryPakFileMountedCallback: pending pak file info (ChunkID:-1 Root:root:/ File:D:/IDE/UE_4.27/FeaturePacks/TP_ThirdPersonBP.upack)
[2021.12.05-08.01.42:802][  0]LogPakFile: OnPakFileMounted2Time == 0.000063
[2021.12.05-08.01.42:804][  0]LogPakFile: PakFile PrimaryIndexSize=183
[2021.12.05-08.01.42:804][  0]LogPakFile: PakFile PathHashIndexSize=101
[2021.12.05-08.01.42:804][  0]LogPakFile: PakFile FullDirectoryIndexSize=140
[2021.12.05-08.01.42:804][  0]LogShaderLibrary: Display: ShaderCodeLibraryPakFileMountedCallback: PakFile 'D:/IDE/UE_4.27/FeaturePacks/TP_TopDown.upack' (chunk index -1, root 'root:/') mounted
[2021.12.05-08.01.42:804][  0]LogShaderLibrary: Display: ShaderCodeLibraryPakFileMountedCallback: pending pak file info (ChunkID:-1 Root:root:/ File:D:/IDE/UE_4.27/FeaturePacks/TP_TopDown.upack)
[2021.12.05-08.01.42:804][  0]LogPakFile: OnPakFileMounted2Time == 0.000083
[2021.12.05-08.01.42:806][  0]LogPakFile: PakFile PrimaryIndexSize=185
[2021.12.05-08.01.42:806][  0]LogPakFile: PakFile PathHashIndexSize=101
[2021.12.05-08.01.42:806][  0]LogPakFile: PakFile FullDirectoryIndexSize=144
[2021.12.05-08.01.42:806][  0]LogShaderLibrary: Display: ShaderCodeLibraryPakFileMountedCallback: PakFile 'D:/IDE/UE_4.27/FeaturePacks/TP_TopDownBP.upack' (chunk index -1, root 'root:/') mounted
[2021.12.05-08.01.42:806][  0]LogShaderLibrary: Display: ShaderCodeLibraryPakFileMountedCallback: pending pak file info (ChunkID:-1 Root:root:/ File:D:/IDE/UE_4.27/FeaturePacks/TP_TopDownBP.upack)
[2021.12.05-08.01.42:806][  0]LogPakFile: OnPakFileMounted2Time == 0.000106
[2021.12.05-08.01.42:808][  0]LogPakFile: PakFile PrimaryIndexSize=185
[2021.12.05-08.01.42:808][  0]LogPakFile: PakFile PathHashIndexSize=101
[2021.12.05-08.01.42:808][  0]LogPakFile: PakFile FullDirectoryIndexSize=144
[2021.12.05-08.01.42:808][  0]LogShaderLibrary: Display: ShaderCodeLibraryPakFileMountedCallback: PakFile 'D:/IDE/UE_4.27/FeaturePacks/TP_TwinStick.upack' (chunk index -1, root 'root:/') mounted
[2021.12.05-08.01.42:808][  0]LogShaderLibrary: Display: ShaderCodeLibraryPakFileMountedCallback: pending pak file info (ChunkID:-1 Root:root:/ File:D:/IDE/UE_4.27/FeaturePacks/TP_TwinStick.upack)
[2021.12.05-08.01.42:808][  0]LogPakFile: OnPakFileMounted2Time == 0.000053
[2021.12.05-08.01.42:810][  0]LogPakFile: PakFile PrimaryIndexSize=187
[2021.12.05-08.01.42:810][  0]LogPakFile: PakFile PathHashIndexSize=101
[2021.12.05-08.01.42:810][  0]LogPakFile: PakFile FullDirectoryIndexSize=148
[2021.12.05-08.01.42:810][  0]LogShaderLibrary: Display: ShaderCodeLibraryPakFileMountedCallback: PakFile 'D:/IDE/UE_4.27/FeaturePacks/TP_TwinStickBP.upack' (chunk index -1, root 'root:/') mounted
[2021.12.05-08.01.42:810][  0]LogShaderLibrary: Display: ShaderCodeLibraryPakFileMountedCallback: pending pak file info (ChunkID:-1 Root:root:/ File:D:/IDE/UE_4.27/FeaturePacks/TP_TwinStickBP.upack)
[2021.12.05-08.01.42:810][  0]LogPakFile: OnPakFileMounted2Time == 0.000097
[2021.12.05-08.01.42:812][  0]LogPakFile: PakFile PrimaryIndexSize=183
[2021.12.05-08.01.42:812][  0]LogPakFile: PakFile PathHashIndexSize=101
[2021.12.05-08.01.42:812][  0]LogPakFile: PakFile FullDirectoryIndexSize=140
[2021.12.05-08.01.42:812][  0]LogShaderLibrary: Display: ShaderCodeLibraryPakFileMountedCallback: PakFile 'D:/IDE/UE_4.27/FeaturePacks/TP_Vehicle.upack' (chunk index -1, root 'root:/') mounted
[2021.12.05-08.01.42:812][  0]LogShaderLibrary: Display: ShaderCodeLibraryPakFileMountedCallback: pending pak file info (ChunkID:-1 Root:root:/ File:D:/IDE/UE_4.27/FeaturePacks/TP_Vehicle.upack)
[2021.12.05-08.01.42:812][  0]LogPakFile: OnPakFileMounted2Time == 0.000064
[2021.12.05-08.01.42:814][  0]LogPakFile: PakFile PrimaryIndexSize=186
[2021.12.05-08.01.42:814][  0]LogPakFile: PakFile PathHashIndexSize=101
[2021.12.05-08.01.42:814][  0]LogPakFile: PakFile FullDirectoryIndexSize=146
[2021.12.05-08.01.42:814][  0]LogShaderLibrary: Display: ShaderCodeLibraryPakFileMountedCallback: PakFile 'D:/IDE/UE_4.27/FeaturePacks/TP_VehicleAdv.upack' (chunk index -1, root 'root:/') mounted
[2021.12.05-08.01.42:814][  0]LogShaderLibrary: Display: ShaderCodeLibraryPakFileMountedCallback: pending pak file info (ChunkID:-1 Root:root:/ File:D:/IDE/UE_4.27/FeaturePacks/TP_VehicleAdv.upack)
[2021.12.05-08.01.42:814][  0]LogPakFile: OnPakFileMounted2Time == 0.000061
[2021.12.05-08.01.42:816][  0]LogPakFile: PakFile PrimaryIndexSize=188
[2021.12.05-08.01.42:816][  0]LogPakFile: PakFile PathHashIndexSize=101
[2021.12.05-08.01.42:816][  0]LogPakFile: PakFile FullDirectoryIndexSize=150
[2021.12.05-08.01.42:816][  0]LogShaderLibrary: Display: ShaderCodeLibraryPakFileMountedCallback: PakFile 'D:/IDE/UE_4.27/FeaturePacks/TP_VehicleAdvBP.upack' (chunk index -1, root 'root:/') mounted
[2021.12.05-08.01.42:816][  0]LogShaderLibrary: Display: ShaderCodeLibraryPakFileMountedCallback: pending pak file info (ChunkID:-1 Root:root:/ File:D:/IDE/UE_4.27/FeaturePacks/TP_VehicleAdvBP.upack)
[2021.12.05-08.01.42:816][  0]LogPakFile: OnPakFileMounted2Time == 0.000091
[2021.12.05-08.01.42:818][  0]LogPakFile: PakFile PrimaryIndexSize=185
[2021.12.05-08.01.42:818][  0]LogPakFile: PakFile PathHashIndexSize=101
[2021.12.05-08.01.42:818][  0]LogPakFile: PakFile FullDirectoryIndexSize=144
[2021.12.05-08.01.42:818][  0]LogShaderLibrary: Display: ShaderCodeLibraryPakFileMountedCallback: PakFile 'D:/IDE/UE_4.27/FeaturePacks/TP_VehicleBP.upack' (chunk index -1, root 'root:/') mounted
[2021.12.05-08.01.42:818][  0]LogShaderLibrary: Display: ShaderCodeLibraryPakFileMountedCallback: pending pak file info (ChunkID:-1 Root:root:/ File:D:/IDE/UE_4.27/FeaturePacks/TP_VehicleBP.upack)
[2021.12.05-08.01.42:818][  0]LogPakFile: OnPakFileMounted2Time == 0.000085
[2021.12.05-08.01.42:820][  0]LogPakFile: PakFile PrimaryIndexSize=192
[2021.12.05-08.01.42:820][  0]LogPakFile: PakFile PathHashIndexSize=101
[2021.12.05-08.01.42:820][  0]LogPakFile: PakFile FullDirectoryIndexSize=158
[2021.12.05-08.01.42:820][  0]LogShaderLibrary: Display: ShaderCodeLibraryPakFileMountedCallback: PakFile 'D:/IDE/UE_4.27/FeaturePacks/TP_VirtualRealityBP.upack' (chunk index -1, root 'root:/') mounted
[2021.12.05-08.01.42:820][  0]LogShaderLibrary: Display: ShaderCodeLibraryPakFileMountedCallback: pending pak file info (ChunkID:-1 Root:root:/ File:D:/IDE/UE_4.27/FeaturePacks/TP_VirtualRealityBP.upack)
[2021.12.05-08.01.42:820][  0]LogPakFile: OnPakFileMounted2Time == 0.000082
[2021.12.05-08.01.42:954][  0]LogNativeClassHierarchy: Verbose: Native class hierarchy updated for 'AddContentDialog' in 0.0003 seconds. Added 0 classes and 0 folders.
[2021.12.05-08.01.42:955][  0]LogNativeClassHierarchy: Verbose: Native class hierarchy updated for 'SceneOutliner' in 0.0003 seconds. Added 2 classes and 0 folders.
[2021.12.05-08.01.43:095][  0]LogSlate: Took 0.000670 seconds to synchronously load lazily loaded font '../../../Engine/Content/Slate/Fonts/Roboto-Regular.ttf' (155K)
[2021.12.05-08.01.43:098][  0]LogSlate: Took 0.001043 seconds to synchronously load lazily loaded font '../../../Engine/Content/Editor/Slate/Fonts/FontAwesome.ttf' (139K)
[2021.12.05-08.01.43:102][  0]LogSlate: Took 0.000973 seconds to synchronously load lazily loaded font '../../../Engine/Content/Slate/Fonts/Roboto-Bold.ttf' (160K)
[2021.12.05-08.01.43:274][  0]LogRenderer: Reallocating scene render targets to support 1192x576 Format 10 NumSamples 1 (Frame:1).
[2021.12.05-08.01.43:303][  0]LogSlate: Took 0.000574 seconds to synchronously load lazily loaded font '../../../Engine/Content/Slate/Fonts/Roboto-Light.ttf' (167K)
[2021.12.05-08.01.43:329][  0]LogSlate: Took 0.000555 seconds to synchronously load lazily loaded font '../../../Engine/Content/Slate/Fonts/Roboto-Light.ttf' (167K)
[2021.12.05-08.01.43:425][  0]LogNativeClassHierarchy: Verbose: Native class hierarchy updated for 'HierarchicalLODOutliner' in 0.0003 seconds. Added 0 classes and 0 folders.
[2021.12.05-08.01.43:425][  0]LogLoad: (Engine Initialization) Total time: 12.25 seconds
[2021.12.05-08.01.43:425][  0]LogLoad: (Engine Initialization) Total Blueprint compile time: 0.00 seconds
[2021.12.05-08.01.43:484][  0]LogAssetRegistry: Asset discovery search completed in 6.4615 seconds
[2021.12.05-08.01.43:494][  0]LogCollectionManager: Fixed up redirectors for 0 collections in 0.000004 seconds (updated 0 objects)
[2021.12.05-08.01.43:496][  0]LogContentStreaming: Texture pool size now 1000 MB
[2021.12.05-08.01.43:512][  1]LogFileCache: Retrieving MD5 hashes for directory 'D:/Schoolwork/2D/2-Dimensional/Content/' took 0.06s
[2021.12.05-08.01.56:208][740]LogUObjectHash: Compacting FUObjectHashTables data took   0.63ms
[2021.12.05-08.01.56:271][740]LogAssetEditorSubsystem: Opening Asset editor for World /Game/Maps/MainMenu.MainMenu
[2021.12.05-08.01.56:271][740]Cmd: MAP LOAD FILE="../../../../../Schoolwork/2D/2-Dimensional/Content/Maps/MainMenu.umap" TEMPLATE=0 SHOWPROGRESS=1 FEATURELEVEL=3
[2021.12.05-08.01.56:271][740]LightingResults: New page: Lighting Build
[2021.12.05-08.01.56:272][740]LoadErrors: New page: Loading map: MainMenu.umap
[2021.12.05-08.01.56:272][740]LogWorld: UWorld::CleanupWorld for Untitled_1, bSessionEnded=true, bCleanupResources=true
[2021.12.05-08.01.56:273][740]LogSlate: InvalidateAllWidgets triggered.  All widgets were invalidated
[2021.12.05-08.01.56:273][740]MapCheck: New page: Map Check
[2021.12.05-08.01.56:273][740]LightingResults: New page: Lighting Build
[2021.12.05-08.01.56:279][740]LogAudio: Display: Audio Device unregistered from world 'None'.
[2021.12.05-08.01.56:282][740]LogUObjectHash: Compacting FUObjectHashTables data took   1.26ms
[2021.12.05-08.01.56:283][740]LogAudio: Display: Audio Device (ID: 1) registered with world 'MainMenu'.
[2021.12.05-08.01.56:313][740]LogEditorServer: Finished looking for orphan Actors (0.000 secs)
[2021.12.05-08.01.56:313][740]LogAIModule: Creating AISystem for world MainMenu
[2021.12.05-08.01.56:322][740]LogUObjectHash: Compacting FUObjectHashTables data took   0.71ms
[2021.12.05-08.01.56:325][740]Cmd: MAP CHECKDEP NOCLEARLOG
[2021.12.05-08.01.56:327][740]MapCheck: Map check complete: 0 Error(s), 0 Warning(s), took 0.355ms to complete.
[2021.12.05-08.01.56:327][740]LogFileHelpers: Loading map 'MainMenu' took 0.056
[2021.12.05-08.01.58:197][847]LogTemp: Repeating last play command: Selected Viewport
[2021.12.05-08.01.58:217][847]LogPlayLevel: PlayLevel: No blueprints needed recompiling
[2021.12.05-08.01.58:218][847]PIE: New page: PIE session: MainMenu (Dec 4, 2021, 10:01:58 PM)
[2021.12.05-08.01.58:219][847]LogOnline: OSS: Creating online subsystem instance for: NULL
[2021.12.05-08.01.58:220][847]LogOnline: OSS: TryLoadSubsystemAndSetDefault: Loaded subsystem for module [NULL]
[2021.12.05-08.01.58:221][847]LogPlayLevel: Creating play world package: /Game/Maps/UEDPIE_0_MainMenu
[2021.12.05-08.01.58:222][847]LogPlayLevel: PIE: StaticDuplicateObject took: (0.001058s)
[2021.12.05-08.01.58:223][847]LogAIModule: Creating AISystem for world MainMenu
[2021.12.05-08.01.58:223][847]LogPlayLevel: PIE: World Init took: (0.001040s)
[2021.12.05-08.01.58:223][847]LogPlayLevel: PIE: Created PIE world by copying editor world from /Game/Maps/MainMenu.MainMenu to /Game/Maps/UEDPIE_0_MainMenu.MainMenu (0.002302s)
[2021.12.05-08.01.58:229][847]LogUObjectHash: Compacting FUObjectHashTables data took   0.61ms
[2021.12.05-08.01.58:230][847]LogAudio: Display: Creating Audio Device:                 Id: 2, Scope: Unique, Realtime: True
[2021.12.05-08.01.58:230][847]LogAudioMixer: Display: Audio Mixer Platform Settings:
[2021.12.05-08.01.58:230][847]LogAudioMixer: Display: 	Sample Rate:						  48000
[2021.12.05-08.01.58:230][847]LogAudioMixer: Display: 	Callback Buffer Frame Size Requested: 1024
[2021.12.05-08.01.58:230][847]LogAudioMixer: Display: 	Callback Buffer Frame Size To Use:	  1024
[2021.12.05-08.01.58:230][847]LogAudioMixer: Display: 	Number of buffers to queue:			  2
[2021.12.05-08.01.58:230][847]LogAudioMixer: Display: 	Max Channels (voices):				  32
[2021.12.05-08.01.58:230][847]LogAudioMixer: Display: 	Number of Async Source Workers:		  0
[2021.12.05-08.01.58:230][847]LogAudio: Display: AudioDevice MaxSources: 32
[2021.12.05-08.01.58:230][847]LogAudio: Display: Audio Spatialization Plugin: None (built-in).
[2021.12.05-08.01.58:230][847]LogAudio: Display: Audio Reverb Plugin: None (built-in).
[2021.12.05-08.01.58:230][847]LogAudio: Display: Audio Occlusion Plugin: None (built-in).
[2021.12.05-08.01.58:230][847]LogAudioMixer: Display: Initializing audio mixer.
[2021.12.05-08.01.58:240][847]LogAudioMixer: Display: 0: FrontLeft
[2021.12.05-08.01.58:240][847]LogAudioMixer: Display: 1: FrontRight
[2021.12.05-08.01.58:268][847]LogAudioMixer: Display: Using Audio Device Speakers (Razer Kraken Ultimate)
[2021.12.05-08.01.58:270][847]LogAudioMixer: Display: Initializing Sound Submixes...
[2021.12.05-08.01.58:270][847]LogAudioMixer: Display: Creating Master Submix 'MasterSubmixDefault'
[2021.12.05-08.01.58:270][847]LogAudioMixer: Display: Creating Master Submix 'MasterReverbSubmixDefault'
[2021.12.05-08.01.58:271][847]LogAudioMixer: Display: Creating Master Submix 'MasterEQSubmixDefault'
[2021.12.05-08.01.58:271][847]LogAudioMixer: FMixerPlatformXAudio2::StartAudioStream() called
[2021.12.05-08.01.58:271][847]LogAudioMixer: Display: Output buffers initialized: Frames=1024, Channels=2, Samples=2048
[2021.12.05-08.01.58:273][847]LogAudioMixer: Display: Starting AudioMixerPlatformInterface::RunInternal()
[2021.12.05-08.01.58:273][847]LogAudioMixer: Display: FMixerPlatformXAudio2::SubmitBuffer() called for the first time
[2021.12.05-08.01.58:273][847]LogInit: FAudioDevice initialized.
[2021.12.05-08.01.58:273][847]LogAudio: Display: Audio Device (ID: 2) registered with world 'MainMenu'.
[2021.12.05-08.01.58:284][847]LogLoad: Game class is 'BP_OphiuchusGameModeBase_C'
[2021.12.05-08.01.58:286][847]LogWorld: Bringing World /Game/Maps/UEDPIE_0_MainMenu.MainMenu up for play (max tick rate 60) at 2021.12.05-03.01.58
[2021.12.05-08.01.58:286][847]LogWorld: Bringing up level for play took: 0.000380
[2021.12.05-08.01.58:286][847]LogOnline: OSS: Creating online subsystem instance for: :Context_1
[2021.12.05-08.01.58:290][847]LogNativeClassHierarchy: Verbose: Native class hierarchy updated for 'MovieSceneCapture' in 0.0003 seconds. Added 20 classes and 0 folders.
[2021.12.05-08.01.58:292][847]PIE: Server logged in
[2021.12.05-08.01.58:293][847]PIE: Play in editor total start time 0.087 seconds.
[2021.12.05-08.02.00:202][960]LogOutputDevice: Warning: 

Script Stack (0 frames):

[2021.12.05-08.02.00:203][960]LogWindows: Windows GetLastError: The operation completed successfully. (0)
[2021.12.05-08.02.03:194][960]LogWindows: Error: === Critical error: ===
[2021.12.05-08.02.03:194][960]LogWindows: Error: 
[2021.12.05-08.02.03:194][960]LogWindows: Error: Assertion failed: (Index >= 0) & (Index < ArrayNum) [File:D:\Unreal Engine\UE_4.27\Engine\Source\Runtime\Core\Public\Containers/Array.h] [Line: 703] 
[2021.12.05-08.02.03:194][960]LogWindows: Error: Array index out of bounds: 0 from an array of size 0
[2021.12.05-08.02.03:194][960]LogWindows: Error: 
[2021.12.05-08.02.03:194][960]LogWindows: Error: 
[2021.12.05-08.02.03:194][960]LogWindows: Error: [Callstack] 0x00007ffd992f4f69 KERNELBASE.dll!UnknownFunction []
[2021.12.05-08.02.03:194][960]LogWindows: Error: [Callstack] 0x00007ffd07920346 UE4Editor-Core.dll!UnknownFunction []
[2021.12.05-08.02.03:194][960]LogWindows: Error: [Callstack] 0x00007ffd07924348 UE4Editor-Core.dll!UnknownFunction []
[2021.12.05-08.02.03:194][960]LogWindows: Error: [Callstack] 0x00007ffd0764255d UE4Editor-Core.dll!UnknownFunction []
[2021.12.05-08.02.03:194][960]LogWindows: Error: [Callstack] 0x00007ffd07596b75 UE4Editor-Core.dll!UnknownFunction []
[2021.12.05-08.02.03:194][960]LogWindows: Error: [Callstack] 0x00007ffd075981d0 UE4Editor-Core.dll!UnknownFunction []
[2021.12.05-08.02.03:194][960]LogWindows: Error: [Callstack] 0x00007ffcd51d9078 UE4Editor-Ophiuchus-3542.dll!DispatchCheckVerify<void,<lambda_3467ca4911bf43993a6044c023a3de92> >() [D:\Unreal Engine\UE_4.27\Engine\Source\Runtime\Core\Public\Misc\AssertionMacros.h:165]
[2021.12.05-08.02.03:194][960]LogWindows: Error: [Callstack] 0x00007ffcd51d33c5 UE4Editor-Ophiuchus-3542.dll!AOphiuchusGameModeBase::SpawnEnemy() [D:\Game\Ophiuchus\Source\Ophiuchus\OphiuchusGameModeBase.cpp:29]
[2021.12.05-08.02.03:194][960]LogWindows: Error: [Callstack] 0x00007ffcf6659600 UE4Editor-Engine.dll!UnknownFunction []
[2021.12.05-08.02.03:194][960]LogWindows: Error: [Callstack] 0x00007ffcf6688109 UE4Editor-Engine.dll!UnknownFunction []
[2021.12.05-08.02.03:194][960]LogWindows: Error: [Callstack] 0x00007ffcf5d6f74d UE4Editor-Engine.dll!UnknownFunction []
[2021.12.05-08.02.03:194][960]LogWindows: Error: [Callstack] 0x00007ffd02eef1c3 UE4Editor-UnrealEd.dll!UnknownFunction []
[2021.12.05-08.02.03:194][960]LogWindows: Error: [Callstack] 0x00007ffd037f06e6 UE4Editor-UnrealEd.dll!UnknownFunction []
[2021.12.05-08.02.03:194][960]LogWindows: Error: [Callstack] 0x00007ff6d73887a0 UE4Editor.exe!UnknownFunction []
[2021.12.05-08.02.03:194][960]LogWindows: Error: [Callstack] 0x00007ff6d73a0fbc UE4Editor.exe!UnknownFunction []
[2021.12.05-08.02.03:194][960]LogWindows: Error: [Callstack] 0x00007ff6d73a10aa UE4Editor.exe!UnknownFunction []
[2021.12.05-08.02.03:194][960]LogWindows: Error: [Callstack] 0x00007ff6d73a40cd UE4Editor.exe!UnknownFunction []
[2021.12.05-08.02.03:194][960]LogWindows: Error: [Callstack] 0x00007ff6d73b5984 UE4Editor.exe!UnknownFunction []
[2021.12.05-08.02.03:194][960]LogWindows: Error: [Callstack] 0x00007ff6d73b853a UE4Editor.exe!UnknownFunction []
[2021.12.05-08.02.03:194][960]LogWindows: Error: [Callstack] 0x00007ffd9ac67034 KERNEL32.DLL!UnknownFunction []
[2021.12.05-08.02.03:194][960]LogWindows: Error: [Callstack] 0x00007ffd9b8e2651 ntdll.dll!UnknownFunction []
[2021.12.05-08.02.03:194][960]LogWindows: Error: 
[2021.12.05-08.02.03:229][960]LogExit: Executing StaticShutdownAfterError
[2021.12.05-08.02.03:231][960]LogWindows: FPlatformMisc::RequestExit(1)
[2021.12.05-08.02.03:231][960]LogWindows: FPlatformMisc::RequestExitWithStatus(1, 3)
[2021.12.05-08.02.03:231][960]LogCore: Engine exit requested (reason: Win RequestExit)
[2021.12.05-08.02.03:284][960]Log file closed, 12/05/21 03:02:03
